
 Performance counter stats for process id '97672':

             11.93 msec task-clock                       #    0.002 CPUs utilized             
               111      context-switches                 #    9.307 K/sec                     
                 2      cpu-migrations                   #  167.685 /sec                      
                 0      page-faults                      #    0.000 /sec                      
         5,816,372      cpu_atom/cycles/                 #    0.488 GHz                         (78.90%)
            41,117      cpu_core/cycles/                 #    0.003 GHz                         (0.84%)
         1,349,686      cpu_atom/instructions/           #    0.23  insn per cycle              (86.55%)
            11,403      cpu_core/instructions/           #    0.00  insn per cycle              (0.84%)
           247,576      cpu_atom/branches/               #   20.757 M/sec                       (89.19%)
             2,017      cpu_core/branches/               #  169.110 K/sec                       (0.84%)
            28,986      cpu_atom/branch-misses/          #   11.71% of all branches             (95.62%)
               223      cpu_core/branch-misses/          #    0.09% of all branches             (0.84%)
             TopdownL1 (cpu_core)                 #     12.9 %  tma_backend_bound      
                                                  #      6.8 %  tma_bad_speculation    
                                                  #     75.2 %  tma_frontend_bound     
                                                  #      5.1 %  tma_retiring             (0.84%)
             TopdownL1 (cpu_atom)                 #     33.9 %  tma_bad_speculation    
                                                  #      5.5 %  tma_retiring             (96.23%)
                                                  #     13.5 %  tma_backend_bound      
                                                  #     13.5 %  tma_backend_bound_aux  
                                                  #     47.0 %  tma_frontend_bound       (90.66%)

       5.018105975 seconds time elapsed

