2025-04-16 18:07:58,349 INFO o.a.j.u.JMeterUtils: Setting Locale to en_EN
2025-04-16 18:07:58,367 INFO o.a.j.JMeter: Loading user properties from: /opt/apache-jmeter-5.6.3/bin/user.properties
2025-04-16 18:07:58,368 INFO o.a.j.JMeter: Loading system properties from: /opt/apache-jmeter-5.6.3/bin/system.properties
2025-04-16 18:07:58,372 INFO o.a.j.JMeter: Copyright (c) 1998-2024 The Apache Software Foundation
2025-04-16 18:07:58,372 INFO o.a.j.JMeter: Version 5.6.3
2025-04-16 18:07:58,372 INFO o.a.j.JMeter: java.version=17.0.13
2025-04-16 18:07:58,373 INFO o.a.j.JMeter: java.vm.name=OpenJDK 64-Bit Server VM
2025-04-16 18:07:58,373 INFO o.a.j.JMeter: os.name=Linux
2025-04-16 18:07:58,373 INFO o.a.j.JMeter: os.arch=amd64
2025-04-16 18:07:58,373 INFO o.a.j.JMeter: os.version=6.6.0-84.0.0.89.oe2403sp1.x86_64
2025-04-16 18:07:58,373 INFO o.a.j.JMeter: file.encoding=UTF-8
2025-04-16 18:07:58,373 INFO o.a.j.JMeter: java.awt.headless=null
2025-04-16 18:07:58,373 INFO o.a.j.JMeter: Max memory     =1073741824
2025-04-16 18:07:58,373 INFO o.a.j.JMeter: Available Processors =8
2025-04-16 18:07:58,384 INFO o.a.j.JMeter: Default Locale=English (EN)
2025-04-16 18:07:58,384 INFO o.a.j.JMeter: JMeter  Locale=English (EN)
2025-04-16 18:07:58,385 INFO o.a.j.JMeter: JMeterHome=/opt/apache-jmeter-5.6.3
2025-04-16 18:07:58,385 INFO o.a.j.JMeter: user.dir  =/home/ale/Documents/PGDFS/gray-sentinel
2025-04-16 18:07:58,385 INFO o.a.j.JMeter: PWD       =/home/ale/Documents/PGDFS/gray-sentinel
2025-04-16 18:08:03,075 INFO o.a.j.JMeter: IP: 10.0.2.15 Name: vbox FullName: vbox
2025-04-16 18:08:03,088 INFO o.a.j.JMeter: Loaded icon properties from org/apache/jmeter/images/icon.properties
2025-04-16 18:08:03,265 INFO o.a.j.JMeterGuiLauncher: Setting LAF to: com.github.weisj.darklaf.DarkLaf:com.github.weisj.darklaf.theme.DarculaTheme
2025-04-16 18:08:04,104 WARN o.a.j.r.ClassFinder: Can not open the jar /opt/apache-jmeter-5.6.3/lib/ext/JMeterPlugins-Manager.jar, message: zip file is empty
java.util.zip.ZipException: zip file is empty
	at java.base/java.util.zip.ZipFile$Source.zerror(ZipFile.java:1776) ~[?:?]
	at java.base/java.util.zip.ZipFile$Source.findEND(ZipFile.java:1560) ~[?:?]
	at java.base/java.util.zip.ZipFile$Source.initCEN(ZipFile.java:1655) ~[?:?]
	at java.base/java.util.zip.ZipFile$Source.<init>(ZipFile.java:1493) ~[?:?]
	at java.base/java.util.zip.ZipFile$Source.get(ZipFile.java:1455) ~[?:?]
	at java.base/java.util.zip.ZipFile$CleanableResource.<init>(ZipFile.java:727) ~[?:?]
	at java.base/java.util.zip.ZipFile.<init>(ZipFile.java:253) ~[?:?]
	at java.base/java.util.zip.ZipFile.<init>(ZipFile.java:181) ~[?:?]
	at java.base/java.util.jar.JarFile.<init>(JarFile.java:346) ~[?:?]
	at java.base/java.util.jar.JarFile.<init>(JarFile.java:317) ~[?:?]
	at java.base/java.util.jar.JarFile.<init>(JarFile.java:283) ~[?:?]
	at org.apache.jorphan.reflect.ClassFinder.findClassesInOnePath(ClassFinder.java:478) [jorphan.jar:5.6.3]
	at org.apache.jorphan.reflect.ClassFinder.findClasses(ClassFinder.java:443) [jorphan.jar:5.6.3]
	at org.apache.jorphan.reflect.ClassFinder.findClassesThatExtend(ClassFinder.java:413) [jorphan.jar:5.6.3]
	at org.apache.jorphan.reflect.ClassFinder.findClassesThatExtend(ClassFinder.java:336) [jorphan.jar:5.6.3]
	at org.apache.jorphan.reflect.ClassFinder.findClassesThatExtend(ClassFinder.java:315) [jorphan.jar:5.6.3]
	at org.apache.jmeter.util.JMeterUtils.findClassesThatExtend(JMeterUtils.java:402) [ApacheJMeter_core.jar:5.6.3]
	at org.apache.jmeter.util.JMeterUtils.loadServicesAndScanJars(JMeterUtils.java:349) [ApacheJMeter_core.jar:5.6.3]
	at org.apache.jmeter.gui.action.ActionRouter.populateCommandMap(ActionRouter.java:318) [ApacheJMeter_core.jar:5.6.3]
	at org.apache.jmeter.JMeterGuiLauncher$startGuiInternal$2.invokeSuspend(JMeterGuiLauncher.kt:105) [ApacheJMeter_core.jar:5.6.3]
	at kotlin.coroutines.jvm.internal.BaseContinuationImpl.resumeWith(ContinuationImpl.kt:33) [kotlin-stdlib-1.9.22.jar:1.9.22-release-704]
	at kotlinx.coroutines.DispatchedTask.run(DispatchedTask.kt:108) [kotlinx-coroutines-core-jvm-1.7.3.jar:?]
	at kotlinx.coroutines.scheduling.CoroutineScheduler.runSafely(CoroutineScheduler.kt:584) [kotlinx-coroutines-core-jvm-1.7.3.jar:?]
	at kotlinx.coroutines.scheduling.CoroutineScheduler$Worker.executeTask(CoroutineScheduler.kt:793) [kotlinx-coroutines-core-jvm-1.7.3.jar:?]
	at kotlinx.coroutines.scheduling.CoroutineScheduler$Worker.runWorker(CoroutineScheduler.kt:697) [kotlinx-coroutines-core-jvm-1.7.3.jar:?]
	at kotlinx.coroutines.scheduling.CoroutineScheduler$Worker.run(CoroutineScheduler.kt:684) [kotlinx-coroutines-core-jvm-1.7.3.jar:?]
2025-04-16 18:08:04,114 WARN o.a.j.r.ClassFinder: Can not open the jar /opt/apache-jmeter-5.6.3/lib/ext/JMeterPlugins-Manager.jar, message: zip file is empty
java.util.zip.ZipException: zip file is empty
	at java.base/java.util.zip.ZipFile$Source.zerror(ZipFile.java:1776) ~[?:?]
	at java.base/java.util.zip.ZipFile$Source.findEND(ZipFile.java:1560) ~[?:?]
	at java.base/java.util.zip.ZipFile$Source.initCEN(ZipFile.java:1655) ~[?:?]
	at java.base/java.util.zip.ZipFile$Source.<init>(ZipFile.java:1493) ~[?:?]
	at java.base/java.util.zip.ZipFile$Source.get(ZipFile.java:1455) ~[?:?]
	at java.base/java.util.zip.ZipFile$CleanableResource.<init>(ZipFile.java:727) ~[?:?]
	at java.base/java.util.zip.ZipFile.<init>(ZipFile.java:253) ~[?:?]
	at java.base/java.util.zip.ZipFile.<init>(ZipFile.java:181) ~[?:?]
	at java.base/java.util.zip.ZipFile.<init>(ZipFile.java:195) ~[?:?]
	at org.apache.jorphan.reflect.ClassFinder.findClassesInOnePath(ClassFinder.java:496) [jorphan.jar:5.6.3]
	at org.apache.jorphan.reflect.ClassFinder.findClasses(ClassFinder.java:443) [jorphan.jar:5.6.3]
	at org.apache.jorphan.reflect.ClassFinder.findClassesThatExtend(ClassFinder.java:413) [jorphan.jar:5.6.3]
	at org.apache.jorphan.reflect.ClassFinder.findClassesThatExtend(ClassFinder.java:336) [jorphan.jar:5.6.3]
	at org.apache.jorphan.reflect.ClassFinder.findClassesThatExtend(ClassFinder.java:315) [jorphan.jar:5.6.3]
	at org.apache.jmeter.util.JMeterUtils.findClassesThatExtend(JMeterUtils.java:402) [ApacheJMeter_core.jar:5.6.3]
	at org.apache.jmeter.util.JMeterUtils.loadServicesAndScanJars(JMeterUtils.java:349) [ApacheJMeter_core.jar:5.6.3]
	at org.apache.jmeter.gui.action.ActionRouter.populateCommandMap(ActionRouter.java:318) [ApacheJMeter_core.jar:5.6.3]
	at org.apache.jmeter.JMeterGuiLauncher$startGuiInternal$2.invokeSuspend(JMeterGuiLauncher.kt:105) [ApacheJMeter_core.jar:5.6.3]
	at kotlin.coroutines.jvm.internal.BaseContinuationImpl.resumeWith(ContinuationImpl.kt:33) [kotlin-stdlib-1.9.22.jar:1.9.22-release-704]
	at kotlinx.coroutines.DispatchedTask.run(DispatchedTask.kt:108) [kotlinx-coroutines-core-jvm-1.7.3.jar:?]
	at kotlinx.coroutines.scheduling.CoroutineScheduler.runSafely(CoroutineScheduler.kt:584) [kotlinx-coroutines-core-jvm-1.7.3.jar:?]
	at kotlinx.coroutines.scheduling.CoroutineScheduler$Worker.executeTask(CoroutineScheduler.kt:793) [kotlinx-coroutines-core-jvm-1.7.3.jar:?]
	at kotlinx.coroutines.scheduling.CoroutineScheduler$Worker.runWorker(CoroutineScheduler.kt:697) [kotlinx-coroutines-core-jvm-1.7.3.jar:?]
	at kotlinx.coroutines.scheduling.CoroutineScheduler$Worker.run(CoroutineScheduler.kt:684) [kotlinx-coroutines-core-jvm-1.7.3.jar:?]
2025-04-16 18:08:04,114 INFO o.a.j.r.ClassFinder: Will scan jar /opt/apache-jmeter-5.6.3/lib/ext/jmeter-plugins-casutg-3.0.jar with filter ExtendsClassFilter [parents=[interface org.apache.jmeter.gui.action.Command], inner=false, contains=null, notContains=null]. Consider exposing JMeter plugins via META-INF/services, and add JMeter-Skip-Class-Scanning=true manifest attribute so JMeter can skip classfile scanning
2025-04-16 18:08:04,123 INFO o.a.j.r.ClassFinder: Will scan jar /opt/apache-jmeter-5.6.3/lib/ext/jmeter-plugins-manager.jar with filter ExtendsClassFilter [parents=[interface org.apache.jmeter.gui.action.Command], inner=false, contains=null, notContains=null]. Consider exposing JMeter plugins via META-INF/services, and add JMeter-Skip-Class-Scanning=true manifest attribute so JMeter can skip classfile scanning
2025-04-16 18:08:04,268 WARN o.a.j.r.ClassFinder: Can not open the jar /opt/apache-jmeter-5.6.3/lib/ext/JMeterPlugins-Manager.jar, message: zip file is empty
java.util.zip.ZipException: zip file is empty
	at java.base/java.util.zip.ZipFile$Source.zerror(ZipFile.java:1776) ~[?:?]
	at java.base/java.util.zip.ZipFile$Source.findEND(ZipFile.java:1560) ~[?:?]
	at java.base/java.util.zip.ZipFile$Source.initCEN(ZipFile.java:1655) ~[?:?]
	at java.base/java.util.zip.ZipFile$Source.<init>(ZipFile.java:1493) ~[?:?]
	at java.base/java.util.zip.ZipFile$Source.get(ZipFile.java:1455) ~[?:?]
	at java.base/java.util.zip.ZipFile$CleanableResource.<init>(ZipFile.java:727) ~[?:?]
	at java.base/java.util.zip.ZipFile.<init>(ZipFile.java:253) ~[?:?]
	at java.base/java.util.zip.ZipFile.<init>(ZipFile.java:181) ~[?:?]
	at java.base/java.util.jar.JarFile.<init>(JarFile.java:346) ~[?:?]
	at java.base/java.util.jar.JarFile.<init>(JarFile.java:317) ~[?:?]
	at java.base/java.util.jar.JarFile.<init>(JarFile.java:283) ~[?:?]
	at org.apache.jorphan.reflect.ClassFinder.findClassesInOnePath(ClassFinder.java:478) ~[jorphan.jar:5.6.3]
	at org.apache.jorphan.reflect.ClassFinder.findClasses(ClassFinder.java:443) ~[jorphan.jar:5.6.3]
	at org.apache.jorphan.reflect.ClassFinder.findClassesThatExtend(ClassFinder.java:413) ~[jorphan.jar:5.6.3]
	at org.apache.jorphan.reflect.ClassFinder.findClassesThatExtend(ClassFinder.java:336) ~[jorphan.jar:5.6.3]
	at org.apache.jorphan.reflect.ClassFinder.findClassesThatExtend(ClassFinder.java:315) ~[jorphan.jar:5.6.3]
	at org.apache.jmeter.util.JMeterUtils.findClassesThatExtend(JMeterUtils.java:402) ~[ApacheJMeter_core.jar:5.6.3]
	at org.apache.jmeter.util.JMeterUtils.loadServicesAndScanJars(JMeterUtils.java:349) ~[ApacheJMeter_core.jar:5.6.3]
	at org.apache.jmeter.gui.util.JMeterMenuBar.<init>(JMeterMenuBar.java:95) ~[ApacheJMeter_core.jar:5.6.3]
	at org.apache.jmeter.gui.MainFrame.init(MainFrame.java:519) ~[ApacheJMeter_core.jar:5.6.3]
	at org.apache.jmeter.gui.MainFrame.<init>(MainFrame.java:232) ~[ApacheJMeter_core.jar:5.6.3]
	at org.apache.jmeter.JMeterGuiLauncher.startGuiInternal(JMeterGuiLauncher.kt:112) ~[ApacheJMeter_core.jar:5.6.3]
	at org.apache.jmeter.JMeterGuiLauncher.access$startGuiInternal(JMeterGuiLauncher.kt:47) ~[ApacheJMeter_core.jar:5.6.3]
	at org.apache.jmeter.JMeterGuiLauncher$startGuiInternal$1.invokeSuspend(JMeterGuiLauncher.kt) ~[ApacheJMeter_core.jar:5.6.3]
	at kotlin.coroutines.jvm.internal.BaseContinuationImpl.resumeWith(ContinuationImpl.kt:33) ~[kotlin-stdlib-1.9.22.jar:1.9.22-release-704]
	at kotlinx.coroutines.DispatchedTask.run(DispatchedTask.kt:108) ~[kotlinx-coroutines-core-jvm-1.7.3.jar:?]
	at java.desktop/java.awt.event.InvocationEvent.dispatch(InvocationEvent.java:318) [?:?]
	at java.desktop/java.awt.EventQueue.dispatchEventImpl(EventQueue.java:773) [?:?]
	at java.desktop/java.awt.EventQueue$4.run(EventQueue.java:720) [?:?]
	at java.desktop/java.awt.EventQueue$4.run(EventQueue.java:714) [?:?]
	at java.base/java.security.AccessController.doPrivileged(AccessController.java:399) ~[?:?]
	at java.base/java.security.ProtectionDomain$JavaSecurityAccessImpl.doIntersectionPrivilege(ProtectionDomain.java:86) ~[?:?]
	at java.desktop/java.awt.EventQueue.dispatchEvent(EventQueue.java:742) ~[?:?]
	at java.desktop/java.awt.EventDispatchThread.pumpOneEventForFilters(EventDispatchThread.java:203) ~[?:?]
	at java.desktop/java.awt.EventDispatchThread.pumpEventsForFilter(EventDispatchThread.java:124) ~[?:?]
	at java.desktop/java.awt.EventDispatchThread.pumpEventsForFilter(EventDispatchThread.java:117) ~[?:?]
	at java.desktop/java.awt.WaitDispatchSupport$2.run(WaitDispatchSupport.java:191) ~[?:?]
	at java.desktop/java.awt.WaitDispatchSupport$4.run(WaitDispatchSupport.java:236) ~[?:?]
	at java.desktop/java.awt.WaitDispatchSupport$4.run(WaitDispatchSupport.java:234) ~[?:?]
	at java.base/java.security.AccessController.doPrivileged(AccessController.java:318) [?:?]
	at java.desktop/java.awt.WaitDispatchSupport.enter(WaitDispatchSupport.java:234) ~[?:?]
	at java.desktop/java.awt.Dialog.show(Dialog.java:1080) ~[?:?]
	at java.desktop/java.awt.Component.show(Component.java:1728) ~[?:?]
	at java.desktop/java.awt.Component.setVisible(Component.java:1675) ~[?:?]
	at java.desktop/java.awt.Window.setVisible(Window.java:1036) ~[?:?]
	at java.desktop/java.awt.Dialog.setVisible(Dialog.java:1016) ~[?:?]
	at org.apache.jmeter.SplashScreen.lambda$showScreen$0(SplashScreen.java:95) ~[ApacheJMeter_core.jar:5.6.3]
	at java.desktop/java.awt.event.InvocationEvent.dispatch(InvocationEvent.java:318) ~[?:?]
	at java.desktop/java.awt.EventQueue.dispatchEventImpl(EventQueue.java:773) ~[?:?]
	at java.desktop/java.awt.EventQueue$4.run(EventQueue.java:720) ~[?:?]
	at java.desktop/java.awt.EventQueue$4.run(EventQueue.java:714) ~[?:?]
	at java.base/java.security.AccessController.doPrivileged(AccessController.java:399) [?:?]
	at java.base/java.security.ProtectionDomain$JavaSecurityAccessImpl.doIntersectionPrivilege(ProtectionDomain.java:86) [?:?]
	at java.desktop/java.awt.EventQueue.dispatchEvent(EventQueue.java:742) [?:?]
	at java.desktop/java.awt.EventDispatchThread.pumpOneEventForFilters(EventDispatchThread.java:203) [?:?]
	at java.desktop/java.awt.EventDispatchThread.pumpEventsForFilter(EventDispatchThread.java:124) [?:?]
	at java.desktop/java.awt.EventDispatchThread.pumpEventsForHierarchy(EventDispatchThread.java:113) [?:?]
	at java.desktop/java.awt.EventDispatchThread.pumpEvents(EventDispatchThread.java:109) [?:?]
	at java.desktop/java.awt.EventDispatchThread.pumpEvents(EventDispatchThread.java:101) [?:?]
	at java.desktop/java.awt.EventDispatchThread.run(EventDispatchThread.java:90) [?:?]
2025-04-16 18:08:04,270 WARN o.a.j.r.ClassFinder: Can not open the jar /opt/apache-jmeter-5.6.3/lib/ext/JMeterPlugins-Manager.jar, message: zip file is empty
java.util.zip.ZipException: zip file is empty
	at java.base/java.util.zip.ZipFile$Source.zerror(ZipFile.java:1776) ~[?:?]
	at java.base/java.util.zip.ZipFile$Source.findEND(ZipFile.java:1560) ~[?:?]
	at java.base/java.util.zip.ZipFile$Source.initCEN(ZipFile.java:1655) ~[?:?]
	at java.base/java.util.zip.ZipFile$Source.<init>(ZipFile.java:1493) ~[?:?]
	at java.base/java.util.zip.ZipFile$Source.get(ZipFile.java:1455) ~[?:?]
	at java.base/java.util.zip.ZipFile$CleanableResource.<init>(ZipFile.java:727) ~[?:?]
	at java.base/java.util.zip.ZipFile.<init>(ZipFile.java:253) ~[?:?]
	at java.base/java.util.zip.ZipFile.<init>(ZipFile.java:181) ~[?:?]
	at java.base/java.util.zip.ZipFile.<init>(ZipFile.java:195) ~[?:?]
	at org.apache.jorphan.reflect.ClassFinder.findClassesInOnePath(ClassFinder.java:496) ~[jorphan.jar:5.6.3]
	at org.apache.jorphan.reflect.ClassFinder.findClasses(ClassFinder.java:443) ~[jorphan.jar:5.6.3]
	at org.apache.jorphan.reflect.ClassFinder.findClassesThatExtend(ClassFinder.java:413) ~[jorphan.jar:5.6.3]
	at org.apache.jorphan.reflect.ClassFinder.findClassesThatExtend(ClassFinder.java:336) ~[jorphan.jar:5.6.3]
	at org.apache.jorphan.reflect.ClassFinder.findClassesThatExtend(ClassFinder.java:315) ~[jorphan.jar:5.6.3]
	at org.apache.jmeter.util.JMeterUtils.findClassesThatExtend(JMeterUtils.java:402) ~[ApacheJMeter_core.jar:5.6.3]
	at org.apache.jmeter.util.JMeterUtils.loadServicesAndScanJars(JMeterUtils.java:349) ~[ApacheJMeter_core.jar:5.6.3]
	at org.apache.jmeter.gui.util.JMeterMenuBar.<init>(JMeterMenuBar.java:95) ~[ApacheJMeter_core.jar:5.6.3]
	at org.apache.jmeter.gui.MainFrame.init(MainFrame.java:519) ~[ApacheJMeter_core.jar:5.6.3]
	at org.apache.jmeter.gui.MainFrame.<init>(MainFrame.java:232) ~[ApacheJMeter_core.jar:5.6.3]
	at org.apache.jmeter.JMeterGuiLauncher.startGuiInternal(JMeterGuiLauncher.kt:112) ~[ApacheJMeter_core.jar:5.6.3]
	at org.apache.jmeter.JMeterGuiLauncher.access$startGuiInternal(JMeterGuiLauncher.kt:47) ~[ApacheJMeter_core.jar:5.6.3]
	at org.apache.jmeter.JMeterGuiLauncher$startGuiInternal$1.invokeSuspend(JMeterGuiLauncher.kt) ~[ApacheJMeter_core.jar:5.6.3]
	at kotlin.coroutines.jvm.internal.BaseContinuationImpl.resumeWith(ContinuationImpl.kt:33) ~[kotlin-stdlib-1.9.22.jar:1.9.22-release-704]
	at kotlinx.coroutines.DispatchedTask.run(DispatchedTask.kt:108) ~[kotlinx-coroutines-core-jvm-1.7.3.jar:?]
	at java.desktop/java.awt.event.InvocationEvent.dispatch(InvocationEvent.java:318) [?:?]
	at java.desktop/java.awt.EventQueue.dispatchEventImpl(EventQueue.java:773) [?:?]
	at java.desktop/java.awt.EventQueue$4.run(EventQueue.java:720) [?:?]
	at java.desktop/java.awt.EventQueue$4.run(EventQueue.java:714) [?:?]
	at java.base/java.security.AccessController.doPrivileged(AccessController.java:399) ~[?:?]
	at java.base/java.security.ProtectionDomain$JavaSecurityAccessImpl.doIntersectionPrivilege(ProtectionDomain.java:86) ~[?:?]
	at java.desktop/java.awt.EventQueue.dispatchEvent(EventQueue.java:742) ~[?:?]
	at java.desktop/java.awt.EventDispatchThread.pumpOneEventForFilters(EventDispatchThread.java:203) ~[?:?]
	at java.desktop/java.awt.EventDispatchThread.pumpEventsForFilter(EventDispatchThread.java:124) ~[?:?]
	at java.desktop/java.awt.EventDispatchThread.pumpEventsForFilter(EventDispatchThread.java:117) ~[?:?]
	at java.desktop/java.awt.WaitDispatchSupport$2.run(WaitDispatchSupport.java:191) ~[?:?]
	at java.desktop/java.awt.WaitDispatchSupport$4.run(WaitDispatchSupport.java:236) ~[?:?]
	at java.desktop/java.awt.WaitDispatchSupport$4.run(WaitDispatchSupport.java:234) ~[?:?]
	at java.base/java.security.AccessController.doPrivileged(AccessController.java:318) [?:?]
	at java.desktop/java.awt.WaitDispatchSupport.enter(WaitDispatchSupport.java:234) ~[?:?]
	at java.desktop/java.awt.Dialog.show(Dialog.java:1080) ~[?:?]
	at java.desktop/java.awt.Component.show(Component.java:1728) ~[?:?]
	at java.desktop/java.awt.Component.setVisible(Component.java:1675) ~[?:?]
	at java.desktop/java.awt.Window.setVisible(Window.java:1036) ~[?:?]
	at java.desktop/java.awt.Dialog.setVisible(Dialog.java:1016) ~[?:?]
	at org.apache.jmeter.SplashScreen.lambda$showScreen$0(SplashScreen.java:95) ~[ApacheJMeter_core.jar:5.6.3]
	at java.desktop/java.awt.event.InvocationEvent.dispatch(InvocationEvent.java:318) ~[?:?]
	at java.desktop/java.awt.EventQueue.dispatchEventImpl(EventQueue.java:773) ~[?:?]
	at java.desktop/java.awt.EventQueue$4.run(EventQueue.java:720) ~[?:?]
	at java.desktop/java.awt.EventQueue$4.run(EventQueue.java:714) ~[?:?]
	at java.base/java.security.AccessController.doPrivileged(AccessController.java:399) [?:?]
	at java.base/java.security.ProtectionDomain$JavaSecurityAccessImpl.doIntersectionPrivilege(ProtectionDomain.java:86) [?:?]
	at java.desktop/java.awt.EventQueue.dispatchEvent(EventQueue.java:742) [?:?]
	at java.desktop/java.awt.EventDispatchThread.pumpOneEventForFilters(EventDispatchThread.java:203) [?:?]
	at java.desktop/java.awt.EventDispatchThread.pumpEventsForFilter(EventDispatchThread.java:124) [?:?]
	at java.desktop/java.awt.EventDispatchThread.pumpEventsForHierarchy(EventDispatchThread.java:113) [?:?]
	at java.desktop/java.awt.EventDispatchThread.pumpEvents(EventDispatchThread.java:109) [?:?]
	at java.desktop/java.awt.EventDispatchThread.pumpEvents(EventDispatchThread.java:101) [?:?]
	at java.desktop/java.awt.EventDispatchThread.run(EventDispatchThread.java:90) [?:?]
2025-04-16 18:08:04,274 INFO o.a.j.r.ClassFinder: Will scan jar /opt/apache-jmeter-5.6.3/lib/ext/jmeter-plugins-casutg-3.0.jar with filter ExtendsClassFilter [parents=[interface org.apache.jmeter.gui.plugin.MenuCreator], inner=false, contains=null, notContains=null]. Consider exposing JMeter plugins via META-INF/services, and add JMeter-Skip-Class-Scanning=true manifest attribute so JMeter can skip classfile scanning
2025-04-16 18:08:04,276 INFO o.a.j.r.ClassFinder: Will scan jar /opt/apache-jmeter-5.6.3/lib/ext/jmeter-plugins-manager.jar with filter ExtendsClassFilter [parents=[interface org.apache.jmeter.gui.plugin.MenuCreator], inner=false, contains=null, notContains=null]. Consider exposing JMeter plugins via META-INF/services, and add JMeter-Skip-Class-Scanning=true manifest attribute so JMeter can skip classfile scanning
2025-04-16 18:08:04,380 INFO o.j.r.JARSourceHTTP: Found cached repo
2025-04-16 18:08:04,651 INFO o.j.r.PluginManager: Plugins Status: [jpgc-casutg=3.0, jpgc-plugins-manager=plugins-manager, jmeter-core=5.6.3, jmeter-ftp=5.6.3, jmeter-http=5.6.3, jmeter-jdbc=5.6.3, jmeter-jms=5.6.3, jmeter-junit=5.6.3, jmeter-java=5.6.3, jmeter-ldap=5.6.3, jmeter-mail=5.6.3, jmeter-mongodb=5.6.3, jmeter-native=5.6.3, jmeter-tcp=5.6.3, jmeter-components=5.6.3]
2025-04-16 18:08:05,986 WARN o.a.j.r.ClassFinder: Can not open the jar /opt/apache-jmeter-5.6.3/lib/ext/JMeterPlugins-Manager.jar, message: zip file is empty
java.util.zip.ZipException: zip file is empty
	at java.base/java.util.zip.ZipFile$Source.zerror(ZipFile.java:1776) ~[?:?]
	at java.base/java.util.zip.ZipFile$Source.findEND(ZipFile.java:1560) ~[?:?]
	at java.base/java.util.zip.ZipFile$Source.initCEN(ZipFile.java:1655) ~[?:?]
	at java.base/java.util.zip.ZipFile$Source.<init>(ZipFile.java:1493) ~[?:?]
	at java.base/java.util.zip.ZipFile$Source.get(ZipFile.java:1455) ~[?:?]
	at java.base/java.util.zip.ZipFile$CleanableResource.<init>(ZipFile.java:727) ~[?:?]
	at java.base/java.util.zip.ZipFile.<init>(ZipFile.java:253) ~[?:?]
	at java.base/java.util.zip.ZipFile.<init>(ZipFile.java:181) ~[?:?]
	at java.base/java.util.zip.ZipFile.<init>(ZipFile.java:195) ~[?:?]
	at org.apache.jorphan.reflect.ClassFinder.findClassesInOnePath(ClassFinder.java:496) ~[jorphan.jar:5.6.3]
	at org.apache.jorphan.reflect.ClassFinder.findClasses(ClassFinder.java:443) ~[jorphan.jar:5.6.3]
	at org.apache.jorphan.reflect.ClassFinder.findClassesThatExtend(ClassFinder.java:413) ~[jorphan.jar:5.6.3]
	at org.apache.jorphan.reflect.ClassFinder.findClassesThatExtend(ClassFinder.java:336) ~[jorphan.jar:5.6.3]
	at org.apache.jorphan.reflect.ClassFinder.findClassesThatExtend(ClassFinder.java:315) ~[jorphan.jar:5.6.3]
	at org.apache.jorphan.reflect.ClassFinder.findClassesThatExtend(ClassFinder.java:282) ~[jorphan.jar:5.6.3]
	at org.apache.jmeter.gui.util.MenuFactory.initializeMenus(MenuFactory.java:136) ~[ApacheJMeter_core.jar:5.6.3]
	at org.apache.jmeter.gui.util.MenuFactory.<clinit>(MenuFactory.java:108) ~[ApacheJMeter_core.jar:5.6.3]
	at org.apache.jmeter.control.gui.TestPlanGui.createPopupMenu(TestPlanGui.java:109) ~[ApacheJMeter_core.jar:5.6.3]
	at org.apache.jmeter.gui.tree.JMeterTreeNode.createPopupMenu(JMeterTreeNode.java:184) ~[ApacheJMeter_core.jar:5.6.3]
	at org.apache.jmeter.gui.action.EditCommand.doAction(EditCommand.java:49) ~[ApacheJMeter_core.jar:5.6.3]
	at org.apache.jmeter.gui.action.ActionRouter.performAction(ActionRouter.java:83) ~[ApacheJMeter_core.jar:5.6.3]
	at org.apache.jmeter.gui.action.ActionRouter.lambda$actionPerformed$0(ActionRouter.java:65) ~[ApacheJMeter_core.jar:5.6.3]
	at java.desktop/java.awt.event.InvocationEvent.dispatch(InvocationEvent.java:318) [?:?]
	at java.desktop/java.awt.EventQueue.dispatchEventImpl(EventQueue.java:773) [?:?]
	at java.desktop/java.awt.EventQueue$4.run(EventQueue.java:720) [?:?]
	at java.desktop/java.awt.EventQueue$4.run(EventQueue.java:714) [?:?]
	at java.base/java.security.AccessController.doPrivileged(AccessController.java:399) ~[?:?]
	at java.base/java.security.ProtectionDomain$JavaSecurityAccessImpl.doIntersectionPrivilege(ProtectionDomain.java:86) ~[?:?]
	at java.desktop/java.awt.EventQueue.dispatchEvent(EventQueue.java:742) ~[?:?]
	at java.desktop/java.awt.EventDispatchThread.pumpOneEventForFilters(EventDispatchThread.java:203) ~[?:?]
	at java.desktop/java.awt.EventDispatchThread.pumpEventsForFilter(EventDispatchThread.java:124) ~[?:?]
	at java.desktop/java.awt.EventDispatchThread.pumpEventsForFilter(EventDispatchThread.java:117) ~[?:?]
	at java.desktop/java.awt.WaitDispatchSupport$2.run(WaitDispatchSupport.java:191) ~[?:?]
	at java.desktop/java.awt.WaitDispatchSupport$4.run(WaitDispatchSupport.java:236) ~[?:?]
	at java.desktop/java.awt.WaitDispatchSupport$4.run(WaitDispatchSupport.java:234) ~[?:?]
	at java.base/java.security.AccessController.doPrivileged(AccessController.java:318) [?:?]
	at java.desktop/java.awt.WaitDispatchSupport.enter(WaitDispatchSupport.java:234) ~[?:?]
	at java.desktop/java.awt.Dialog.show(Dialog.java:1080) ~[?:?]
	at java.desktop/java.awt.Component.show(Component.java:1728) ~[?:?]
	at java.desktop/java.awt.Component.setVisible(Component.java:1675) ~[?:?]
	at java.desktop/java.awt.Window.setVisible(Window.java:1036) ~[?:?]
	at java.desktop/java.awt.Dialog.setVisible(Dialog.java:1016) ~[?:?]
	at org.apache.jmeter.SplashScreen.lambda$showScreen$0(SplashScreen.java:95) ~[ApacheJMeter_core.jar:5.6.3]
	at java.desktop/java.awt.event.InvocationEvent.dispatch(InvocationEvent.java:318) ~[?:?]
	at java.desktop/java.awt.EventQueue.dispatchEventImpl(EventQueue.java:773) ~[?:?]
	at java.desktop/java.awt.EventQueue$4.run(EventQueue.java:720) ~[?:?]
	at java.desktop/java.awt.EventQueue$4.run(EventQueue.java:714) ~[?:?]
	at java.base/java.security.AccessController.doPrivileged(AccessController.java:399) [?:?]
	at java.base/java.security.ProtectionDomain$JavaSecurityAccessImpl.doIntersectionPrivilege(ProtectionDomain.java:86) [?:?]
	at java.desktop/java.awt.EventQueue.dispatchEvent(EventQueue.java:742) [?:?]
	at java.desktop/java.awt.EventDispatchThread.pumpOneEventForFilters(EventDispatchThread.java:203) [?:?]
	at java.desktop/java.awt.EventDispatchThread.pumpEventsForFilter(EventDispatchThread.java:124) [?:?]
	at java.desktop/java.awt.EventDispatchThread.pumpEventsForHierarchy(EventDispatchThread.java:113) [?:?]
	at java.desktop/java.awt.EventDispatchThread.pumpEvents(EventDispatchThread.java:109) [?:?]
	at java.desktop/java.awt.EventDispatchThread.pumpEvents(EventDispatchThread.java:101) [?:?]
	at java.desktop/java.awt.EventDispatchThread.run(EventDispatchThread.java:90) [?:?]
