SLF4J: Class path contains multiple SLF4J bindings.
SLF4J: Found binding in [jar:file:/home/alessandro/PGFDS/zookeeper/zookeeper-server/target/lib/slf4j-log4j12-1.7.25.jar!/org/slf4j/impl/StaticLoggerBinder.class]
SLF4J: Found binding in [jar:file:/home/alessandro/PGFDS/zookeeper/lib/slf4j-log4j12-1.7.25.jar!/org/slf4j/impl/StaticLoggerBinder.class]
SLF4J: See http://www.slf4j.org/codes.html#multiple_bindings for an explanation.
SLF4J: Actual binding is of type [org.slf4j.impl.Log4jLoggerFactory]
2025-02-28 22:20:48,965 [myid:] - INFO  [main:LegolasAgent@94] - My host process's pid is 216518
2025-02-28 22:20:48,967 [myid:] - WARN  [main:LegolasAgentConfig@86] - No configuration file for the agent found, use default configs
2025-02-28 22:20:48,967 [myid:] - INFO  [main:LegolasAgent@102] - Trying to register with the orchestrator
2025-02-28 22:20:49,002 [myid:] - INFO  [main:LegolasAgent@111] - Registered LegolasAgent with the orchestrator server and get server id 1
2025-02-28 22:20:49,007 [myid:] - INFO  [main:ExceptionTable@66] - Exception instance table initialized
2025-02-28 22:20:49,007 [myid:] - INFO  [main:LegolasAgent@440] - LegolasAgent init: server id = 1
2025-02-28 22:20:49,018 [myid:] - INFO  [main:QuorumPeerConfig@174] - Reading configuration from: /home/alessandro/PGFDS/legolas/workspace/legolas-zk/conf-1/zoo.cfg
2025-02-28 22:20:49,036 [myid:] - INFO  [main:QuorumPeerConfig@460] - clientPortAddress is 0.0.0.0:10712
2025-02-28 22:20:49,036 [myid:] - INFO  [main:QuorumPeerConfig@464] - secureClientPort is not set
2025-02-28 22:20:49,036 [myid:] - INFO  [main:QuorumPeerConfig@480] - observerMasterPort is not set
2025-02-28 22:20:49,036 [myid:] - INFO  [main:QuorumPeerConfig@497] - metricsProvider.className is org.apache.zookeeper.metrics.impl.DefaultMetricsProvider
2025-02-28 22:20:49,043 [myid:1] - INFO  [main:DatadirCleanupManager@78] - autopurge.snapRetainCount set to 3
2025-02-28 22:20:49,043 [myid:1] - INFO  [main:DatadirCleanupManager@79] - autopurge.purgeInterval set to 0
2025-02-28 22:20:49,043 [myid:1] - INFO  [main:DatadirCleanupManager@101] - Purge task is not scheduled.
2025-02-28 22:20:49,047 [myid:1] - INFO  [main:ManagedUtil@44] - Log4j 1.2 jmx support found and enabled.
2025-02-28 22:20:49,051 [myid:1] - INFO  [main:QuorumPeerMain@151] - Starting quorum peer, myid=1
2025-02-28 22:20:49,056 [myid:1] - INFO  [main:ServerMetrics@62] - ServerMetrics initialized with provider org.apache.zookeeper.metrics.impl.DefaultMetricsProvider@51efea79
2025-02-28 22:20:49,064 [myid:1] - INFO  [main:ServerCnxnFactory@169] - Using org.apache.zookeeper.server.NIOServerCnxnFactory as server connection factory
2025-02-28 22:20:49,067 [myid:1] - WARN  [main:ServerCnxnFactory@309] - maxCnxns is not configured, using default value 0.
2025-02-28 22:20:49,068 [myid:1] - INFO  [main:NIOServerCnxnFactory@666] - Configuring NIO connection handler with 10s sessionless connection timeout, 2 selector thread(s), 24 worker threads, and 64 kB direct buffers.
2025-02-28 22:20:49,076 [myid:1] - INFO  [main:NIOServerCnxnFactory@674] - binding to port 0.0.0.0/0.0.0.0:10712
2025-02-28 22:20:49,084 [myid:1] - INFO  [main:QuorumPeer@752] - zookeeper.quorumCnxnTimeoutMs=-1
2025-02-28 22:20:49,096 [myid:1] - INFO  [main:Log@169] - Logging initialized @350ms to org.eclipse.jetty.util.log.Slf4jLog
2025-02-28 22:20:49,163 [myid:1] - WARN  [main:ContextHandler@1520] - o.e.j.s.ServletContextHandler@7403c468{/,null,UNAVAILABLE} contextPath ends with /*
2025-02-28 22:20:49,163 [myid:1] - WARN  [main:ContextHandler@1531] - Empty contextPath
2025-02-28 22:20:49,180 [myid:1] - INFO  [main:X509Util@77] - Setting -D jdk.tls.rejectClientInitiatedRenegotiation=true to disable client-initiated TLS renegotiation
2025-02-28 22:20:49,182 [myid:1] - INFO  [main:FileTxnSnapLog@124] - zookeeper.snapshot.trust.empty : false
2025-02-28 22:20:49,185 [myid:1] - INFO  [main:QuorumPeer@1683] - Local sessions disabled
2025-02-28 22:20:49,185 [myid:1] - INFO  [main:QuorumPeer@1694] - Local session upgrading disabled
2025-02-28 22:20:49,185 [myid:1] - INFO  [main:QuorumPeer@1661] - tickTime set to 2000
2025-02-28 22:20:49,185 [myid:1] - INFO  [main:QuorumPeer@1705] - minSessionTimeout set to 4000
2025-02-28 22:20:49,185 [myid:1] - INFO  [main:QuorumPeer@1716] - maxSessionTimeout set to 40000
2025-02-28 22:20:49,185 [myid:1] - INFO  [main:QuorumPeer@1741] - initLimit set to 10
2025-02-28 22:20:49,185 [myid:1] - INFO  [main:QuorumPeer@1928] - syncLimit set to 5
2025-02-28 22:20:49,186 [myid:1] - INFO  [main:QuorumPeer@1943] - connectToLearnerMasterLimit set to 0
2025-02-28 22:20:49,194 [myid:1] - INFO  [main:ZookeeperBanner@42] - 
2025-02-28 22:20:49,194 [myid:1] - INFO  [main:ZookeeperBanner@42] -   ______                  _                                          
2025-02-28 22:20:49,194 [myid:1] - INFO  [main:ZookeeperBanner@42] -  |___  /                 | |                                         
2025-02-28 22:20:49,194 [myid:1] - INFO  [main:ZookeeperBanner@42] -     / /    ___     ___   | | __   ___    ___   _ __     ___   _ __   
2025-02-28 22:20:49,194 [myid:1] - INFO  [main:ZookeeperBanner@42] -    / /    / _ \   / _ \  | |/ /  / _ \  / _ \ | '_ \   / _ \ | '__|
2025-02-28 22:20:49,194 [myid:1] - INFO  [main:ZookeeperBanner@42] -   / /__  | (_) | | (_) | |   <  |  __/ |  __/ | |_) | |  __/ | |    
2025-02-28 22:20:49,194 [myid:1] - INFO  [main:ZookeeperBanner@42] -  /_____|  \___/   \___/  |_|\_\  \___|  \___| | .__/   \___| |_|
2025-02-28 22:20:49,195 [myid:1] - INFO  [main:ZookeeperBanner@42] -                                               | |                     
2025-02-28 22:20:49,195 [myid:1] - INFO  [main:ZookeeperBanner@42] -                                               |_|                     
2025-02-28 22:20:49,195 [myid:1] - INFO  [main:ZookeeperBanner@42] - 
2025-02-28 22:20:49,196 [myid:1] - INFO  [main:Environment@98] - Server environment:zookeeper.version=3.6.2--7f25319fcbc89ee690ec5bf52a4d7e38c90fb5f7-dirty, built on 02/28/2025 21:20 GMT
2025-02-28 22:20:49,197 [myid:1] - INFO  [main:Environment@98] - Server environment:host.name=alessandro-HP-Pavilion-Laptop-15-eg2xxx
2025-02-28 22:20:49,197 [myid:1] - INFO  [main:Environment@98] - Server environment:java.version=1.8.0_442
2025-02-28 22:20:49,197 [myid:1] - INFO  [main:Environment@98] - Server environment:java.vendor=Private Build
2025-02-28 22:20:49,197 [myid:1] - INFO  [main:Environment@98] - Server environment:java.home=/usr/lib/jvm/java-8-openjdk-amd64/jre
2025-02-28 22:20:49,197 [myid:1] - INFO  [main:Environment@98] - Server environment:java.class.path=/home/alessandro/PGFDS/zookeeper/bin/../zookeeper-server/target/classes:/home/alessandro/PGFDS/zookeeper/bin/../build/classes:/home/alessandro/PGFDS/zookeeper/bin/../zookeeper-server/target/lib/zookeeper-jute-3.6.2.jar:/home/alessandro/PGFDS/zookeeper/bin/../zookeeper-server/target/lib/token-provider-2.0.0.jar:/home/alessandro/PGFDS/zookeeper/bin/../zookeeper-server/target/lib/spotbugs-annotations-4.0.2.jar:/home/alessandro/PGFDS/zookeeper/bin/../zookeeper-server/target/lib/snappy-java-1.1.7.jar:/home/alessandro/PGFDS/zookeeper/bin/../zookeeper-server/target/lib/slf4j-log4j12-1.7.25.jar:/home/alessandro/PGFDS/zookeeper/bin/../zookeeper-server/target/lib/slf4j-api-1.7.25.jar:/home/alessandro/PGFDS/zookeeper/bin/../zookeeper-server/target/lib/objenesis-2.6.jar:/home/alessandro/PGFDS/zookeeper/bin/../zookeeper-server/target/lib/nimbus-jose-jwt-4.41.2.jar:/home/alessandro/PGFDS/zookeeper/bin/../zookeeper-server/target/lib/netty-transport-native-unix-common-4.1.50.Final.jar:/home/alessandro/PGFDS/zookeeper/bin/../zookeeper-server/target/lib/netty-transport-native-epoll-4.1.50.Final.jar:/home/alessandro/PGFDS/zookeeper/bin/../zookeeper-server/target/lib/netty-transport-4.1.50.Final.jar:/home/alessandro/PGFDS/zookeeper/bin/../zookeeper-server/target/lib/netty-resolver-4.1.50.Final.jar:/home/alessandro/PGFDS/zookeeper/bin/../zookeeper-server/target/lib/netty-handler-4.1.50.Final.jar:/home/alessandro/PGFDS/zookeeper/bin/../zookeeper-server/target/lib/netty-common-4.1.50.Final.jar:/home/alessandro/PGFDS/zookeeper/bin/../zookeeper-server/target/lib/netty-codec-4.1.50.Final.jar:/home/alessandro/PGFDS/zookeeper/bin/../zookeeper-server/target/lib/netty-buffer-4.1.50.Final.jar:/home/alessandro/PGFDS/zookeeper/bin/../zookeeper-server/target/lib/mockito-core-2.27.0.jar:/home/alessandro/PGFDS/zookeeper/bin/../zookeeper-server/target/lib/metrics-core-3.2.5.jar:/home/alessandro/PGFDS/zookeeper/bin/../zookeeper-server/target/lib/log4j-1.2.17.jar:/home/alessandro/PGFDS/zookeeper/bin/../zookeeper-server/target/lib/kerby-xdr-2.0.0.jar:/home/alessandro/PGFDS/zookeeper/bin/../zookeeper-server/target/lib/kerby-util-2.0.0.jar:/home/alessandro/PGFDS/zookeeper/bin/../zookeeper-server/target/lib/kerby-pkix-2.0.0.jar:/home/alessandro/PGFDS/zookeeper/bin/../zookeeper-server/target/lib/kerby-config-2.0.0.jar:/home/alessandro/PGFDS/zookeeper/bin/../zookeeper-server/target/lib/kerby-asn1-2.0.0.jar:/home/alessandro/PGFDS/zookeeper/bin/../zookeeper-server/target/lib/kerb-util-2.0.0.jar:/home/alessandro/PGFDS/zookeeper/bin/../zookeeper-server/target/lib/kerb-simplekdc-2.0.0.jar:/home/alessandro/PGFDS/zookeeper/bin/../zookeeper-server/target/lib/kerb-server-2.0.0.jar:/home/alessandro/PGFDS/zookeeper/bin/../zookeeper-server/target/lib/kerb-identity-2.0.0.jar:/home/alessandro/PGFDS/zookeeper/bin/../zookeeper-server/target/lib/kerb-crypto-2.0.0.jar:/home/alessandro/PGFDS/zookeeper/bin/../zookeeper-server/target/lib/kerb-core-2.0.0.jar:/home/alessandro/PGFDS/zookeeper/bin/../zookeeper-server/target/lib/kerb-common-2.0.0.jar:/home/alessandro/PGFDS/zookeeper/bin/../zookeeper-server/target/lib/kerb-client-2.0.0.jar:/home/alessandro/PGFDS/zookeeper/bin/../zookeeper-server/target/lib/kerb-admin-2.0.0.jar:/home/alessandro/PGFDS/zookeeper/bin/../zookeeper-server/target/lib/junit-4.12.jar:/home/alessandro/PGFDS/zookeeper/bin/../zookeeper-server/target/lib/jsr305-3.0.2.jar:/home/alessandro/PGFDS/zookeeper/bin/../zookeeper-server/target/lib/json-smart-2.3.jar:/home/alessandro/PGFDS/zookeeper/bin/../zookeeper-server/target/lib/json-simple-1.1.1.jar:/home/alessandro/PGFDS/zookeeper/bin/../zookeeper-server/target/lib/jmockit-1.48.jar:/home/alessandro/PGFDS/zookeeper/bin/../zookeeper-server/target/lib/jline-2.14.6.jar:/home/alessandro/PGFDS/zookeeper/bin/../zookeeper-server/target/lib/jetty-util-9.4.24.v20191120.jar:/home/alessandro/PGFDS/zookeeper/bin/../zookeeper-server/target/lib/jetty-servlet-9.4.24.v20191120.jar:/home/alessandro/PGFDS/zookeeper/bin/../zookeeper-server/target/lib/jetty-server-9.4.24.v20191120.jar:/home/alessandro/PGFDS/zookeeper/bin/../zookeeper-server/target/lib/jetty-security-9.4.24.v20191120.jar:/home/alessandro/PGFDS/zookeeper/bin/../zookeeper-server/target/lib/jetty-io-9.4.24.v20191120.jar:/home/alessandro/PGFDS/zookeeper/bin/../zookeeper-server/target/lib/jetty-http-9.4.24.v20191120.jar:/home/alessandro/PGFDS/zookeeper/bin/../zookeeper-server/target/lib/jcip-annotations-1.0-1.jar:/home/alessandro/PGFDS/zookeeper/bin/../zookeeper-server/target/lib/javax.servlet-api-3.1.0.jar:/home/alessandro/PGFDS/zookeeper/bin/../zookeeper-server/target/lib/jackson-databind-2.10.3.jar:/home/alessandro/PGFDS/zookeeper/bin/../zookeeper-server/target/lib/jackson-core-2.10.3.jar:/home/alessandro/PGFDS/zookeeper/bin/../zookeeper-server/target/lib/jackson-annotations-2.10.3.jar:/home/alessandro/PGFDS/zookeeper/bin/../zookeeper-server/target/lib/hamcrest-core-1.3.jar:/home/alessandro/PGFDS/zookeeper/bin/../zookeeper-server/target/lib/hamcrest-all-1.3.jar:/home/alessandro/PGFDS/zookeeper/bin/../zookeeper-server/target/lib/commons-lang-2.6.jar:/home/alessandro/PGFDS/zookeeper/bin/../zookeeper-server/target/lib/commons-io-2.6.jar:/home/alessandro/PGFDS/zookeeper/bin/../zookeeper-server/target/lib/commons-collections-3.2.2.jar:/home/alessandro/PGFDS/zookeeper/bin/../zookeeper-server/target/lib/commons-cli-1.2.jar:/home/alessandro/PGFDS/zookeeper/bin/../zookeeper-server/target/lib/byte-buddy-agent-1.9.10.jar:/home/alessandro/PGFDS/zookeeper/bin/../zookeeper-server/target/lib/byte-buddy-1.9.10.jar:/home/alessandro/PGFDS/zookeeper/bin/../zookeeper-server/target/lib/bcprov-jdk15on-1.60.jar:/home/alessandro/PGFDS/zookeeper/bin/../zookeeper-server/target/lib/bcpkix-jdk15on-1.60.jar:/home/alessandro/PGFDS/zookeeper/bin/../zookeeper-server/target/lib/audience-annotations-0.5.0.jar:/home/alessandro/PGFDS/zookeeper/bin/../zookeeper-server/target/lib/asm-5.0.4.jar:/home/alessandro/PGFDS/zookeeper/bin/../zookeeper-server/target/lib/accessors-smart-1.2.jar:/home/alessandro/PGFDS/zookeeper/bin/../build/lib/*.jar:/home/alessandro/PGFDS/zookeeper/bin/../lib/zookeeper-prometheus-metrics-3.6.2.jar:/home/alessandro/PGFDS/zookeeper/bin/../lib/zookeeper-jute-3.6.2.jar:/home/alessandro/PGFDS/zookeeper/bin/../lib/zookeeper-3.6.2.jar:/home/alessandro/PGFDS/zookeeper/bin/../lib/snappy-java-1.1.7.jar:/home/alessandro/PGFDS/zookeeper/bin/../lib/slf4j-log4j12-1.7.25.jar:/home/alessandro/PGFDS/zookeeper/bin/../lib/slf4j-api-1.7.25.jar:/home/alessandro/PGFDS/zookeeper/bin/../lib/simpleclient_servlet-0.6.0.jar:/home/alessandro/PGFDS/zookeeper/bin/../lib/simpleclient_hotspot-0.6.0.jar:/home/alessandro/PGFDS/zookeeper/bin/../lib/simpleclient_common-0.6.0.jar:/home/alessandro/PGFDS/zookeeper/bin/../lib/simpleclient-0.6.0.jar:/home/alessandro/PGFDS/zookeeper/bin/../lib/netty-transport-native-unix-common-4.1.50.Final.jar:/home/alessandro/PGFDS/zookeeper/bin/../lib/netty-transport-native-epoll-4.1.50.Final.jar:/home/alessandro/PGFDS/zookeeper/bin/../lib/netty-transport-4.1.50.Final.jar:/home/alessandro/PGFDS/zookeeper/bin/../lib/netty-resolver-4.1.50.Final.jar:/home/alessandro/PGFDS/zookeeper/bin/../lib/netty-handler-4.1.50.Final.jar:/home/alessandro/PGFDS/zookeeper/bin/../lib/netty-common-4.1.50.Final.jar:/home/alessandro/PGFDS/zookeeper/bin/../lib/netty-codec-4.1.50.Final.jar:/home/alessandro/PGFDS/zookeeper/bin/../lib/netty-buffer-4.1.50.Final.jar:/home/alessandro/PGFDS/zookeeper/bin/../lib/metrics-core-3.2.5.jar:/home/alessandro/PGFDS/zookeeper/bin/../lib/log4j-1.2.17.jar:/home/alessandro/PGFDS/zookeeper/bin/../lib/json-simple-1.1.1.jar:/home/alessandro/PGFDS/zookeeper/bin/../lib/jline-2.14.6.jar:/home/alessandro/PGFDS/zookeeper/bin/../lib/jetty-util-9.4.24.v20191120.jar:/home/alessandro/PGFDS/zookeeper/bin/../lib/jetty-servlet-9.4.24.v20191120.jar:/home/alessandro/PGFDS/zookeeper/bin/../lib/jetty-server-9.4.24.v20191120.jar:/home/alessandro/PGFDS/zookeeper/bin/../lib/jetty-security-9.4.24.v20191120.jar:/home/alessandro/PGFDS/zookeeper/bin/../lib/jetty-io-9.4.24.v20191120.jar:/home/alessandro/PGFDS/zookeeper/bin/../lib/jetty-http-9.4.24.v20191120.jar:/home/alessandro/PGFDS/zookeeper/bin/../lib/javax.servlet-api-3.1.0.jar:/home/alessandro/PGFDS/zookeeper/bin/../lib/jackson-databind-2.10.3.jar:/home/alessandro/PGFDS/zookeeper/bin/../lib/jackson-core-2.10.3.jar:/home/alessandro/PGFDS/zookeeper/bin/../lib/jackson-annotations-2.10.3.jar:/home/alessandro/PGFDS/zookeeper/bin/../lib/commons-lang-2.6.jar:/home/alessandro/PGFDS/zookeeper/bin/../lib/commons-cli-1.2.jar:/home/alessandro/PGFDS/zookeeper/bin/../lib/audience-annotations-0.5.0.jar:/home/alessandro/PGFDS/zookeeper/bin/../zookeeper-*.jar:/home/alessandro/PGFDS/zookeeper/bin/../zookeeper-server/src/main/resources/lib/*.jar:/home/alessandro/PGFDS/legolas/workspace/legolas-zk/conf-1:
2025-02-28 22:20:49,197 [myid:1] - INFO  [main:Environment@98] - Server environment:java.library.path=/usr/java/packages/lib/amd64:/usr/lib/x86_64-linux-gnu/jni:/lib/x86_64-linux-gnu:/usr/lib/x86_64-linux-gnu:/usr/lib/jni:/lib:/usr/lib
2025-02-28 22:20:49,197 [myid:1] - INFO  [main:Environment@98] - Server environment:java.io.tmpdir=/tmp
2025-02-28 22:20:49,197 [myid:1] - INFO  [main:Environment@98] - Server environment:java.compiler=<NA>
2025-02-28 22:20:49,197 [myid:1] - INFO  [main:Environment@98] - Server environment:os.name=Linux
2025-02-28 22:20:49,197 [myid:1] - INFO  [main:Environment@98] - Server environment:os.arch=amd64
2025-02-28 22:20:49,197 [myid:1] - INFO  [main:Environment@98] - Server environment:os.version=6.8.0-52-generic
2025-02-28 22:20:49,198 [myid:1] - INFO  [main:Environment@98] - Server environment:user.name=alessandro
2025-02-28 22:20:49,198 [myid:1] - INFO  [main:Environment@98] - Server environment:user.home=/home/alessandro
2025-02-28 22:20:49,198 [myid:1] - INFO  [main:Environment@98] - Server environment:user.dir=/home/alessandro/PGFDS/legolas/scripts/experiment
2025-02-28 22:20:49,198 [myid:1] - INFO  [main:Environment@98] - Server environment:os.memory.free=212MB
2025-02-28 22:20:49,198 [myid:1] - INFO  [main:Environment@98] - Server environment:os.memory.max=889MB
2025-02-28 22:20:49,198 [myid:1] - INFO  [main:Environment@98] - Server environment:os.memory.total=236MB
2025-02-28 22:20:49,198 [myid:1] - INFO  [main:ZooKeeperServer@129] - zookeeper.enableEagerACLCheck = false
2025-02-28 22:20:49,198 [myid:1] - INFO  [main:ZooKeeperServer@137] - zookeeper.digest.enabled = true
2025-02-28 22:20:49,198 [myid:1] - INFO  [main:ZooKeeperServer@141] - zookeeper.closeSessionTxn.enabled = true
2025-02-28 22:20:49,198 [myid:1] - INFO  [main:ZooKeeperServer@1444] - zookeeper.flushDelay=0
2025-02-28 22:20:49,198 [myid:1] - INFO  [main:ZooKeeperServer@1453] - zookeeper.maxWriteQueuePollTime=0
2025-02-28 22:20:49,198 [myid:1] - INFO  [main:ZooKeeperServer@1462] - zookeeper.maxBatchSize=1000
2025-02-28 22:20:49,198 [myid:1] - INFO  [main:ZooKeeperServer@243] - zookeeper.intBufferStartingSizeBytes = 1024
2025-02-28 22:20:49,206 [myid:1] - INFO  [main:WatchManagerFactory@42] - Using org.apache.zookeeper.server.watch.WatchManager as watch manager
2025-02-28 22:20:49,208 [myid:1] - INFO  [main:WatchManagerFactory@42] - Using org.apache.zookeeper.server.watch.WatchManager as watch manager
2025-02-28 22:20:49,208 [myid:1] - INFO  [main:ZKDatabase@132] - zookeeper.snapshotSizeFactor = 0.33
2025-02-28 22:20:49,208 [myid:1] - INFO  [main:ZKDatabase@152] - zookeeper.commitLogCount=500
2025-02-28 22:20:49,220 [myid:1] - INFO  [main:QuorumPeer@2009] - Using insecure (non-TLS) quorum communication
2025-02-28 22:20:49,220 [myid:1] - INFO  [main:QuorumPeer@2015] - Port unification disabled
2025-02-28 22:20:49,220 [myid:1] - INFO  [main:QuorumPeer@174] - multiAddress.enabled set to false
2025-02-28 22:20:49,220 [myid:1] - INFO  [main:QuorumPeer@199] - multiAddress.reachabilityCheckEnabled set to true
2025-02-28 22:20:49,220 [myid:1] - INFO  [main:QuorumPeer@186] - multiAddress.reachabilityCheckTimeoutMs set to 1000
2025-02-28 22:20:49,220 [myid:1] - INFO  [main:QuorumPeer@2469] - QuorumPeer communication is not secured! (SASL auth disabled)
2025-02-28 22:20:49,221 [myid:1] - INFO  [main:QuorumPeer@2494] - quorum.cnxn.threads.size set to 20
2025-02-28 22:20:49,231 [myid:1] - INFO  [main:SnapStream@61] - zookeeper.snapshot.compression.method = CHECKED
2025-02-28 22:20:49,231 [myid:1] - INFO  [main:FileTxnSnapLog@470] - Snapshotting: 0x0 to /home/alessandro/PGFDS/legolas/workspace/legolas-zk/store-1/version-2/snapshot.0
2025-02-28 22:20:49,268 [myid:1] - INFO  [main:ZKDatabase@289] - Snapshot loaded in 48 ms, highest zxid is 0x0, digest is 1371985504
2025-02-28 22:20:49,271 [myid:1] - INFO  [main:QuorumPeer@1105] - currentEpoch not found! Creating with a reasonable default of 0. This should only happen when you are upgrading your installation
2025-02-28 22:20:49,288 [myid:1] - INFO  [main:QuorumPeer@1125] - acceptedEpoch not found! Creating with a reasonable default of 0. This should only happen when you are upgrading your installation
2025-02-28 22:20:49,301 [myid:1] - INFO  [main:Server@359] - jetty-9.4.24.v20191120; built: 2019-11-20T21:37:49.771Z; git: 363d5f2df3a8a28de40604320230664b9c793c16; jvm 1.8.0_442-8u442-b06~us1-0ubuntu1~24.04-b06
2025-02-28 22:20:49,326 [myid:1] - INFO  [main:DefaultSessionIdManager@333] - DefaultSessionIdManager workerName=node0
2025-02-28 22:20:49,327 [myid:1] - INFO  [main:DefaultSessionIdManager@338] - No SessionScavenger set, using defaults
2025-02-28 22:20:49,328 [myid:1] - INFO  [main:HouseKeeper@140] - node0 Scavenging every 600000ms
2025-02-28 22:20:49,330 [myid:1] - WARN  [main:ConstraintSecurityHandler@757] - ServletContext@o.e.j.s.ServletContextHandler@7403c468{/,null,STARTING} has uncovered http methods for path: /*
2025-02-28 22:20:49,335 [myid:1] - INFO  [main:ContextHandler@825] - Started o.e.j.s.ServletContextHandler@7403c468{/,null,AVAILABLE}
2025-02-28 22:20:49,342 [myid:1] - INFO  [main:AbstractConnector@330] - Started ServerConnector@458c1321{HTTP/1.1,[http/1.1]}{0.0.0.0:8080}
2025-02-28 22:20:49,343 [myid:1] - INFO  [main:Server@399] - Started @597ms
2025-02-28 22:20:49,343 [myid:1] - INFO  [main:JettyAdminServer@182] - Started AdminServer on address 0.0.0.0, port 8080 and command URL /commands
2025-02-28 22:20:49,343 [myid:1] - INFO  [main:QuorumPeer@2511] - Using 10000ms as the quorum cnxn socket timeout
2025-02-28 22:20:49,348 [myid:1] - INFO  [main:QuorumCnxManager$Listener@923] - Election port bind maximum retries is 3
2025-02-28 22:20:49,349 [myid:1] - INFO  [main:FastLeaderElection@88] - zookeeper.fastleader.minNotificationInterval=200
2025-02-28 22:20:49,349 [myid:1] - INFO  [main:FastLeaderElection@90] - zookeeper.fastleader.maxNotificationInterval=60000
2025-02-28 22:20:49,352 [myid:1] - INFO  [main:ZKAuditProvider@42] - ZooKeeper audit is disabled.
2025-02-28 22:20:49,354 [myid:1] - INFO  [ListenerHandler-localhost/127.0.0.1:10916:QuorumCnxManager$Listener$ListenerHandler@1065] - 1 is accepting connections now, my election bind port: localhost/127.0.0.1:10916
2025-02-28 22:20:49,359 [myid:1] - INFO  [QuorumPeer[myid=1](plain=[0:0:0:0:0:0:0:0]:10712)(secure=disabled):QuorumPeer@1374] - LOOKING
2025-02-28 22:20:49,360 [myid:1] - INFO  [QuorumPeer[myid=1](plain=[0:0:0:0:0:0:0:0]:10712)(secure=disabled):FastLeaderElection@944] - New election. My id = 1, proposed zxid=0x0
2025-02-28 22:20:49,371 [myid:1] - INFO  [WorkerReceiver[myid=1]:FastLeaderElection$Messenger$WorkerReceiver@389] - Notification: my state:LOOKING; n.sid:1, n.state:LOOKING, n.leader:1, n.round:0x1, n.peerEpoch:0x0, n.zxid:0x0, message format version:0x2, n.config version:0x0
2025-02-28 22:20:49,375 [myid:1] - WARN  [QuorumConnectionThread-[myid=1]-1:QuorumCnxManager@400] - Cannot open channel to 2 at election address localhost/127.0.0.1:10917
java.net.ConnectException: Connection refused (Connection refused)
	at java.net.PlainSocketImpl.socketConnect(Native Method)
	at java.net.AbstractPlainSocketImpl.doConnect(AbstractPlainSocketImpl.java:350)
	at java.net.AbstractPlainSocketImpl.connectToAddress(AbstractPlainSocketImpl.java:206)
	at java.net.AbstractPlainSocketImpl.connect(AbstractPlainSocketImpl.java:188)
	at java.net.SocksSocketImpl.connect(SocksSocketImpl.java:392)
	at java.net.Socket.connect(Socket.java:607)
	at org.apache.zookeeper.server.quorum.QuorumCnxManager.initiateConnection(QuorumCnxManager.java:383)
	at org.apache.zookeeper.server.quorum.QuorumCnxManager$QuorumConnectionReqThread.run(QuorumCnxManager.java:457)
	at java.util.concurrent.ThreadPoolExecutor.runWorker(ThreadPoolExecutor.java:1149)
	at java.util.concurrent.ThreadPoolExecutor$Worker.run(ThreadPoolExecutor.java:624)
	at java.lang.Thread.run(Thread.java:750)
2025-02-28 22:20:49,378 [myid:1] - WARN  [QuorumConnectionThread-[myid=1]-2:QuorumCnxManager@400] - Cannot open channel to 3 at election address localhost/127.0.0.1:10918
java.net.ConnectException: Connection refused (Connection refused)
	at java.net.PlainSocketImpl.socketConnect(Native Method)
	at java.net.AbstractPlainSocketImpl.doConnect(AbstractPlainSocketImpl.java:350)
	at java.net.AbstractPlainSocketImpl.connectToAddress(AbstractPlainSocketImpl.java:206)
	at java.net.AbstractPlainSocketImpl.connect(AbstractPlainSocketImpl.java:188)
	at java.net.SocksSocketImpl.connect(SocksSocketImpl.java:392)
	at java.net.Socket.connect(Socket.java:607)
	at org.apache.zookeeper.server.quorum.QuorumCnxManager.initiateConnection(QuorumCnxManager.java:383)
	at org.apache.zookeeper.server.quorum.QuorumCnxManager$QuorumConnectionReqThread.run(QuorumCnxManager.java:457)
	at java.util.concurrent.ThreadPoolExecutor.runWorker(ThreadPoolExecutor.java:1149)
	at java.util.concurrent.ThreadPoolExecutor$Worker.run(ThreadPoolExecutor.java:624)
	at java.lang.Thread.run(Thread.java:750)
2025-02-28 22:20:49,580 [myid:1] - INFO  [QuorumPeer[myid=1](plain=[0:0:0:0:0:0:0:0]:10712)(secure=disabled):FastLeaderElection@979] - Notification time out: 400
2025-02-28 22:20:49,580 [myid:1] - WARN  [QuorumConnectionThread-[myid=1]-3:QuorumCnxManager@400] - Cannot open channel to 2 at election address localhost/127.0.0.1:10917
java.net.ConnectException: Connection refused (Connection refused)
	at java.net.PlainSocketImpl.socketConnect(Native Method)
	at java.net.AbstractPlainSocketImpl.doConnect(AbstractPlainSocketImpl.java:350)
	at java.net.AbstractPlainSocketImpl.connectToAddress(AbstractPlainSocketImpl.java:206)
	at java.net.AbstractPlainSocketImpl.connect(AbstractPlainSocketImpl.java:188)
	at java.net.SocksSocketImpl.connect(SocksSocketImpl.java:392)
	at java.net.Socket.connect(Socket.java:607)
	at org.apache.zookeeper.server.quorum.QuorumCnxManager.initiateConnection(QuorumCnxManager.java:383)
	at org.apache.zookeeper.server.quorum.QuorumCnxManager$QuorumConnectionReqThread.run(QuorumCnxManager.java:457)
	at java.util.concurrent.ThreadPoolExecutor.runWorker(ThreadPoolExecutor.java:1149)
	at java.util.concurrent.ThreadPoolExecutor$Worker.run(ThreadPoolExecutor.java:624)
	at java.lang.Thread.run(Thread.java:750)
2025-02-28 22:20:49,582 [myid:1] - WARN  [QuorumConnectionThread-[myid=1]-2:QuorumCnxManager@400] - Cannot open channel to 3 at election address localhost/127.0.0.1:10918
java.net.ConnectException: Connection refused (Connection refused)
	at java.net.PlainSocketImpl.socketConnect(Native Method)
	at java.net.AbstractPlainSocketImpl.doConnect(AbstractPlainSocketImpl.java:350)
	at java.net.AbstractPlainSocketImpl.connectToAddress(AbstractPlainSocketImpl.java:206)
	at java.net.AbstractPlainSocketImpl.connect(AbstractPlainSocketImpl.java:188)
	at java.net.SocksSocketImpl.connect(SocksSocketImpl.java:392)
	at java.net.Socket.connect(Socket.java:607)
	at org.apache.zookeeper.server.quorum.QuorumCnxManager.initiateConnection(QuorumCnxManager.java:383)
	at org.apache.zookeeper.server.quorum.QuorumCnxManager$QuorumConnectionReqThread.run(QuorumCnxManager.java:457)
	at java.util.concurrent.ThreadPoolExecutor.runWorker(ThreadPoolExecutor.java:1149)
	at java.util.concurrent.ThreadPoolExecutor$Worker.run(ThreadPoolExecutor.java:624)
	at java.lang.Thread.run(Thread.java:750)
2025-02-28 22:20:49,637 [myid:1] - INFO  [ListenerHandler-localhost/127.0.0.1:10916:QuorumCnxManager$Listener$ListenerHandler@1070] - Received connection request from /127.0.0.1:47800
2025-02-28 22:20:49,652 [myid:1] - INFO  [WorkerReceiver[myid=1]:FastLeaderElection$Messenger$WorkerReceiver@389] - Notification: my state:LOOKING; n.sid:2, n.state:LOOKING, n.leader:2, n.round:0x1, n.peerEpoch:0x0, n.zxid:0x0, message format version:0x2, n.config version:0x0
2025-02-28 22:20:49,656 [myid:1] - INFO  [WorkerReceiver[myid=1]:FastLeaderElection$Messenger$WorkerReceiver@389] - Notification: my state:LOOKING; n.sid:1, n.state:LOOKING, n.leader:2, n.round:0x1, n.peerEpoch:0x0, n.zxid:0x0, message format version:0x2, n.config version:0x0
2025-02-28 22:20:49,658 [myid:1] - WARN  [QuorumConnectionThread-[myid=1]-2:QuorumCnxManager@400] - Cannot open channel to 3 at election address localhost/127.0.0.1:10918
java.net.ConnectException: Connection refused (Connection refused)
	at java.net.PlainSocketImpl.socketConnect(Native Method)
	at java.net.AbstractPlainSocketImpl.doConnect(AbstractPlainSocketImpl.java:350)
	at java.net.AbstractPlainSocketImpl.connectToAddress(AbstractPlainSocketImpl.java:206)
	at java.net.AbstractPlainSocketImpl.connect(AbstractPlainSocketImpl.java:188)
	at java.net.SocksSocketImpl.connect(SocksSocketImpl.java:392)
	at java.net.Socket.connect(Socket.java:607)
	at org.apache.zookeeper.server.quorum.QuorumCnxManager.initiateConnection(QuorumCnxManager.java:383)
	at org.apache.zookeeper.server.quorum.QuorumCnxManager$QuorumConnectionReqThread.run(QuorumCnxManager.java:457)
	at java.util.concurrent.ThreadPoolExecutor.runWorker(ThreadPoolExecutor.java:1149)
	at java.util.concurrent.ThreadPoolExecutor$Worker.run(ThreadPoolExecutor.java:624)
	at java.lang.Thread.run(Thread.java:750)
2025-02-28 22:20:49,856 [myid:1] - INFO  [QuorumPeer[myid=1](plain=[0:0:0:0:0:0:0:0]:10712)(secure=disabled):QuorumPeer@857] - Peer state changed: following
2025-02-28 22:20:49,857 [myid:1] - INFO  [QuorumPeer[myid=1](plain=[0:0:0:0:0:0:0:0]:10712)(secure=disabled):QuorumPeer@1456] - FOLLOWING
2025-02-28 22:20:49,861 [myid:1] - INFO  [QuorumPeer[myid=1](plain=[0:0:0:0:0:0:0:0]:10712)(secure=disabled):Learner@117] - leaderConnectDelayDuringRetryMs: 100
2025-02-28 22:20:49,861 [myid:1] - INFO  [QuorumPeer[myid=1](plain=[0:0:0:0:0:0:0:0]:10712)(secure=disabled):Learner@118] - TCP NoDelay set to: true
2025-02-28 22:20:49,862 [myid:1] - INFO  [QuorumPeer[myid=1](plain=[0:0:0:0:0:0:0:0]:10712)(secure=disabled):BlueThrottle@141] - Weighed connection throttling is disabled
2025-02-28 22:20:49,863 [myid:1] - INFO  [QuorumPeer[myid=1](plain=[0:0:0:0:0:0:0:0]:10712)(secure=disabled):ZooKeeperServer@1256] - minSessionTimeout set to 4000
2025-02-28 22:20:49,863 [myid:1] - INFO  [QuorumPeer[myid=1](plain=[0:0:0:0:0:0:0:0]:10712)(secure=disabled):ZooKeeperServer@1265] - maxSessionTimeout set to 40000
2025-02-28 22:20:49,864 [myid:1] - INFO  [QuorumPeer[myid=1](plain=[0:0:0:0:0:0:0:0]:10712)(secure=disabled):ResponseCache@45] - Response cache size is initialized with value 400.
2025-02-28 22:20:49,864 [myid:1] - INFO  [QuorumPeer[myid=1](plain=[0:0:0:0:0:0:0:0]:10712)(secure=disabled):ResponseCache@45] - Response cache size is initialized with value 400.
2025-02-28 22:20:49,865 [myid:1] - INFO  [QuorumPeer[myid=1](plain=[0:0:0:0:0:0:0:0]:10712)(secure=disabled):RequestPathMetricsCollector@111] - zookeeper.pathStats.slotCapacity = 60
2025-02-28 22:20:49,865 [myid:1] - INFO  [QuorumPeer[myid=1](plain=[0:0:0:0:0:0:0:0]:10712)(secure=disabled):RequestPathMetricsCollector@112] - zookeeper.pathStats.slotDuration = 15
2025-02-28 22:20:49,865 [myid:1] - INFO  [QuorumPeer[myid=1](plain=[0:0:0:0:0:0:0:0]:10712)(secure=disabled):RequestPathMetricsCollector@113] - zookeeper.pathStats.maxDepth = 6
2025-02-28 22:20:49,865 [myid:1] - INFO  [QuorumPeer[myid=1](plain=[0:0:0:0:0:0:0:0]:10712)(secure=disabled):RequestPathMetricsCollector@114] - zookeeper.pathStats.initialDelay = 5
2025-02-28 22:20:49,865 [myid:1] - INFO  [QuorumPeer[myid=1](plain=[0:0:0:0:0:0:0:0]:10712)(secure=disabled):RequestPathMetricsCollector@115] - zookeeper.pathStats.delay = 5
2025-02-28 22:20:49,865 [myid:1] - INFO  [QuorumPeer[myid=1](plain=[0:0:0:0:0:0:0:0]:10712)(secure=disabled):RequestPathMetricsCollector@116] - zookeeper.pathStats.enabled = false
2025-02-28 22:20:49,867 [myid:1] - INFO  [QuorumPeer[myid=1](plain=[0:0:0:0:0:0:0:0]:10712)(secure=disabled):ZooKeeperServer@1481] - The max bytes for all large requests are set to 104857600
2025-02-28 22:20:49,867 [myid:1] - INFO  [QuorumPeer[myid=1](plain=[0:0:0:0:0:0:0:0]:10712)(secure=disabled):ZooKeeperServer@1495] - The large request threshold is set to -1
2025-02-28 22:20:49,867 [myid:1] - INFO  [QuorumPeer[myid=1](plain=[0:0:0:0:0:0:0:0]:10712)(secure=disabled):ZooKeeperServer@339] - Created server with tickTime 2000 minSessionTimeout 4000 maxSessionTimeout 40000 clientPortListenBacklog -1 datadir /home/alessandro/PGFDS/legolas/workspace/legolas-zk/store-1/version-2 snapdir /home/alessandro/PGFDS/legolas/workspace/legolas-zk/store-1/version-2
2025-02-28 22:20:49,868 [myid:1] - INFO  [QuorumPeer[myid=1](plain=[0:0:0:0:0:0:0:0]:10712)(secure=disabled):Follower@75] - FOLLOWING - LEADER ELECTION TOOK - 509 MS
2025-02-28 22:20:49,870 [myid:1] - INFO  [QuorumPeer[myid=1](plain=[0:0:0:0:0:0:0:0]:10712)(secure=disabled):QuorumPeer@863] - Peer state changed: following - discovery
2025-02-28 22:20:49,877 [myid:1] - INFO  [LeaderConnector-localhost/127.0.0.1:10815:Learner$LeaderConnector@330] - Successfully connected to leader, using address: localhost/127.0.0.1:10815
2025-02-28 22:20:49,930 [myid:1] - INFO  [QuorumPeer[myid=1](plain=[0:0:0:0:0:0:0:0]:10712)(secure=disabled):QuorumPeer@863] - Peer state changed: following - synchronization
2025-02-28 22:20:49,943 [myid:1] - INFO  [QuorumPeer[myid=1](plain=[0:0:0:0:0:0:0:0]:10712)(secure=disabled):Learner@511] - Getting a diff from the leader 0x0
2025-02-28 22:20:49,943 [myid:1] - INFO  [QuorumPeer[myid=1](plain=[0:0:0:0:0:0:0:0]:10712)(secure=disabled):QuorumPeer@868] - Peer state changed: following - synchronization - diff
2025-02-28 22:20:49,949 [myid:1] - INFO  [QuorumPeer[myid=1](plain=[0:0:0:0:0:0:0:0]:10712)(secure=disabled):Learner@677] - Learner received NEWLEADER message
2025-02-28 22:20:49,949 [myid:1] - INFO  [QuorumPeer[myid=1](plain=[0:0:0:0:0:0:0:0]:10712)(secure=disabled):QuorumPeer@1811] - Dynamic reconfig is disabled, we don't store the last seen config.
2025-02-28 22:20:49,964 [myid:1] - INFO  [ListenerHandler-localhost/127.0.0.1:10916:QuorumCnxManager$Listener$ListenerHandler@1070] - Received connection request from /127.0.0.1:47814
2025-02-28 22:20:49,972 [myid:1] - INFO  [WorkerReceiver[myid=1]:FastLeaderElection$Messenger$WorkerReceiver@389] - Notification: my state:FOLLOWING; n.sid:3, n.state:LOOKING, n.leader:3, n.round:0x1, n.peerEpoch:0x0, n.zxid:0x0, message format version:0x2, n.config version:0x0
2025-02-28 22:20:49,986 [myid:1] - INFO  [QuorumPeer[myid=1](plain=[0:0:0:0:0:0:0:0]:10712)(secure=disabled):Learner@661] - Learner received UPTODATE message
2025-02-28 22:20:49,989 [myid:1] - INFO  [QuorumPeer[myid=1](plain=[0:0:0:0:0:0:0:0]:10712)(secure=disabled):QuorumPeer@868] - Peer state changed: following - synchronization
2025-02-28 22:20:49,993 [myid:1] - INFO  [QuorumPeer[myid=1](plain=[0:0:0:0:0:0:0:0]:10712)(secure=disabled):CommitProcessor@476] - Configuring CommitProcessor with readBatchSize -1 commitBatchSize 1
2025-02-28 22:20:49,993 [myid:1] - INFO  [QuorumPeer[myid=1](plain=[0:0:0:0:0:0:0:0]:10712)(secure=disabled):CommitProcessor@438] - Configuring CommitProcessor with 12 worker threads.
2025-02-28 22:20:49,996 [myid:1] - INFO  [QuorumPeer[myid=1](plain=[0:0:0:0:0:0:0:0]:10712)(secure=disabled):RequestThrottler@74] - zookeeper.request_throttler.shutdownTimeout = 10000
2025-02-28 22:20:50,001 [myid:1] - INFO  [QuorumPeer[myid=1](plain=[0:0:0:0:0:0:0:0]:10712)(secure=disabled):QuorumPeer@863] - Peer state changed: following - broadcast
2025-02-28 22:20:50,930 [myid:1] - WARN  [QuorumPeer[myid=1](plain=[0:0:0:0:0:0:0:0]:10712)(secure=disabled):Follower@170] - Got zxid 0x100000001 expected 0x1
2025-02-28 22:20:50,933 [myid:1] - INFO  [SyncThread:1:FileTxnLog@284] - Creating new log file: log.100000001
2025-02-28 22:20:50,952 [myid:1] - INFO  [CommitProcessor:1:LearnerSessionTracker@116] - Committing global session 0x30001523adc0000
2025-02-28 22:20:50,970 [myid:1] - INFO  [CommitProcessor:1:LearnerSessionTracker@116] - Committing global session 0x10001523a650000
2025-02-28 22:20:50,977 [myid:1] - INFO  [CommitProcessor:1:LearnerSessionTracker@116] - Committing global session 0x20001523a760000
2025-02-28 22:20:51,285 [myid:1] - INFO  [RequestThrottler:QuorumZooKeeperServer@159] - Submitting global closeSession request for session 0x10001523a650000
2025-02-28 22:20:51,815 [myid:1] - INFO  [CommitProcessor:1:LearnerSessionTracker@116] - Committing global session 0x30001523adc0001
2025-02-28 22:20:51,829 [myid:1] - INFO  [CommitProcessor:1:LearnerSessionTracker@116] - Committing global session 0x30001523adc0002
2025-02-28 22:20:51,837 [myid:1] - INFO  [CommitProcessor:1:LearnerSessionTracker@116] - Committing global session 0x20001523a760001
2025-02-28 22:20:51,842 [myid:1] - INFO  [CommitProcessor:1:LearnerSessionTracker@116] - Committing global session 0x20001523a760002
2025-02-28 22:20:51,849 [myid:1] - INFO  [CommitProcessor:1:LearnerSessionTracker@116] - Committing global session 0x10001523a650001
2025-02-28 22:20:51,853 [myid:1] - INFO  [CommitProcessor:1:LearnerSessionTracker@116] - Committing global session 0x10001523a650002
2025-02-28 22:20:52,421 [myid:1] - INFO  [RequestThrottler:QuorumZooKeeperServer@159] - Submitting global closeSession request for session 0x10001523a650002
2025-02-28 22:20:52,760 [myid:1] - INFO  [Snapshot Thread:FileTxnSnapLog@470] - Snapshotting: 0x10000005f to /home/alessandro/PGFDS/legolas/workspace/legolas-zk/store-1/version-2/snapshot.10000005f
2025-02-28 22:20:52,766 [myid:1] - INFO  [SyncThread:1:FileTxnLog@284] - Creating new log file: log.100000061
2025-02-28 22:20:52,784 [myid:1] - INFO  [Snapshot Thread:ZooKeeperServer@529] - Snapshot taken in 25 ms
2025-02-28 22:20:53,221 [myid:1] - INFO  [RequestThrottler:QuorumZooKeeperServer@159] - Submitting global closeSession request for session 0x10001523a650001
2025-02-28 22:20:53,241 [myid:1] - INFO  [Snapshot Thread:FileTxnSnapLog@470] - Snapshotting: 0x100000093 to /home/alessandro/PGFDS/legolas/workspace/legolas-zk/store-1/version-2/snapshot.100000093
2025-02-28 22:20:53,255 [myid:1] - INFO  [Snapshot Thread:ZooKeeperServer@529] - Snapshot taken in 13 ms
