2025-02-28 21:13:34,254 [myid:] - INFO  [main:ZooKeeperGrayClientMain@163] - My client id is 0
2025-02-28 21:13:34,263 [myid:] - INFO  [main:ZooKeeperGrayClientMain@166] - My process's pid is 165439
2025-02-28 21:13:34,409 [myid:] - INFO  [main:ZooKeeperGrayClientMain@49] - running command [create, 10712, 1, 10, 3]
2025-02-28 21:13:34,428 [myid:] - INFO  [main:Environment@98] - Client environment:zookeeper.version=3.6.2--803c7f1a12f85978cb049af5e4ef23bd8b688715, built on 09/04/2020 12:44 GMT
2025-02-28 21:13:34,428 [myid:] - INFO  [main:Environment@98] - Client environment:host.name=alessandro-HP-Pavilion-Laptop-15-eg2xxx
2025-02-28 21:13:34,429 [myid:] - INFO  [main:Environment@98] - Client environment:java.version=1.8.0_442
2025-02-28 21:13:34,429 [myid:] - INFO  [main:Environment@98] - Client environment:java.vendor=Private Build
2025-02-28 21:13:34,429 [myid:] - INFO  [main:Environment@98] - Client environment:java.home=/usr/lib/jvm/java-8-openjdk-amd64/jre
2025-02-28 21:13:34,429 [myid:] - INFO  [main:Environment@98] - Client environment:java.class.path=/home/alessandro/PGFDS/legolas/workspace/legolas-zk/conf-1:/home/alessandro/PGFDS/legolas/driver/zookeeper/3.6.2/target/zk_3_6_2-1.0-jar-with-dependencies.jar
2025-02-28 21:13:34,429 [myid:] - INFO  [main:Environment@98] - Client environment:java.library.path=/usr/java/packages/lib/amd64:/usr/lib/x86_64-linux-gnu/jni:/lib/x86_64-linux-gnu:/usr/lib/x86_64-linux-gnu:/usr/lib/jni:/lib:/usr/lib
2025-02-28 21:13:34,429 [myid:] - INFO  [main:Environment@98] - Client environment:java.io.tmpdir=/tmp
2025-02-28 21:13:34,429 [myid:] - INFO  [main:Environment@98] - Client environment:java.compiler=<NA>
2025-02-28 21:13:34,430 [myid:] - INFO  [main:Environment@98] - Client environment:os.name=Linux
2025-02-28 21:13:34,430 [myid:] - INFO  [main:Environment@98] - Client environment:os.arch=amd64
2025-02-28 21:13:34,430 [myid:] - INFO  [main:Environment@98] - Client environment:os.version=6.8.0-52-generic
2025-02-28 21:13:34,430 [myid:] - INFO  [main:Environment@98] - Client environment:user.name=alessandro
2025-02-28 21:13:34,431 [myid:] - INFO  [main:Environment@98] - Client environment:user.home=/home/alessandro
2025-02-28 21:13:34,432 [myid:] - INFO  [main:Environment@98] - Client environment:user.dir=/home/alessandro/PGFDS/legolas/scripts/experiment
2025-02-28 21:13:34,432 [myid:] - INFO  [main:Environment@98] - Client environment:os.memory.free=230MB
2025-02-28 21:13:34,432 [myid:] - INFO  [main:Environment@98] - Client environment:os.memory.max=3481MB
2025-02-28 21:13:34,432 [myid:] - INFO  [main:Environment@98] - Client environment:os.memory.total=236MB
2025-02-28 21:13:34,440 [myid:] - INFO  [main:ZooKeeper@1006] - Initiating client connection, connectString=localhost:10712 sessionTimeout=7000 watcher=edu.umich.order.legolas.zk_3_6_2.ZooKeeperGrayClient$$Lambda$8/116211441@3caeaf62
2025-02-28 21:13:34,447 [myid:] - INFO  [main:X509Util@77] - Setting -D jdk.tls.rejectClientInitiatedRenegotiation=true to disable client-initiated TLS renegotiation
2025-02-28 21:13:34,455 [myid:] - INFO  [main:ClientCnxnSocket@239] - jute.maxbuffer value is 1048575 Bytes
2025-02-28 21:13:34,467 [myid:] - INFO  [main:ClientCnxn@1716] - zookeeper.request.timeout value is 0. feature enabled=false
2025-02-28 21:13:34,476 [myid:localhost:10712] - INFO  [main-SendThread(localhost:10712):ClientCnxn$SendThread@1167] - Opening socket connection to server localhost/127.0.0.1:10712.
2025-02-28 21:13:34,476 [myid:localhost:10712] - INFO  [main-SendThread(localhost:10712):ClientCnxn$SendThread@1169] - SASL config status: Will not attempt to authenticate using SASL (unknown error)
2025-02-28 21:13:34,482 [myid:localhost:10712] - WARN  [main-SendThread(localhost:10712):ClientCnxn$SendThread@1285] - Session 0x0 for sever localhost/127.0.0.1:10712, Closing socket connection. Attempting reconnect except it is a SessionExpiredException.
java.net.ConnectException: Connection refused
	at sun.nio.ch.SocketChannelImpl.checkConnect(Native Method)
	at sun.nio.ch.SocketChannelImpl.finishConnect(SocketChannelImpl.java:716)
	at org.apache.zookeeper.ClientCnxnSocketNIO.doTransport(ClientCnxnSocketNIO.java:344)
	at org.apache.zookeeper.ClientCnxn$SendThread.run(ClientCnxn.java:1275)
2025-02-28 21:13:35,586 [myid:localhost:10712] - INFO  [main-SendThread(localhost:10712):ClientCnxn$SendThread@1167] - Opening socket connection to server localhost/127.0.0.1:10712.
2025-02-28 21:13:35,587 [myid:localhost:10712] - INFO  [main-SendThread(localhost:10712):ClientCnxn$SendThread@1169] - SASL config status: Will not attempt to authenticate using SASL (unknown error)
2025-02-28 21:13:35,588 [myid:localhost:10712] - WARN  [main-SendThread(localhost:10712):ClientCnxn$SendThread@1285] - Session 0x0 for sever localhost/127.0.0.1:10712, Closing socket connection. Attempting reconnect except it is a SessionExpiredException.
java.net.ConnectException: Connection refused
	at sun.nio.ch.SocketChannelImpl.checkConnect(Native Method)
	at sun.nio.ch.SocketChannelImpl.finishConnect(SocketChannelImpl.java:716)
	at org.apache.zookeeper.ClientCnxnSocketNIO.doTransport(ClientCnxnSocketNIO.java:344)
	at org.apache.zookeeper.ClientCnxn$SendThread.run(ClientCnxn.java:1275)
2025-02-28 21:13:36,690 [myid:localhost:10712] - INFO  [main-SendThread(localhost:10712):ClientCnxn$SendThread@1167] - Opening socket connection to server localhost/127.0.0.1:10712.
2025-02-28 21:13:36,691 [myid:localhost:10712] - INFO  [main-SendThread(localhost:10712):ClientCnxn$SendThread@1169] - SASL config status: Will not attempt to authenticate using SASL (unknown error)
2025-02-28 21:13:36,692 [myid:localhost:10712] - WARN  [main-SendThread(localhost:10712):ClientCnxn$SendThread@1285] - Session 0x0 for sever localhost/127.0.0.1:10712, Closing socket connection. Attempting reconnect except it is a SessionExpiredException.
java.net.ConnectException: Connection refused
	at sun.nio.ch.SocketChannelImpl.checkConnect(Native Method)
	at sun.nio.ch.SocketChannelImpl.finishConnect(SocketChannelImpl.java:716)
	at org.apache.zookeeper.ClientCnxnSocketNIO.doTransport(ClientCnxnSocketNIO.java:344)
	at org.apache.zookeeper.ClientCnxn$SendThread.run(ClientCnxn.java:1275)
2025-02-28 21:13:37,794 [myid:localhost:10712] - INFO  [main-SendThread(localhost:10712):ClientCnxn$SendThread@1167] - Opening socket connection to server localhost/127.0.0.1:10712.
2025-02-28 21:13:37,794 [myid:localhost:10712] - INFO  [main-SendThread(localhost:10712):ClientCnxn$SendThread@1169] - SASL config status: Will not attempt to authenticate using SASL (unknown error)
2025-02-28 21:13:37,796 [myid:localhost:10712] - WARN  [main-SendThread(localhost:10712):ClientCnxn$SendThread@1285] - Session 0x0 for sever localhost/127.0.0.1:10712, Closing socket connection. Attempting reconnect except it is a SessionExpiredException.
java.net.ConnectException: Connection refused
	at sun.nio.ch.SocketChannelImpl.checkConnect(Native Method)
	at sun.nio.ch.SocketChannelImpl.finishConnect(SocketChannelImpl.java:716)
	at org.apache.zookeeper.ClientCnxnSocketNIO.doTransport(ClientCnxnSocketNIO.java:344)
	at org.apache.zookeeper.ClientCnxn$SendThread.run(ClientCnxn.java:1275)
/home/alessandro/PGFDS/legolas/workspace/legolas-zk/client.sh: line 2: 165439 Killed                  java -cp /home/alessandro/PGFDS/legolas/workspace/legolas-zk/conf-1:/home/alessandro/PGFDS/legolas/driver/zookeeper/3.6.2/target/zk_3_6_2-1.0-jar-with-dependencies.jar edu.umich.order.legolas.zk_3_6_2.ZooKeeperGrayClientMain $@
