2025-02-28 22:20:57,243 [myid:] - INFO  [main:ZooKeeperGrayClientMain@163] - My client id is 1
2025-02-28 22:20:57,254 [myid:] - INFO  [main:ZooKeeperGrayClientMain@166] - My process's pid is 217483
2025-02-28 22:20:57,354 [myid:] - INFO  [main:ZooKeeperGrayClientMain@49] - running command [create, 10713, 2, 10, 3]
2025-02-28 22:20:57,363 [myid:] - INFO  [main:Environment@98] - Client environment:zookeeper.version=3.6.2--803c7f1a12f85978cb049af5e4ef23bd8b688715, built on 09/04/2020 12:44 GMT
2025-02-28 22:20:57,363 [myid:] - INFO  [main:Environment@98] - Client environment:host.name=alessandro-HP-Pavilion-Laptop-15-eg2xxx
2025-02-28 22:20:57,363 [myid:] - INFO  [main:Environment@98] - Client environment:java.version=1.8.0_442
2025-02-28 22:20:57,364 [myid:] - INFO  [main:Environment@98] - Client environment:java.vendor=Private Build
2025-02-28 22:20:57,364 [myid:] - INFO  [main:Environment@98] - Client environment:java.home=/usr/lib/jvm/java-8-openjdk-amd64/jre
2025-02-28 22:20:57,364 [myid:] - INFO  [main:Environment@98] - Client environment:java.class.path=/home/alessandro/PGFDS/legolas/workspace/legolas-zk/conf-1:/home/alessandro/PGFDS/legolas/driver/zookeeper/3.6.2/target/zk_3_6_2-1.0-jar-with-dependencies.jar
2025-02-28 22:20:57,364 [myid:] - INFO  [main:Environment@98] - Client environment:java.library.path=/usr/java/packages/lib/amd64:/usr/lib/x86_64-linux-gnu/jni:/lib/x86_64-linux-gnu:/usr/lib/x86_64-linux-gnu:/usr/lib/jni:/lib:/usr/lib
2025-02-28 22:20:57,364 [myid:] - INFO  [main:Environment@98] - Client environment:java.io.tmpdir=/tmp
2025-02-28 22:20:57,364 [myid:] - INFO  [main:Environment@98] - Client environment:java.compiler=<NA>
2025-02-28 22:20:57,364 [myid:] - INFO  [main:Environment@98] - Client environment:os.name=Linux
2025-02-28 22:20:57,364 [myid:] - INFO  [main:Environment@98] - Client environment:os.arch=amd64
2025-02-28 22:20:57,364 [myid:] - INFO  [main:Environment@98] - Client environment:os.version=6.8.0-52-generic
2025-02-28 22:20:57,364 [myid:] - INFO  [main:Environment@98] - Client environment:user.name=alessandro
2025-02-28 22:20:57,367 [myid:] - INFO  [main:Environment@98] - Client environment:user.home=/home/alessandro
2025-02-28 22:20:57,367 [myid:] - INFO  [main:Environment@98] - Client environment:user.dir=/home/alessandro/PGFDS/legolas/scripts/experiment
2025-02-28 22:20:57,367 [myid:] - INFO  [main:Environment@98] - Client environment:os.memory.free=230MB
2025-02-28 22:20:57,367 [myid:] - INFO  [main:Environment@98] - Client environment:os.memory.max=3481MB
2025-02-28 22:20:57,367 [myid:] - INFO  [main:Environment@98] - Client environment:os.memory.total=236MB
2025-02-28 22:20:57,371 [myid:] - INFO  [main:ZooKeeper@1006] - Initiating client connection, connectString=localhost:10713 sessionTimeout=7000 watcher=edu.umich.order.legolas.zk_3_6_2.ZooKeeperGrayClient$$Lambda$8/116211441@3caeaf62
2025-02-28 22:20:57,376 [myid:] - INFO  [main:X509Util@77] - Setting -D jdk.tls.rejectClientInitiatedRenegotiation=true to disable client-initiated TLS renegotiation
2025-02-28 22:20:57,381 [myid:] - INFO  [main:ClientCnxnSocket@239] - jute.maxbuffer value is 1048575 Bytes
2025-02-28 22:20:57,385 [myid:] - INFO  [main:ClientCnxn@1716] - zookeeper.request.timeout value is 0. feature enabled=false
2025-02-28 22:20:57,391 [myid:localhost:10713] - INFO  [main-SendThread(localhost:10713):ClientCnxn$SendThread@1167] - Opening socket connection to server localhost/127.0.0.1:10713.
2025-02-28 22:20:57,391 [myid:localhost:10713] - INFO  [main-SendThread(localhost:10713):ClientCnxn$SendThread@1169] - SASL config status: Will not attempt to authenticate using SASL (unknown error)
2025-02-28 22:20:57,394 [myid:localhost:10713] - INFO  [main-SendThread(localhost:10713):ClientCnxn$SendThread@999] - Socket connection established, initiating session, client: /127.0.0.1:53162, server: localhost/127.0.0.1:10713
2025-02-28 22:20:57,438 [myid:localhost:10713] - INFO  [main-SendThread(localhost:10713):ClientCnxn$SendThread@1433] - Session establishment complete on server localhost/127.0.0.1:10713, session id = 0x2000152549a0000, negotiated timeout = 7000
2025-02-28 22:20:57,466 [myid:] - INFO  [main:ZooKeeperGrayClientMain@75] - progress = 1, time = 224529232
2025-02-28 22:20:57,489 [myid:] - INFO  [main:ZooKeeperGrayClientMain@75] - progress = 2, time = 247584687
2025-02-28 22:20:57,510 [myid:] - INFO  [main:ZooKeeperGrayClientMain@75] - progress = 3, time = 268680445
2025-02-28 22:20:57,633 [myid:] - INFO  [main:ZooKeeper@1619] - Session: 0x2000152549a0000 closed
2025-02-28 22:20:57,633 [myid:] - INFO  [main-EventThread:ClientCnxn$EventThread@577] - EventThread shut down for session: 0x2000152549a0000
