2025-04-25 00:16:43,817 INFO o.a.j.u.JMeterUtils: Setting Locale to en_EN
2025-04-25 00:16:43,832 INFO o.a.j.JMeter: Loading user properties from: /opt/apache-jmeter-5.6.3/bin/user.properties
2025-04-25 00:16:43,833 INFO o.a.j.JMeter: Loading system properties from: /opt/apache-jmeter-5.6.3/bin/system.properties
2025-04-25 00:16:43,837 INFO o.a.j.JMeter: Copyright (c) 1998-2024 The Apache Software Foundation
2025-04-25 00:16:43,837 INFO o.a.j.JMeter: Version 5.6.3
2025-04-25 00:16:43,837 INFO o.a.j.JMeter: java.version=17.0.13
2025-04-25 00:16:43,837 INFO o.a.j.JMeter: java.vm.name=OpenJDK 64-Bit Server VM
2025-04-25 00:16:43,837 INFO o.a.j.JMeter: os.name=Linux
2025-04-25 00:16:43,837 INFO o.a.j.JMeter: os.arch=amd64
2025-04-25 00:16:43,837 INFO o.a.j.JMeter: os.version=6.6.0-84.0.0.89.oe2403sp1.x86_64
2025-04-25 00:16:43,837 INFO o.a.j.JMeter: file.encoding=UTF-8
2025-04-25 00:16:43,838 INFO o.a.j.JMeter: java.awt.headless=true
2025-04-25 00:16:43,838 INFO o.a.j.JMeter: Max memory     =1073741824
2025-04-25 00:16:43,838 INFO o.a.j.JMeter: Available Processors =10
2025-04-25 00:16:43,844 INFO o.a.j.JMeter: Default Locale=English (EN)
2025-04-25 00:16:43,845 INFO o.a.j.JMeter: JMeter  Locale=English (EN)
2025-04-25 00:16:43,845 INFO o.a.j.JMeter: JMeterHome=/opt/apache-jmeter-5.6.3
2025-04-25 00:16:43,845 INFO o.a.j.JMeter: user.dir  =/home/ale/Documents/PGDFS/gray-sentinel/scripts/load-injection
2025-04-25 00:16:43,845 INFO o.a.j.JMeter: PWD       =/home/ale/Documents/PGDFS/gray-sentinel/scripts/load-injection
2025-04-25 00:16:44,023 INFO o.a.j.JMeter: IP: 10.0.2.15 Name: vbox FullName: vbox
2025-04-25 00:16:44,034 INFO o.a.j.s.FileServer: Default base='/home/ale/Documents/PGDFS/gray-sentinel/scripts/load-injection'
2025-04-25 00:16:44,035 INFO o.a.j.s.FileServer: Set new base='/home/ale/Documents/PGDFS/gray-sentinel/scripts/load-injection/../../external/petclinic/spring-petclinic-api-gateway/src/test/jmeter'
2025-04-25 00:16:44,185 INFO o.a.j.s.SaveService: Testplan (JMX) version: 2.2. Testlog (JTL) version: 2.2
2025-04-25 00:16:44,206 INFO o.a.j.s.SaveService: Using SaveService properties version 5.0
2025-04-25 00:16:44,208 INFO o.a.j.s.SaveService: Using SaveService properties file encoding UTF-8
2025-04-25 00:16:44,211 INFO o.a.j.s.SaveService: Loading file: ../../external/petclinic/spring-petclinic-api-gateway/src/test/jmeter/petclinic_test_plan.jmx
2025-04-25 00:16:44,261 INFO o.a.j.p.h.s.HTTPSamplerBase: Parser for text/html is org.apache.jmeter.protocol.http.parser.LagartoBasedHtmlParser
2025-04-25 00:16:44,261 INFO o.a.j.p.h.s.HTTPSamplerBase: Parser for application/xhtml+xml is org.apache.jmeter.protocol.http.parser.LagartoBasedHtmlParser
2025-04-25 00:16:44,261 INFO o.a.j.p.h.s.HTTPSamplerBase: Parser for application/xml is org.apache.jmeter.protocol.http.parser.LagartoBasedHtmlParser
2025-04-25 00:16:44,261 INFO o.a.j.p.h.s.HTTPSamplerBase: Parser for text/xml is org.apache.jmeter.protocol.http.parser.LagartoBasedHtmlParser
2025-04-25 00:16:44,261 INFO o.a.j.p.h.s.HTTPSamplerBase: Parser for text/vnd.wap.wml is org.apache.jmeter.protocol.http.parser.RegexpHTMLParser
2025-04-25 00:16:44,262 INFO o.a.j.p.h.s.HTTPSamplerBase: Parser for text/css is org.apache.jmeter.protocol.http.parser.CssParser
2025-04-25 00:16:44,301 INFO o.a.j.JMeter: Creating summariser <summary>
2025-04-25 00:16:44,315 INFO o.a.j.e.StandardJMeterEngine: Running the test!
2025-04-25 00:16:44,316 INFO o.a.j.s.SampleEvent: List of sample_variables: []
2025-04-25 00:16:44,316 INFO o.a.j.s.SampleEvent: List of sample_variables: []
2025-04-25 00:16:44,321 INFO o.a.j.e.u.CompoundVariable: Note: Function class names must contain the string: '.functions.'
2025-04-25 00:16:44,321 INFO o.a.j.e.u.CompoundVariable: Note: Function class names must not contain the string: '.gui.'
2025-04-25 00:16:44,411 WARN o.a.j.r.ClassFinder: Can not open the jar /opt/apache-jmeter-5.6.3/lib/ext/JMeterPlugins-Manager.jar, message: zip file is empty
java.util.zip.ZipException: zip file is empty
	at java.base/java.util.zip.ZipFile$Source.zerror(ZipFile.java:1776) ~[?:?]
	at java.base/java.util.zip.ZipFile$Source.findEND(ZipFile.java:1560) ~[?:?]
	at java.base/java.util.zip.ZipFile$Source.initCEN(ZipFile.java:1655) ~[?:?]
	at java.base/java.util.zip.ZipFile$Source.<init>(ZipFile.java:1493) ~[?:?]
	at java.base/java.util.zip.ZipFile$Source.get(ZipFile.java:1455) ~[?:?]
	at java.base/java.util.zip.ZipFile$CleanableResource.<init>(ZipFile.java:727) ~[?:?]
	at java.base/java.util.zip.ZipFile.<init>(ZipFile.java:253) ~[?:?]
	at java.base/java.util.zip.ZipFile.<init>(ZipFile.java:181) ~[?:?]
	at java.base/java.util.jar.JarFile.<init>(JarFile.java:346) ~[?:?]
	at java.base/java.util.jar.JarFile.<init>(JarFile.java:317) ~[?:?]
	at java.base/java.util.jar.JarFile.<init>(JarFile.java:283) ~[?:?]
	at org.apache.jorphan.reflect.ClassFinder.findClassesInOnePath(ClassFinder.java:478) [jorphan.jar:5.6.3]
	at org.apache.jorphan.reflect.ClassFinder.findClasses(ClassFinder.java:443) [jorphan.jar:5.6.3]
	at org.apache.jorphan.reflect.ClassFinder.findClassesThatExtend(ClassFinder.java:413) [jorphan.jar:5.6.3]
	at org.apache.jorphan.reflect.ClassFinder.findClassesThatExtend(ClassFinder.java:336) [jorphan.jar:5.6.3]
	at org.apache.jorphan.reflect.ClassFinder.findClassesThatExtend(ClassFinder.java:315) [jorphan.jar:5.6.3]
	at org.apache.jmeter.util.JMeterUtils.findClassesThatExtend(JMeterUtils.java:402) [ApacheJMeter_core.jar:5.6.3]
	at org.apache.jmeter.util.JMeterUtils.loadServicesAndScanJars(JMeterUtils.java:349) [ApacheJMeter_core.jar:5.6.3]
	at org.apache.jmeter.engine.util.CompoundVariable.<clinit>(CompoundVariable.java:73) [ApacheJMeter_core.jar:5.6.3]
	at org.apache.jmeter.engine.util.ValueReplacer.<init>(ValueReplacer.java:43) [ApacheJMeter_core.jar:5.6.3]
	at org.apache.jmeter.engine.PreCompiler.<init>(PreCompiler.java:54) [ApacheJMeter_core.jar:5.6.3]
	at org.apache.jmeter.engine.StandardJMeterEngine.run(StandardJMeterEngine.java:412) [ApacheJMeter_core.jar:5.6.3]
	at java.base/java.util.concurrent.Executors$RunnableAdapter.call(Executors.java:539) [?:?]
	at java.base/java.util.concurrent.FutureTask.run(FutureTask.java:264) [?:?]
	at java.base/java.util.concurrent.ThreadPoolExecutor.runWorker(ThreadPoolExecutor.java:1136) [?:?]
	at java.base/java.util.concurrent.ThreadPoolExecutor$Worker.run(ThreadPoolExecutor.java:635) [?:?]
	at java.base/java.lang.Thread.run(Thread.java:840) [?:?]
2025-04-25 00:16:44,423 WARN o.a.j.r.ClassFinder: Can not open the jar /opt/apache-jmeter-5.6.3/lib/ext/JMeterPlugins-Manager.jar, message: zip file is empty
java.util.zip.ZipException: zip file is empty
	at java.base/java.util.zip.ZipFile$Source.zerror(ZipFile.java:1776) ~[?:?]
	at java.base/java.util.zip.ZipFile$Source.findEND(ZipFile.java:1560) ~[?:?]
	at java.base/java.util.zip.ZipFile$Source.initCEN(ZipFile.java:1655) ~[?:?]
	at java.base/java.util.zip.ZipFile$Source.<init>(ZipFile.java:1493) ~[?:?]
	at java.base/java.util.zip.ZipFile$Source.get(ZipFile.java:1455) ~[?:?]
	at java.base/java.util.zip.ZipFile$CleanableResource.<init>(ZipFile.java:727) ~[?:?]
	at java.base/java.util.zip.ZipFile.<init>(ZipFile.java:253) ~[?:?]
	at java.base/java.util.zip.ZipFile.<init>(ZipFile.java:181) ~[?:?]
	at java.base/java.util.zip.ZipFile.<init>(ZipFile.java:195) ~[?:?]
	at org.apache.jorphan.reflect.ClassFinder.findClassesInOnePath(ClassFinder.java:496) [jorphan.jar:5.6.3]
	at org.apache.jorphan.reflect.ClassFinder.findClasses(ClassFinder.java:443) [jorphan.jar:5.6.3]
	at org.apache.jorphan.reflect.ClassFinder.findClassesThatExtend(ClassFinder.java:413) [jorphan.jar:5.6.3]
	at org.apache.jorphan.reflect.ClassFinder.findClassesThatExtend(ClassFinder.java:336) [jorphan.jar:5.6.3]
	at org.apache.jorphan.reflect.ClassFinder.findClassesThatExtend(ClassFinder.java:315) [jorphan.jar:5.6.3]
	at org.apache.jmeter.util.JMeterUtils.findClassesThatExtend(JMeterUtils.java:402) [ApacheJMeter_core.jar:5.6.3]
	at org.apache.jmeter.util.JMeterUtils.loadServicesAndScanJars(JMeterUtils.java:349) [ApacheJMeter_core.jar:5.6.3]
	at org.apache.jmeter.engine.util.CompoundVariable.<clinit>(CompoundVariable.java:73) [ApacheJMeter_core.jar:5.6.3]
	at org.apache.jmeter.engine.util.ValueReplacer.<init>(ValueReplacer.java:43) [ApacheJMeter_core.jar:5.6.3]
	at org.apache.jmeter.engine.PreCompiler.<init>(PreCompiler.java:54) [ApacheJMeter_core.jar:5.6.3]
	at org.apache.jmeter.engine.StandardJMeterEngine.run(StandardJMeterEngine.java:412) [ApacheJMeter_core.jar:5.6.3]
	at java.base/java.util.concurrent.Executors$RunnableAdapter.call(Executors.java:539) [?:?]
	at java.base/java.util.concurrent.FutureTask.run(FutureTask.java:264) [?:?]
	at java.base/java.util.concurrent.ThreadPoolExecutor.runWorker(ThreadPoolExecutor.java:1136) [?:?]
	at java.base/java.util.concurrent.ThreadPoolExecutor$Worker.run(ThreadPoolExecutor.java:635) [?:?]
	at java.base/java.lang.Thread.run(Thread.java:840) [?:?]
2025-04-25 00:16:44,425 INFO o.a.j.r.ClassFinder: Will scan jar /opt/apache-jmeter-5.6.3/lib/ext/jmeter-plugins-casutg-3.0.jar with filter ExtendsClassFilter [parents=[interface org.apache.jmeter.functions.Function], inner=false, contains=null, notContains=null]. Consider exposing JMeter plugins via META-INF/services, and add JMeter-Skip-Class-Scanning=true manifest attribute so JMeter can skip classfile scanning
2025-04-25 00:16:44,441 INFO o.a.j.r.ClassFinder: Will scan jar /opt/apache-jmeter-5.6.3/lib/ext/jmeter-plugins-manager.jar with filter ExtendsClassFilter [parents=[interface org.apache.jmeter.functions.Function], inner=false, contains=null, notContains=null]. Consider exposing JMeter plugins via META-INF/services, and add JMeter-Skip-Class-Scanning=true manifest attribute so JMeter can skip classfile scanning
2025-04-25 00:16:44,537 INFO o.a.j.JMeter: Running test (1745511404537)
2025-04-25 00:16:44,565 INFO o.a.j.e.StandardJMeterEngine: Starting ThreadGroup: 1 : jp@gc - Ultimate Thread Group
2025-04-25 00:16:44,565 INFO o.a.j.e.StandardJMeterEngine: Starting 30 threads for group jp@gc - Ultimate Thread Group.
2025-04-25 00:16:44,565 INFO o.a.j.e.StandardJMeterEngine: Thread will continue on error
2025-04-25 00:16:44,565 INFO k.a.j.t.AbstractSimpleThreadGroup: Starting thread group number 1 threads 30
2025-04-25 00:16:44,620 INFO k.a.j.t.AbstractSimpleThreadGroup: Started thread group number 1
2025-04-25 00:16:44,621 INFO o.a.j.e.StandardJMeterEngine: All thread groups have been started
2025-04-25 00:16:56,566 INFO o.a.j.t.JMeterThread: Thread started: jp@gc - Ultimate Thread Group 1-30
2025-04-25 00:16:56,978 INFO o.a.j.p.h.s.HTTPHCAbstractImpl: Local host = vbox
2025-04-25 00:16:56,983 INFO o.a.j.p.h.s.HTTPHC4Impl: HTTP request retry count = 0
2025-04-25 00:16:56,984 INFO o.a.j.s.SampleResult: Note: Sample TimeStamps are START times
2025-04-25 00:16:56,984 INFO o.a.j.s.SampleResult: sampleresult.default.encoding is set to UTF-8
2025-04-25 00:16:56,984 INFO o.a.j.s.SampleResult: sampleresult.useNanoTime=true
2025-04-25 00:16:56,984 INFO o.a.j.s.SampleResult: sampleresult.nanoThreadSleep=5000
2025-04-25 00:16:58,567 INFO o.a.j.t.JMeterThread: Thread started: jp@gc - Ultimate Thread Group 1-29
2025-04-25 00:17:00,162 INFO o.a.j.r.Summariser: summary +      9 in 00:00:16 =    0.6/s Avg:   105 Min:    18 Max:   343 Err:     0 (0.00%) Active: 2 Started: 2 Finished: 0
2025-04-25 00:17:00,568 INFO o.a.j.t.JMeterThread: Thread started: jp@gc - Ultimate Thread Group 1-28
2025-04-25 00:17:02,565 INFO o.a.j.t.JMeterThread: Thread started: jp@gc - Ultimate Thread Group 1-27
2025-04-25 00:17:03,073 INFO o.a.j.u.JsseSSLManager: Using default SSL protocol: TLS
2025-04-25 00:17:03,073 INFO o.a.j.u.JsseSSLManager: SSL session context: per-thread
2025-04-25 00:17:04,565 INFO o.a.j.t.JMeterThread: Thread started: jp@gc - Ultimate Thread Group 1-26
2025-04-25 00:17:06,565 INFO o.a.j.t.JMeterThread: Thread started: jp@gc - Ultimate Thread Group 1-25
2025-04-25 00:17:08,565 INFO o.a.j.t.JMeterThread: Thread started: jp@gc - Ultimate Thread Group 1-24
2025-04-25 00:17:10,569 INFO o.a.j.t.JMeterThread: Thread started: jp@gc - Ultimate Thread Group 1-23
2025-04-25 00:17:12,568 INFO o.a.j.t.JMeterThread: Thread started: jp@gc - Ultimate Thread Group 1-22
2025-04-25 00:17:14,566 INFO o.a.j.t.JMeterThread: Thread started: jp@gc - Ultimate Thread Group 1-21
2025-04-25 00:17:16,568 INFO o.a.j.t.JMeterThread: Thread started: jp@gc - Ultimate Thread Group 1-20
2025-04-25 00:17:18,565 INFO o.a.j.t.JMeterThread: Thread started: jp@gc - Ultimate Thread Group 1-19
2025-04-25 00:17:20,565 INFO o.a.j.t.JMeterThread: Thread started: jp@gc - Ultimate Thread Group 1-18
2025-04-25 00:17:22,566 INFO o.a.j.t.JMeterThread: Thread started: jp@gc - Ultimate Thread Group 1-17
2025-04-25 00:17:24,565 INFO o.a.j.t.JMeterThread: Thread started: jp@gc - Ultimate Thread Group 1-16
2025-04-25 00:17:26,566 INFO o.a.j.t.JMeterThread: Thread started: jp@gc - Ultimate Thread Group 1-15
2025-04-25 00:17:28,569 INFO o.a.j.t.JMeterThread: Thread started: jp@gc - Ultimate Thread Group 1-14
2025-04-25 00:17:30,043 INFO o.a.j.r.Summariser: summary +    688 in 00:00:30 =   23.0/s Avg:    19 Min:     8 Max:   269 Err:     0 (0.00%) Active: 17 Started: 17 Finished: 0
2025-04-25 00:17:30,043 INFO o.a.j.r.Summariser: summary =    697 in 00:00:46 =   15.3/s Avg:    20 Min:     8 Max:   343 Err:     0 (0.00%)
2025-04-25 00:17:30,566 INFO o.a.j.t.JMeterThread: Thread started: jp@gc - Ultimate Thread Group 1-13
2025-04-25 00:17:32,565 INFO o.a.j.t.JMeterThread: Thread started: jp@gc - Ultimate Thread Group 1-12
2025-04-25 00:17:34,565 INFO o.a.j.t.JMeterThread: Thread started: jp@gc - Ultimate Thread Group 1-11
2025-04-25 00:17:36,565 INFO o.a.j.t.JMeterThread: Thread started: jp@gc - Ultimate Thread Group 1-10
2025-04-25 00:17:38,566 INFO o.a.j.t.JMeterThread: Thread started: jp@gc - Ultimate Thread Group 1-9
2025-04-25 00:17:40,566 INFO o.a.j.t.JMeterThread: Thread started: jp@gc - Ultimate Thread Group 1-8
2025-04-25 00:17:42,566 INFO o.a.j.t.JMeterThread: Thread started: jp@gc - Ultimate Thread Group 1-7
2025-04-25 00:17:44,568 INFO o.a.j.t.JMeterThread: Thread started: jp@gc - Ultimate Thread Group 1-6
2025-04-25 00:17:46,566 INFO o.a.j.t.JMeterThread: Thread started: jp@gc - Ultimate Thread Group 1-5
2025-04-25 00:17:48,567 INFO o.a.j.t.JMeterThread: Thread started: jp@gc - Ultimate Thread Group 1-4
2025-04-25 00:17:50,565 INFO o.a.j.t.JMeterThread: Thread started: jp@gc - Ultimate Thread Group 1-3
2025-04-25 00:17:52,565 INFO o.a.j.t.JMeterThread: Thread started: jp@gc - Ultimate Thread Group 1-2
2025-04-25 00:17:54,566 INFO o.a.j.t.JMeterThread: Thread started: jp@gc - Ultimate Thread Group 1-1
2025-04-25 00:18:00,001 INFO o.a.j.r.Summariser: summary +   1752 in 00:00:30 =   58.5/s Avg:    12 Min:     4 Max:    63 Err:     0 (0.00%) Active: 30 Started: 30 Finished: 0
2025-04-25 00:18:00,002 INFO o.a.j.r.Summariser: summary =   2449 in 00:01:15 =   32.5/s Avg:    14 Min:     4 Max:   343 Err:     0 (0.00%)
2025-04-25 00:18:30,006 INFO o.a.j.r.Summariser: summary +   2189 in 00:00:30 =   73.0/s Avg:    11 Min:     4 Max:    93 Err:     0 (0.00%) Active: 30 Started: 30 Finished: 0
2025-04-25 00:18:30,007 INFO o.a.j.r.Summariser: summary =   4638 in 00:01:45 =   44.0/s Avg:    13 Min:     4 Max:   343 Err:     0 (0.00%)
2025-04-25 00:19:00,015 INFO o.a.j.r.Summariser: summary +   2154 in 00:00:30 =   71.8/s Avg:    12 Min:     3 Max:   110 Err:     0 (0.00%) Active: 30 Started: 30 Finished: 0
2025-04-25 00:19:00,015 INFO o.a.j.r.Summariser: summary =   6792 in 00:02:15 =   50.1/s Avg:    13 Min:     3 Max:   343 Err:     0 (0.00%)
2025-04-25 00:19:30,010 INFO o.a.j.r.Summariser: summary +   2162 in 00:00:30 =   72.1/s Avg:    12 Min:     3 Max:   162 Err:     0 (0.00%) Active: 30 Started: 30 Finished: 0
2025-04-25 00:19:30,011 INFO o.a.j.r.Summariser: summary =   8954 in 00:02:45 =   54.1/s Avg:    12 Min:     3 Max:   343 Err:     0 (0.00%)
2025-04-25 00:20:00,032 INFO o.a.j.r.Summariser: summary +   2180 in 00:00:30 =   72.6/s Avg:    14 Min:     3 Max:   203 Err:     0 (0.00%) Active: 30 Started: 30 Finished: 0
2025-04-25 00:20:00,032 INFO o.a.j.r.Summariser: summary =  11134 in 00:03:15 =   57.0/s Avg:    13 Min:     3 Max:   343 Err:     0 (0.00%)
2025-04-25 00:20:30,004 INFO o.a.j.r.Summariser: summary +   2142 in 00:00:30 =   71.5/s Avg:    15 Min:     2 Max:   222 Err:     0 (0.00%) Active: 30 Started: 30 Finished: 0
2025-04-25 00:20:30,004 INFO o.a.j.r.Summariser: summary =  13276 in 00:03:45 =   58.9/s Avg:    13 Min:     2 Max:   343 Err:     0 (0.00%)
2025-04-25 00:21:00,027 INFO o.a.j.r.Summariser: summary +   2118 in 00:00:30 =   70.5/s Avg:    19 Min:     2 Max:   347 Err:     0 (0.00%) Active: 30 Started: 30 Finished: 0
2025-04-25 00:21:00,028 INFO o.a.j.r.Summariser: summary =  15394 in 00:04:15 =   60.3/s Avg:    14 Min:     2 Max:   347 Err:     0 (0.00%)
2025-04-25 00:21:30,003 INFO o.a.j.r.Summariser: summary +   2114 in 00:00:30 =   70.5/s Avg:    20 Min:     2 Max:   306 Err:     0 (0.00%) Active: 30 Started: 30 Finished: 0
2025-04-25 00:21:30,004 INFO o.a.j.r.Summariser: summary =  17508 in 00:04:45 =   61.3/s Avg:    15 Min:     2 Max:   347 Err:     0 (0.00%)
2025-04-25 00:22:00,015 INFO o.a.j.r.Summariser: summary +   2103 in 00:00:30 =   70.1/s Avg:    25 Min:     2 Max:   400 Err:     0 (0.00%) Active: 30 Started: 30 Finished: 0
2025-04-25 00:22:00,016 INFO o.a.j.r.Summariser: summary =  19611 in 00:05:15 =   62.2/s Avg:    16 Min:     2 Max:   400 Err:     0 (0.00%)
2025-04-25 00:22:30,003 INFO o.a.j.r.Summariser: summary +   2109 in 00:00:30 =   70.3/s Avg:    25 Min:     2 Max:   429 Err:     0 (0.00%) Active: 30 Started: 30 Finished: 0
2025-04-25 00:22:30,003 INFO o.a.j.r.Summariser: summary =  21720 in 00:05:45 =   62.9/s Avg:    17 Min:     2 Max:   429 Err:     0 (0.00%)
2025-04-25 00:23:00,016 INFO o.a.j.r.Summariser: summary +   2069 in 00:00:30 =   68.9/s Avg:    29 Min:     3 Max:   434 Err:     0 (0.00%) Active: 30 Started: 30 Finished: 0
2025-04-25 00:23:00,017 INFO o.a.j.r.Summariser: summary =  23789 in 00:06:15 =   63.4/s Avg:    18 Min:     2 Max:   434 Err:     0 (0.00%)
2025-04-25 00:23:30,032 INFO o.a.j.r.Summariser: summary +   2099 in 00:00:30 =   69.9/s Avg:    32 Min:     2 Max:   617 Err:     0 (0.00%) Active: 30 Started: 30 Finished: 0
2025-04-25 00:23:30,033 INFO o.a.j.r.Summariser: summary =  25888 in 00:06:45 =   63.8/s Avg:    19 Min:     2 Max:   617 Err:     0 (0.00%)
2025-04-25 00:24:00,050 INFO o.a.j.r.Summariser: summary +   2050 in 00:00:30 =   68.3/s Avg:    41 Min:     2 Max:   979 Err:     0 (0.00%) Active: 30 Started: 30 Finished: 0
2025-04-25 00:24:00,057 INFO o.a.j.r.Summariser: summary =  27938 in 00:07:16 =   64.1/s Avg:    21 Min:     2 Max:   979 Err:     0 (0.00%)
2025-04-25 00:24:30,004 INFO o.a.j.r.Summariser: summary +   2046 in 00:00:30 =   68.3/s Avg:    39 Min:     3 Max:   701 Err:     0 (0.00%) Active: 30 Started: 30 Finished: 0
2025-04-25 00:24:30,004 INFO o.a.j.r.Summariser: summary =  29984 in 00:07:45 =   64.4/s Avg:    22 Min:     2 Max:   979 Err:     0 (0.00%)
2025-04-25 00:25:00,008 INFO o.a.j.r.Summariser: summary +   2041 in 00:00:30 =   68.0/s Avg:    45 Min:     2 Max:   890 Err:     0 (0.00%) Active: 30 Started: 30 Finished: 0
2025-04-25 00:25:00,009 INFO o.a.j.r.Summariser: summary =  32025 in 00:08:15 =   64.6/s Avg:    23 Min:     2 Max:   979 Err:     0 (0.00%)
2025-04-25 00:25:30,007 INFO o.a.j.r.Summariser: summary +   2015 in 00:00:30 =   67.2/s Avg:    46 Min:     3 Max:   839 Err:     0 (0.00%) Active: 30 Started: 30 Finished: 0
2025-04-25 00:25:30,010 INFO o.a.j.r.Summariser: summary =  34040 in 00:08:45 =   64.8/s Avg:    25 Min:     2 Max:   979 Err:     0 (0.00%)
2025-04-25 00:26:00,010 INFO o.a.j.r.Summariser: summary +   1962 in 00:00:30 =   65.4/s Avg:    66 Min:     3 Max:  1402 Err:     0 (0.00%) Active: 30 Started: 30 Finished: 0
2025-04-25 00:26:00,011 INFO o.a.j.r.Summariser: summary =  36002 in 00:09:15 =   64.8/s Avg:    27 Min:     2 Max:  1402 Err:     0 (0.00%)
2025-04-25 00:26:30,025 INFO o.a.j.r.Summariser: summary +   1984 in 00:00:30 =   66.1/s Avg:    54 Min:     2 Max:  1016 Err:     0 (0.00%) Active: 30 Started: 30 Finished: 0
2025-04-25 00:26:30,027 INFO o.a.j.r.Summariser: summary =  37986 in 00:09:45 =   64.9/s Avg:    28 Min:     2 Max:  1402 Err:     0 (0.00%)
2025-04-25 00:27:00,003 INFO o.a.j.r.Summariser: summary +   1873 in 00:00:30 =   62.5/s Avg:    78 Min:     3 Max:  1376 Err:     0 (0.00%) Active: 30 Started: 30 Finished: 0
2025-04-25 00:27:00,004 INFO o.a.j.r.Summariser: summary =  39859 in 00:10:15 =   64.8/s Avg:    31 Min:     2 Max:  1402 Err:     0 (0.00%)
2025-04-25 00:27:30,022 INFO o.a.j.r.Summariser: summary +   1896 in 00:00:30 =   63.2/s Avg:    71 Min:     3 Max:  1653 Err:     0 (0.00%) Active: 30 Started: 30 Finished: 0
2025-04-25 00:27:30,022 INFO o.a.j.r.Summariser: summary =  41755 in 00:10:45 =   64.7/s Avg:    33 Min:     2 Max:  1653 Err:     0 (0.00%)
2025-04-25 00:28:00,017 INFO o.a.j.r.Summariser: summary +   1928 in 00:00:30 =   64.3/s Avg:    66 Min:     3 Max:  1043 Err:     0 (0.00%) Active: 30 Started: 30 Finished: 0
2025-04-25 00:28:00,020 INFO o.a.j.r.Summariser: summary =  43683 in 00:11:15 =   64.7/s Avg:    34 Min:     2 Max:  1653 Err:     0 (0.00%)
2025-04-25 00:28:30,008 INFO o.a.j.r.Summariser: summary +   1896 in 00:00:30 =   63.2/s Avg:    80 Min:     3 Max:  1442 Err:     0 (0.00%) Active: 30 Started: 30 Finished: 0
2025-04-25 00:28:30,009 INFO o.a.j.r.Summariser: summary =  45579 in 00:11:45 =   64.6/s Avg:    36 Min:     2 Max:  1653 Err:     0 (0.00%)
2025-04-25 00:29:00,005 INFO o.a.j.r.Summariser: summary +   1857 in 00:00:30 =   61.9/s Avg:    84 Min:     3 Max:  1535 Err:     0 (0.00%) Active: 30 Started: 30 Finished: 0
2025-04-25 00:29:00,007 INFO o.a.j.r.Summariser: summary =  47436 in 00:12:15 =   64.5/s Avg:    38 Min:     2 Max:  1653 Err:     0 (0.00%)
2025-04-25 00:29:30,012 INFO o.a.j.r.Summariser: summary +   1783 in 00:00:30 =   59.4/s Avg:   105 Min:     3 Max:  1819 Err:     0 (0.00%) Active: 30 Started: 30 Finished: 0
2025-04-25 00:29:30,012 INFO o.a.j.r.Summariser: summary =  49219 in 00:12:45 =   64.3/s Avg:    40 Min:     2 Max:  1819 Err:     0 (0.00%)
2025-04-25 00:30:00,022 INFO o.a.j.r.Summariser: summary +   1770 in 00:00:30 =   59.0/s Avg:   103 Min:     3 Max:  1736 Err:     0 (0.00%) Active: 30 Started: 30 Finished: 0
2025-04-25 00:30:00,023 INFO o.a.j.r.Summariser: summary =  50989 in 00:13:15 =   64.1/s Avg:    42 Min:     2 Max:  1819 Err:     0 (0.00%)
2025-04-25 00:30:30,127 INFO o.a.j.r.Summariser: summary +   1461 in 00:00:30 =   48.5/s Avg:   208 Min:     3 Max:  3007 Err:     0 (0.00%) Active: 30 Started: 30 Finished: 0
2025-04-25 00:30:30,128 INFO o.a.j.r.Summariser: summary =  52450 in 00:13:46 =   63.5/s Avg:    47 Min:     2 Max:  3007 Err:     0 (0.00%)
2025-04-25 00:31:00,013 INFO o.a.j.r.Summariser: summary +   1328 in 00:00:30 =   44.4/s Avg:   283 Min:     3 Max:  3671 Err:     0 (0.00%) Active: 30 Started: 30 Finished: 0
2025-04-25 00:31:00,013 INFO o.a.j.r.Summariser: summary =  53778 in 00:14:15 =   62.9/s Avg:    53 Min:     2 Max:  3671 Err:     0 (0.00%)
2025-04-25 00:31:30,001 INFO o.a.j.r.Summariser: summary +   1154 in 00:00:30 =   38.5/s Avg:   377 Min:     3 Max:  5046 Err:     0 (0.00%) Active: 30 Started: 30 Finished: 0
2025-04-25 00:31:30,002 INFO o.a.j.r.Summariser: summary =  54932 in 00:14:45 =   62.0/s Avg:    60 Min:     2 Max:  5046 Err:     0 (0.00%)
2025-04-25 00:32:00,008 INFO o.a.j.r.Summariser: summary +   1254 in 00:00:30 =   41.8/s Avg:   322 Min:     2 Max:  5731 Err:     0 (0.00%) Active: 30 Started: 30 Finished: 0
2025-04-25 00:32:00,009 INFO o.a.j.r.Summariser: summary =  56186 in 00:15:15 =   61.4/s Avg:    66 Min:     2 Max:  5731 Err:     0 (0.00%)
2025-04-25 00:32:30,020 INFO o.a.j.r.Summariser: summary +   1192 in 00:00:30 =   39.7/s Avg:   352 Min:     3 Max:  4704 Err:     0 (0.00%) Active: 30 Started: 30 Finished: 0
2025-04-25 00:32:30,020 INFO o.a.j.r.Summariser: summary =  57378 in 00:15:45 =   60.7/s Avg:    71 Min:     2 Max:  5731 Err:     0 (0.00%)
2025-04-25 00:33:00,082 INFO o.a.j.r.Summariser: summary +   1305 in 00:00:30 =   43.4/s Avg:   285 Min:     3 Max:  4279 Err:     0 (0.00%) Active: 30 Started: 30 Finished: 0
2025-04-25 00:33:00,083 INFO o.a.j.r.Summariser: summary =  58683 in 00:16:16 =   60.2/s Avg:    76 Min:     2 Max:  5731 Err:     0 (0.00%)
2025-04-25 00:33:30,289 INFO o.a.j.r.Summariser: summary +   1192 in 00:00:30 =   39.5/s Avg:   336 Min:     3 Max:  4467 Err:     0 (0.00%) Active: 30 Started: 30 Finished: 0
2025-04-25 00:33:30,290 INFO o.a.j.r.Summariser: summary =  59875 in 00:16:46 =   59.5/s Avg:    81 Min:     2 Max:  5731 Err:     0 (0.00%)
2025-04-25 00:34:00,010 INFO o.a.j.r.Summariser: summary +   1338 in 00:00:30 =   45.0/s Avg:   285 Min:     3 Max:  4174 Err:     0 (0.00%) Active: 30 Started: 30 Finished: 0
2025-04-25 00:34:00,010 INFO o.a.j.r.Summariser: summary =  61213 in 00:17:15 =   59.1/s Avg:    86 Min:     2 Max:  5731 Err:     0 (0.00%)
2025-04-25 00:34:30,023 INFO o.a.j.r.Summariser: summary +   1257 in 00:00:30 =   41.9/s Avg:   305 Min:     3 Max:  4089 Err:     0 (0.00%) Active: 30 Started: 30 Finished: 0
2025-04-25 00:34:30,024 INFO o.a.j.r.Summariser: summary =  62470 in 00:17:45 =   58.6/s Avg:    90 Min:     2 Max:  5731 Err:     0 (0.00%)
2025-04-25 00:35:00,734 INFO o.a.j.r.Summariser: summary +   1159 in 00:00:31 =   37.7/s Avg:   359 Min:     3 Max:  4714 Err:     0 (0.00%) Active: 30 Started: 30 Finished: 0
2025-04-25 00:35:00,736 INFO o.a.j.r.Summariser: summary =  63629 in 00:18:16 =   58.0/s Avg:    95 Min:     2 Max:  5731 Err:     0 (0.00%)
2025-04-25 00:35:30,458 INFO o.a.j.r.Summariser: summary +   1167 in 00:00:30 =   39.3/s Avg:   367 Min:     2 Max:  4606 Err:     0 (0.00%) Active: 30 Started: 30 Finished: 0
2025-04-25 00:35:30,459 INFO o.a.j.r.Summariser: summary =  64796 in 00:18:46 =   57.5/s Avg:   100 Min:     2 Max:  5731 Err:     0 (0.00%)
2025-04-25 00:36:00,003 INFO o.a.j.r.Summariser: summary +   1200 in 00:00:30 =   40.6/s Avg:   363 Min:     3 Max:  4559 Err:     0 (0.00%) Active: 30 Started: 30 Finished: 0
2025-04-25 00:36:00,004 INFO o.a.j.r.Summariser: summary =  65996 in 00:19:15 =   57.1/s Avg:   105 Min:     2 Max:  5731 Err:     0 (0.00%)
2025-04-25 00:36:30,020 INFO o.a.j.r.Summariser: summary +   1285 in 00:00:30 =   42.8/s Avg:   322 Min:     2 Max:  4176 Err:     0 (0.00%) Active: 30 Started: 30 Finished: 0
2025-04-25 00:36:30,020 INFO o.a.j.r.Summariser: summary =  67281 in 00:19:45 =   56.8/s Avg:   109 Min:     2 Max:  5731 Err:     0 (0.00%)
2025-04-25 00:37:00,006 INFO o.a.j.r.Summariser: summary +   1212 in 00:00:30 =   40.4/s Avg:   347 Min:     2 Max:  4581 Err:     0 (0.00%) Active: 30 Started: 30 Finished: 0
2025-04-25 00:37:00,006 INFO o.a.j.r.Summariser: summary =  68493 in 00:20:15 =   56.4/s Avg:   113 Min:     2 Max:  5731 Err:     0 (0.00%)
2025-04-25 00:37:30,019 INFO o.a.j.r.Summariser: summary +   1201 in 00:00:30 =   40.0/s Avg:   345 Min:     2 Max:  4605 Err:     0 (0.00%) Active: 30 Started: 30 Finished: 0
2025-04-25 00:37:30,020 INFO o.a.j.r.Summariser: summary =  69694 in 00:20:45 =   56.0/s Avg:   117 Min:     2 Max:  5731 Err:     0 (0.00%)
2025-04-25 00:37:56,884 INFO o.a.j.t.JMeterThread: Stopping because end time detected by thread: jp@gc - Ultimate Thread Group 1-29
2025-04-25 00:37:56,884 INFO o.a.j.t.JMeterThread: Thread finished: jp@gc - Ultimate Thread Group 1-29
2025-04-25 00:37:56,885 INFO o.a.j.t.JMeterThread: Stopping because end time detected by thread: jp@gc - Ultimate Thread Group 1-30
2025-04-25 00:37:56,885 INFO o.a.j.t.JMeterThread: Thread finished: jp@gc - Ultimate Thread Group 1-30
2025-04-25 00:37:57,207 INFO o.a.j.t.JMeterThread: Thread finished: jp@gc - Ultimate Thread Group 1-28
2025-04-25 00:37:58,169 INFO o.a.j.t.JMeterThread: Thread finished: jp@gc - Ultimate Thread Group 1-27
2025-04-25 00:37:59,251 INFO o.a.j.t.JMeterThread: Thread finished: jp@gc - Ultimate Thread Group 1-26
2025-04-25 00:38:00,056 INFO o.a.j.r.Summariser: summary +   1133 in 00:00:30 =   37.7/s Avg:   382 Min:     2 Max:  5457 Err:     0 (0.00%) Active: 25 Started: 30 Finished: 5
2025-04-25 00:38:00,056 INFO o.a.j.r.Summariser: summary =  70827 in 00:21:16 =   55.5/s Avg:   121 Min:     2 Max:  5731 Err:     0 (0.00%)
2025-04-25 00:38:00,641 INFO o.a.j.t.JMeterThread: Stopping because end time detected by thread: jp@gc - Ultimate Thread Group 1-25
2025-04-25 00:38:00,641 INFO o.a.j.t.JMeterThread: Thread finished: jp@gc - Ultimate Thread Group 1-25
2025-04-25 00:38:01,533 INFO o.a.j.t.JMeterThread: Thread finished: jp@gc - Ultimate Thread Group 1-24
2025-04-25 00:38:03,740 INFO o.a.j.t.JMeterThread: Stopping because end time detected by thread: jp@gc - Ultimate Thread Group 1-23
2025-04-25 00:38:03,740 INFO o.a.j.t.JMeterThread: Thread finished: jp@gc - Ultimate Thread Group 1-23
2025-04-25 00:38:03,804 INFO o.a.j.t.JMeterThread: Stopping because end time detected by thread: jp@gc - Ultimate Thread Group 1-22
2025-04-25 00:38:03,805 INFO o.a.j.t.JMeterThread: Thread finished: jp@gc - Ultimate Thread Group 1-22
2025-04-25 00:38:04,681 INFO o.a.j.t.JMeterThread: Stopping because end time detected by thread: jp@gc - Ultimate Thread Group 1-21
2025-04-25 00:38:04,682 INFO o.a.j.t.JMeterThread: Thread finished: jp@gc - Ultimate Thread Group 1-21
2025-04-25 00:38:05,542 INFO o.a.j.t.JMeterThread: Thread finished: jp@gc - Ultimate Thread Group 1-20
2025-04-25 00:38:06,189 INFO o.a.j.t.JMeterThread: Thread finished: jp@gc - Ultimate Thread Group 1-19
2025-04-25 00:38:08,959 INFO o.a.j.t.JMeterThread: Stopping because end time detected by thread: jp@gc - Ultimate Thread Group 1-18
2025-04-25 00:38:08,959 INFO o.a.j.t.JMeterThread: Thread finished: jp@gc - Ultimate Thread Group 1-18
2025-04-25 00:38:09,158 INFO o.a.j.t.JMeterThread: Stopping because end time detected by thread: jp@gc - Ultimate Thread Group 1-17
2025-04-25 00:38:09,159 INFO o.a.j.t.JMeterThread: Thread finished: jp@gc - Ultimate Thread Group 1-17
2025-04-25 00:38:09,385 INFO o.a.j.t.JMeterThread: Thread finished: jp@gc - Ultimate Thread Group 1-16
2025-04-25 00:38:10,202 INFO o.a.j.t.JMeterThread: Thread finished: jp@gc - Ultimate Thread Group 1-15
2025-04-25 00:38:11,307 INFO o.a.j.t.JMeterThread: Thread finished: jp@gc - Ultimate Thread Group 1-14
2025-04-25 00:38:12,239 INFO o.a.j.t.JMeterThread: Thread finished: jp@gc - Ultimate Thread Group 1-13
2025-04-25 00:38:13,393 INFO o.a.j.t.JMeterThread: Thread finished: jp@gc - Ultimate Thread Group 1-12
2025-04-25 00:38:14,358 INFO o.a.j.t.JMeterThread: Thread finished: jp@gc - Ultimate Thread Group 1-11
2025-04-25 00:38:15,195 INFO o.a.j.t.JMeterThread: Thread finished: jp@gc - Ultimate Thread Group 1-10
2025-04-25 00:38:16,442 INFO o.a.j.t.JMeterThread: Thread finished: jp@gc - Ultimate Thread Group 1-9
2025-04-25 00:38:17,768 INFO o.a.j.t.JMeterThread: Stopping because end time detected by thread: jp@gc - Ultimate Thread Group 1-8
2025-04-25 00:38:17,768 INFO o.a.j.t.JMeterThread: Thread finished: jp@gc - Ultimate Thread Group 1-8
2025-04-25 00:38:18,511 INFO o.a.j.t.JMeterThread: Thread finished: jp@gc - Ultimate Thread Group 1-7
2025-04-25 00:38:19,239 INFO o.a.j.t.JMeterThread: Thread finished: jp@gc - Ultimate Thread Group 1-6
2025-04-25 00:38:20,125 INFO o.a.j.t.JMeterThread: Thread finished: jp@gc - Ultimate Thread Group 1-5
2025-04-25 00:38:21,141 INFO o.a.j.t.JMeterThread: Thread finished: jp@gc - Ultimate Thread Group 1-4
2025-04-25 00:38:22,121 INFO o.a.j.t.JMeterThread: Thread finished: jp@gc - Ultimate Thread Group 1-3
2025-04-25 00:38:23,072 INFO o.a.j.t.JMeterThread: Thread finished: jp@gc - Ultimate Thread Group 1-2
2025-04-25 00:38:24,307 INFO o.a.j.t.JMeterThread: Thread finished: jp@gc - Ultimate Thread Group 1-1
2025-04-25 00:38:24,308 INFO o.a.j.e.StandardJMeterEngine: Notifying test listeners of end of test
2025-04-25 00:38:24,319 INFO o.a.j.r.Summariser: summary +    544 in 00:00:24 =   22.4/s Avg:   185 Min:     3 Max:  3352 Err:     0 (0.00%) Active: 0 Started: 30 Finished: 30
2025-04-25 00:38:24,319 INFO o.a.j.r.Summariser: summary =  71371 in 00:21:40 =   54.9/s Avg:   122 Min:     2 Max:  5731 Err:     0 (0.00%)
