2025-02-28 22:20:51,591 [myid:] - INFO  [main:ZooKeeperGrayClientMain@163] - My client id is 6
2025-02-28 22:20:51,602 [myid:] - INFO  [main:ZooKeeperGrayClientMain@166] - My process's pid is 216962
2025-02-28 22:20:51,737 [myid:] - INFO  [main:ZooKeeperGrayClientMain@49] - running command [write, 10712, 1, 10, 40]
2025-02-28 22:20:51,746 [myid:] - INFO  [main:Environment@98] - Client environment:zookeeper.version=3.6.2--803c7f1a12f85978cb049af5e4ef23bd8b688715, built on 09/04/2020 12:44 GMT
2025-02-28 22:20:51,747 [myid:] - INFO  [main:Environment@98] - Client environment:host.name=alessandro-HP-Pavilion-Laptop-15-eg2xxx
2025-02-28 22:20:51,747 [myid:] - INFO  [main:Environment@98] - Client environment:java.version=1.8.0_442
2025-02-28 22:20:51,747 [myid:] - INFO  [main:Environment@98] - Client environment:java.vendor=Private Build
2025-02-28 22:20:51,747 [myid:] - INFO  [main:Environment@98] - Client environment:java.home=/usr/lib/jvm/java-8-openjdk-amd64/jre
2025-02-28 22:20:51,747 [myid:] - INFO  [main:Environment@98] - Client environment:java.class.path=/home/alessandro/PGFDS/legolas/workspace/legolas-zk/conf-1:/home/alessandro/PGFDS/legolas/driver/zookeeper/3.6.2/target/zk_3_6_2-1.0-jar-with-dependencies.jar
2025-02-28 22:20:51,747 [myid:] - INFO  [main:Environment@98] - Client environment:java.library.path=/usr/java/packages/lib/amd64:/usr/lib/x86_64-linux-gnu/jni:/lib/x86_64-linux-gnu:/usr/lib/x86_64-linux-gnu:/usr/lib/jni:/lib:/usr/lib
2025-02-28 22:20:51,747 [myid:] - INFO  [main:Environment@98] - Client environment:java.io.tmpdir=/tmp
2025-02-28 22:20:51,747 [myid:] - INFO  [main:Environment@98] - Client environment:java.compiler=<NA>
2025-02-28 22:20:51,747 [myid:] - INFO  [main:Environment@98] - Client environment:os.name=Linux
2025-02-28 22:20:51,747 [myid:] - INFO  [main:Environment@98] - Client environment:os.arch=amd64
2025-02-28 22:20:51,747 [myid:] - INFO  [main:Environment@98] - Client environment:os.version=6.8.0-52-generic
2025-02-28 22:20:51,747 [myid:] - INFO  [main:Environment@98] - Client environment:user.name=alessandro
2025-02-28 22:20:51,748 [myid:] - INFO  [main:Environment@98] - Client environment:user.home=/home/alessandro
2025-02-28 22:20:51,748 [myid:] - INFO  [main:Environment@98] - Client environment:user.dir=/home/alessandro/PGFDS/legolas/scripts/experiment
2025-02-28 22:20:51,748 [myid:] - INFO  [main:Environment@98] - Client environment:os.memory.free=230MB
2025-02-28 22:20:51,748 [myid:] - INFO  [main:Environment@98] - Client environment:os.memory.max=3481MB
2025-02-28 22:20:51,749 [myid:] - INFO  [main:Environment@98] - Client environment:os.memory.total=236MB
2025-02-28 22:20:51,751 [myid:] - INFO  [main:ZooKeeper@1006] - Initiating client connection, connectString=localhost:10712 sessionTimeout=7000 watcher=edu.umich.order.legolas.zk_3_6_2.ZooKeeperGrayClient$$Lambda$8/116211441@3caeaf62
2025-02-28 22:20:51,755 [myid:] - INFO  [main:X509Util@77] - Setting -D jdk.tls.rejectClientInitiatedRenegotiation=true to disable client-initiated TLS renegotiation
2025-02-28 22:20:51,763 [myid:] - INFO  [main:ClientCnxnSocket@239] - jute.maxbuffer value is 1048575 Bytes
2025-02-28 22:20:51,771 [myid:] - INFO  [main:ClientCnxn@1716] - zookeeper.request.timeout value is 0. feature enabled=false
2025-02-28 22:20:51,784 [myid:localhost:10712] - INFO  [main-SendThread(localhost:10712):ClientCnxn$SendThread@1167] - Opening socket connection to server localhost/127.0.0.1:10712.
2025-02-28 22:20:51,784 [myid:localhost:10712] - INFO  [main-SendThread(localhost:10712):ClientCnxn$SendThread@1169] - SASL config status: Will not attempt to authenticate using SASL (unknown error)
2025-02-28 22:20:51,794 [myid:localhost:10712] - INFO  [main-SendThread(localhost:10712):ClientCnxn$SendThread@999] - Socket connection established, initiating session, client: /127.0.0.1:53580, server: localhost/127.0.0.1:10712
2025-02-28 22:20:51,857 [myid:localhost:10712] - INFO  [main-SendThread(localhost:10712):ClientCnxn$SendThread@1433] - Session establishment complete on server localhost/127.0.0.1:10712, session id = 0x10001523a650001, negotiated timeout = 7000
2025-02-28 22:20:51,929 [myid:] - INFO  [main:ZooKeeperGrayClientMain@75] - progress = 1, time = 340615052
2025-02-28 22:20:51,981 [myid:] - INFO  [main:ZooKeeperGrayClientMain@75] - progress = 2, time = 392172258
2025-02-28 22:20:52,023 [myid:] - INFO  [main:ZooKeeperGrayClientMain@75] - progress = 3, time = 434645547
2025-02-28 22:20:52,085 [myid:] - INFO  [main:ZooKeeperGrayClientMain@75] - progress = 4, time = 496044073
2025-02-28 22:20:52,115 [myid:] - INFO  [main:ZooKeeperGrayClientMain@75] - progress = 5, time = 526637866
2025-02-28 22:20:52,165 [myid:] - INFO  [main:ZooKeeperGrayClientMain@75] - progress = 6, time = 576906027
2025-02-28 22:20:52,205 [myid:] - INFO  [main:ZooKeeperGrayClientMain@75] - progress = 7, time = 616185926
2025-02-28 22:20:52,235 [myid:] - INFO  [main:ZooKeeperGrayClientMain@75] - progress = 8, time = 646122133
2025-02-28 22:20:52,276 [myid:] - INFO  [main:ZooKeeperGrayClientMain@75] - progress = 9, time = 687327310
2025-02-28 22:20:52,338 [myid:] - INFO  [main:ZooKeeperGrayClientMain@75] - progress = 10, time = 748990512
2025-02-28 22:20:52,397 [myid:] - INFO  [main:ZooKeeperGrayClientMain@75] - progress = 11, time = 808216340
2025-02-28 22:20:52,438 [myid:] - INFO  [main:ZooKeeperGrayClientMain@75] - progress = 12, time = 849123751
2025-02-28 22:20:52,504 [myid:] - INFO  [main:ZooKeeperGrayClientMain@75] - progress = 13, time = 915139918
2025-02-28 22:20:52,540 [myid:] - INFO  [main:ZooKeeperGrayClientMain@75] - progress = 14, time = 951366142
2025-02-28 22:20:52,568 [myid:] - INFO  [main:ZooKeeperGrayClientMain@75] - progress = 15, time = 979564293
2025-02-28 22:20:52,597 [myid:] - INFO  [main:ZooKeeperGrayClientMain@75] - progress = 16, time = 1008321578
2025-02-28 22:20:52,637 [myid:] - INFO  [main:ZooKeeperGrayClientMain@75] - progress = 17, time = 1047916506
2025-02-28 22:20:52,674 [myid:] - INFO  [main:ZooKeeperGrayClientMain@75] - progress = 18, time = 1085224147
2025-02-28 22:20:52,711 [myid:] - INFO  [main:ZooKeeperGrayClientMain@75] - progress = 19, time = 1122655239
2025-02-28 22:20:52,732 [myid:] - INFO  [main:ZooKeeperGrayClientMain@75] - progress = 20, time = 1143854472
2025-02-28 22:20:52,772 [myid:] - INFO  [main:ZooKeeperGrayClientMain@75] - progress = 21, time = 1183833336
2025-02-28 22:20:52,808 [myid:] - INFO  [main:ZooKeeperGrayClientMain@75] - progress = 22, time = 1219717905
2025-02-28 22:20:52,836 [myid:] - INFO  [main:ZooKeeperGrayClientMain@75] - progress = 23, time = 1247102466
2025-02-28 22:20:52,867 [myid:] - INFO  [main:ZooKeeperGrayClientMain@75] - progress = 24, time = 1278423767
2025-02-28 22:20:52,891 [myid:] - INFO  [main:ZooKeeperGrayClientMain@75] - progress = 25, time = 1301965099
2025-02-28 22:20:52,917 [myid:] - INFO  [main:ZooKeeperGrayClientMain@75] - progress = 26, time = 1328845924
2025-02-28 22:20:52,943 [myid:] - INFO  [main:ZooKeeperGrayClientMain@75] - progress = 27, time = 1354442700
2025-02-28 22:20:52,969 [myid:] - INFO  [main:ZooKeeperGrayClientMain@75] - progress = 28, time = 1380779325
2025-02-28 22:20:52,991 [myid:] - INFO  [main:ZooKeeperGrayClientMain@75] - progress = 29, time = 1402671963
2025-02-28 22:20:53,013 [myid:] - INFO  [main:ZooKeeperGrayClientMain@75] - progress = 30, time = 1424499634
2025-02-28 22:20:53,037 [myid:] - INFO  [main:ZooKeeperGrayClientMain@75] - progress = 31, time = 1447977883
2025-02-28 22:20:53,062 [myid:] - INFO  [main:ZooKeeperGrayClientMain@75] - progress = 32, time = 1473358745
2025-02-28 22:20:53,085 [myid:] - INFO  [main:ZooKeeperGrayClientMain@75] - progress = 33, time = 1495955465
2025-02-28 22:20:53,105 [myid:] - INFO  [main:ZooKeeperGrayClientMain@75] - progress = 34, time = 1516588659
2025-02-28 22:20:53,125 [myid:] - INFO  [main:ZooKeeperGrayClientMain@75] - progress = 35, time = 1536575813
2025-02-28 22:20:53,145 [myid:] - INFO  [main:ZooKeeperGrayClientMain@75] - progress = 36, time = 1556029140
2025-02-28 22:20:53,166 [myid:] - INFO  [main:ZooKeeperGrayClientMain@75] - progress = 37, time = 1577587281
2025-02-28 22:20:53,185 [myid:] - INFO  [main:ZooKeeperGrayClientMain@75] - progress = 38, time = 1596092215
2025-02-28 22:20:53,201 [myid:] - INFO  [main:ZooKeeperGrayClientMain@75] - progress = 39, time = 1612731867
2025-02-28 22:20:53,219 [myid:] - INFO  [main:ZooKeeperGrayClientMain@75] - progress = 40, time = 1630104287
2025-02-28 22:20:53,338 [myid:] - INFO  [main:ZooKeeper@1619] - Session: 0x10001523a650001 closed
2025-02-28 22:20:53,338 [myid:] - INFO  [main-EventThread:ClientCnxn$EventThread@577] - EventThread shut down for session: 0x10001523a650001
