2025-02-28 22:20:50,758 [myid:] - INFO  [main:ZooKeeperGrayClientMain@163] - My client id is 0
2025-02-28 22:20:50,764 [myid:] - INFO  [main:ZooKeeperGrayClientMain@166] - My process's pid is 216796
2025-02-28 22:20:50,857 [myid:] - INFO  [main:ZooKeeperGrayClientMain@49] - running command [create, 10712, 1, 10, 3]
2025-02-28 22:20:50,865 [myid:] - INFO  [main:Environment@98] - Client environment:zookeeper.version=3.6.2--803c7f1a12f85978cb049af5e4ef23bd8b688715, built on 09/04/2020 12:44 GMT
2025-02-28 22:20:50,865 [myid:] - INFO  [main:Environment@98] - Client environment:host.name=alessandro-HP-Pavilion-Laptop-15-eg2xxx
2025-02-28 22:20:50,869 [myid:] - INFO  [main:Environment@98] - Client environment:java.version=1.8.0_442
2025-02-28 22:20:50,869 [myid:] - INFO  [main:Environment@98] - Client environment:java.vendor=Private Build
2025-02-28 22:20:50,869 [myid:] - INFO  [main:Environment@98] - Client environment:java.home=/usr/lib/jvm/java-8-openjdk-amd64/jre
2025-02-28 22:20:50,869 [myid:] - INFO  [main:Environment@98] - Client environment:java.class.path=/home/alessandro/PGFDS/legolas/workspace/legolas-zk/conf-1:/home/alessandro/PGFDS/legolas/driver/zookeeper/3.6.2/target/zk_3_6_2-1.0-jar-with-dependencies.jar
2025-02-28 22:20:50,870 [myid:] - INFO  [main:Environment@98] - Client environment:java.library.path=/usr/java/packages/lib/amd64:/usr/lib/x86_64-linux-gnu/jni:/lib/x86_64-linux-gnu:/usr/lib/x86_64-linux-gnu:/usr/lib/jni:/lib:/usr/lib
2025-02-28 22:20:50,870 [myid:] - INFO  [main:Environment@98] - Client environment:java.io.tmpdir=/tmp
2025-02-28 22:20:50,870 [myid:] - INFO  [main:Environment@98] - Client environment:java.compiler=<NA>
2025-02-28 22:20:50,870 [myid:] - INFO  [main:Environment@98] - Client environment:os.name=Linux
2025-02-28 22:20:50,870 [myid:] - INFO  [main:Environment@98] - Client environment:os.arch=amd64
2025-02-28 22:20:50,870 [myid:] - INFO  [main:Environment@98] - Client environment:os.version=6.8.0-52-generic
2025-02-28 22:20:50,870 [myid:] - INFO  [main:Environment@98] - Client environment:user.name=alessandro
2025-02-28 22:20:50,871 [myid:] - INFO  [main:Environment@98] - Client environment:user.home=/home/alessandro
2025-02-28 22:20:50,871 [myid:] - INFO  [main:Environment@98] - Client environment:user.dir=/home/alessandro/PGFDS/legolas/scripts/experiment
2025-02-28 22:20:50,871 [myid:] - INFO  [main:Environment@98] - Client environment:os.memory.free=230MB
2025-02-28 22:20:50,871 [myid:] - INFO  [main:Environment@98] - Client environment:os.memory.max=3481MB
2025-02-28 22:20:50,871 [myid:] - INFO  [main:Environment@98] - Client environment:os.memory.total=236MB
2025-02-28 22:20:50,874 [myid:] - INFO  [main:ZooKeeper@1006] - Initiating client connection, connectString=localhost:10712 sessionTimeout=7000 watcher=edu.umich.order.legolas.zk_3_6_2.ZooKeeperGrayClient$$Lambda$8/116211441@3caeaf62
2025-02-28 22:20:50,877 [myid:] - INFO  [main:X509Util@77] - Setting -D jdk.tls.rejectClientInitiatedRenegotiation=true to disable client-initiated TLS renegotiation
2025-02-28 22:20:50,882 [myid:] - INFO  [main:ClientCnxnSocket@239] - jute.maxbuffer value is 1048575 Bytes
2025-02-28 22:20:50,888 [myid:] - INFO  [main:ClientCnxn@1716] - zookeeper.request.timeout value is 0. feature enabled=false
2025-02-28 22:20:50,891 [myid:localhost:10712] - INFO  [main-SendThread(localhost:10712):ClientCnxn$SendThread@1167] - Opening socket connection to server localhost/127.0.0.1:10712.
2025-02-28 22:20:50,891 [myid:localhost:10712] - INFO  [main-SendThread(localhost:10712):ClientCnxn$SendThread@1169] - SASL config status: Will not attempt to authenticate using SASL (unknown error)
2025-02-28 22:20:50,895 [myid:localhost:10712] - INFO  [main-SendThread(localhost:10712):ClientCnxn$SendThread@999] - Socket connection established, initiating session, client: /127.0.0.1:53574, server: localhost/127.0.0.1:10712
2025-02-28 22:20:50,980 [myid:localhost:10712] - INFO  [main-SendThread(localhost:10712):ClientCnxn$SendThread@1433] - Session establishment complete on server localhost/127.0.0.1:10712, session id = 0x10001523a650000, negotiated timeout = 7000
2025-02-28 22:20:51,117 [myid:] - INFO  [main:ZooKeeperGrayClientMain@75] - progress = 1, time = 360611814
2025-02-28 22:20:51,216 [myid:] - INFO  [main:ZooKeeperGrayClientMain@75] - progress = 2, time = 459414532
2025-02-28 22:20:51,280 [myid:] - INFO  [main:ZooKeeperGrayClientMain@75] - progress = 3, time = 523146365
2025-02-28 22:20:51,324 [myid:localhost:10712] - WARN  [main-SendThread(localhost:10712):ClientCnxn$SendThread@1279] - An exception was thrown while closing send thread for session 0x10001523a650000.
EndOfStreamException: Unable to read additional data from server sessionid 0x10001523a650000, likely server has closed socket
	at org.apache.zookeeper.ClientCnxnSocketNIO.doIO(ClientCnxnSocketNIO.java:77)
	at org.apache.zookeeper.ClientCnxnSocketNIO.doTransport(ClientCnxnSocketNIO.java:350)
	at org.apache.zookeeper.ClientCnxn$SendThread.run(ClientCnxn.java:1275)
2025-02-28 22:20:51,426 [myid:] - INFO  [main:ZooKeeper@1619] - Session: 0x10001523a650000 closed
2025-02-28 22:20:51,426 [myid:] - INFO  [main-EventThread:ClientCnxn$EventThread@577] - EventThread shut down for session: 0x10001523a650000
