2025-02-28 21:13:27,471 [myid:] - INFO  [main:ZooKeeperGrayClientMain@163] - My client id is 3
2025-02-28 21:13:27,490 [myid:] - INFO  [main:ZooKeeperGrayClientMain@166] - My process's pid is 164917
2025-02-28 21:13:27,681 [myid:] - INFO  [main:ZooKeeperGrayClientMain@49] - running command [read, 10712, 1, 10, 40]
2025-02-28 21:13:27,703 [myid:] - INFO  [main:Environment@98] - Client environment:zookeeper.version=3.6.2--803c7f1a12f85978cb049af5e4ef23bd8b688715, built on 09/04/2020 12:44 GMT
2025-02-28 21:13:27,703 [myid:] - INFO  [main:Environment@98] - Client environment:host.name=alessandro-HP-Pavilion-Laptop-15-eg2xxx
2025-02-28 21:13:27,704 [myid:] - INFO  [main:Environment@98] - Client environment:java.version=1.8.0_442
2025-02-28 21:13:27,704 [myid:] - INFO  [main:Environment@98] - Client environment:java.vendor=Private Build
2025-02-28 21:13:27,707 [myid:] - INFO  [main:Environment@98] - Client environment:java.home=/usr/lib/jvm/java-8-openjdk-amd64/jre
2025-02-28 21:13:27,707 [myid:] - INFO  [main:Environment@98] - Client environment:java.class.path=/home/alessandro/PGFDS/legolas/workspace/legolas-zk/conf-1:/home/alessandro/PGFDS/legolas/driver/zookeeper/3.6.2/target/zk_3_6_2-1.0-jar-with-dependencies.jar
2025-02-28 21:13:27,707 [myid:] - INFO  [main:Environment@98] - Client environment:java.library.path=/usr/java/packages/lib/amd64:/usr/lib/x86_64-linux-gnu/jni:/lib/x86_64-linux-gnu:/usr/lib/x86_64-linux-gnu:/usr/lib/jni:/lib:/usr/lib
2025-02-28 21:13:27,708 [myid:] - INFO  [main:Environment@98] - Client environment:java.io.tmpdir=/tmp
2025-02-28 21:13:27,708 [myid:] - INFO  [main:Environment@98] - Client environment:java.compiler=<NA>
2025-02-28 21:13:27,708 [myid:] - INFO  [main:Environment@98] - Client environment:os.name=Linux
2025-02-28 21:13:27,708 [myid:] - INFO  [main:Environment@98] - Client environment:os.arch=amd64
2025-02-28 21:13:27,708 [myid:] - INFO  [main:Environment@98] - Client environment:os.version=6.8.0-52-generic
2025-02-28 21:13:27,708 [myid:] - INFO  [main:Environment@98] - Client environment:user.name=alessandro
2025-02-28 21:13:27,709 [myid:] - INFO  [main:Environment@98] - Client environment:user.home=/home/alessandro
2025-02-28 21:13:27,710 [myid:] - INFO  [main:Environment@98] - Client environment:user.dir=/home/alessandro/PGFDS/legolas/scripts/experiment
2025-02-28 21:13:27,710 [myid:] - INFO  [main:Environment@98] - Client environment:os.memory.free=230MB
2025-02-28 21:13:27,710 [myid:] - INFO  [main:Environment@98] - Client environment:os.memory.max=3481MB
2025-02-28 21:13:27,710 [myid:] - INFO  [main:Environment@98] - Client environment:os.memory.total=236MB
2025-02-28 21:13:27,720 [myid:] - INFO  [main:ZooKeeper@1006] - Initiating client connection, connectString=localhost:10712 sessionTimeout=7000 watcher=edu.umich.order.legolas.zk_3_6_2.ZooKeeperGrayClient$$Lambda$8/116211441@3caeaf62
2025-02-28 21:13:27,728 [myid:] - INFO  [main:X509Util@77] - Setting -D jdk.tls.rejectClientInitiatedRenegotiation=true to disable client-initiated TLS renegotiation
2025-02-28 21:13:27,739 [myid:] - INFO  [main:ClientCnxnSocket@239] - jute.maxbuffer value is 1048575 Bytes
2025-02-28 21:13:27,753 [myid:] - INFO  [main:ClientCnxn@1716] - zookeeper.request.timeout value is 0. feature enabled=false
2025-02-28 21:13:27,764 [myid:localhost:10712] - INFO  [main-SendThread(localhost:10712):ClientCnxn$SendThread@1167] - Opening socket connection to server localhost/127.0.0.1:10712.
2025-02-28 21:13:27,764 [myid:localhost:10712] - INFO  [main-SendThread(localhost:10712):ClientCnxn$SendThread@1169] - SASL config status: Will not attempt to authenticate using SASL (unknown error)
2025-02-28 21:13:27,771 [myid:localhost:10712] - INFO  [main-SendThread(localhost:10712):ClientCnxn$SendThread@999] - Socket connection established, initiating session, client: /127.0.0.1:35668, server: localhost/127.0.0.1:10712
2025-02-28 21:13:27,917 [myid:localhost:10712] - INFO  [main-SendThread(localhost:10712):ClientCnxn$SendThread@1433] - Session establishment complete on server localhost/127.0.0.1:10712, session id = 0x100011484280001, negotiated timeout = 7000
2025-02-28 21:13:27,957 [myid:] - INFO  [main:ZooKeeperGrayClientMain@75] - progress = 1, time = 488563702
2025-02-28 21:13:27,992 [myid:] - INFO  [main:ZooKeeperGrayClientMain@75] - progress = 2, time = 523831489
2025-02-28 21:13:28,009 [myid:] - INFO  [main:ZooKeeperGrayClientMain@75] - progress = 3, time = 540761370
2025-02-28 21:13:28,032 [myid:] - INFO  [main:ZooKeeperGrayClientMain@75] - progress = 4, time = 563681046
2025-02-28 21:13:28,053 [myid:] - INFO  [main:ZooKeeperGrayClientMain@75] - progress = 5, time = 585121422
2025-02-28 21:13:28,068 [myid:] - INFO  [main:ZooKeeperGrayClientMain@75] - progress = 6, time = 599729195
2025-02-28 21:13:28,084 [myid:] - INFO  [main:ZooKeeperGrayClientMain@75] - progress = 7, time = 615754303
2025-02-28 21:13:28,103 [myid:] - INFO  [main:ZooKeeperGrayClientMain@75] - progress = 8, time = 635048738
2025-02-28 21:13:28,120 [myid:] - INFO  [main:ZooKeeperGrayClientMain@75] - progress = 9, time = 652140731
2025-02-28 21:13:28,135 [myid:] - INFO  [main:ZooKeeperGrayClientMain@75] - progress = 10, time = 666855767
2025-02-28 21:13:28,146 [myid:] - INFO  [main:ZooKeeperGrayClientMain@75] - progress = 11, time = 677696810
2025-02-28 21:13:28,160 [myid:] - INFO  [main:ZooKeeperGrayClientMain@75] - progress = 12, time = 691426177
2025-02-28 21:13:28,185 [myid:] - INFO  [main:ZooKeeperGrayClientMain@75] - progress = 13, time = 716928686
2025-02-28 21:13:28,211 [myid:] - INFO  [main:ZooKeeperGrayClientMain@75] - progress = 14, time = 742583054
2025-02-28 21:13:28,229 [myid:] - INFO  [main:ZooKeeperGrayClientMain@75] - progress = 15, time = 760454762
2025-02-28 21:13:28,251 [myid:] - INFO  [main:ZooKeeperGrayClientMain@75] - progress = 16, time = 782954597
2025-02-28 21:13:28,274 [myid:] - INFO  [main:ZooKeeperGrayClientMain@75] - progress = 17, time = 805605837
2025-02-28 21:13:28,290 [myid:] - INFO  [main:ZooKeeperGrayClientMain@75] - progress = 18, time = 821801819
2025-02-28 21:13:28,298 [myid:] - INFO  [main:ZooKeeperGrayClientMain@75] - progress = 19, time = 829285267
2025-02-28 21:13:28,334 [myid:] - INFO  [main:ZooKeeperGrayClientMain@75] - progress = 20, time = 865727541
2025-02-28 21:13:28,358 [myid:] - INFO  [main:ZooKeeperGrayClientMain@75] - progress = 21, time = 889314842
2025-02-28 21:13:28,371 [myid:] - INFO  [main:ZooKeeperGrayClientMain@75] - progress = 22, time = 902560161
2025-02-28 21:13:28,382 [myid:] - INFO  [main:ZooKeeperGrayClientMain@75] - progress = 23, time = 913562924
2025-02-28 21:13:28,395 [myid:] - INFO  [main:ZooKeeperGrayClientMain@75] - progress = 24, time = 926627897
2025-02-28 21:13:28,425 [myid:] - INFO  [main:ZooKeeperGrayClientMain@75] - progress = 25, time = 956347506
2025-02-28 21:13:28,465 [myid:] - INFO  [main:ZooKeeperGrayClientMain@75] - progress = 26, time = 996538179
2025-02-28 21:13:28,492 [myid:] - INFO  [main:ZooKeeperGrayClientMain@75] - progress = 27, time = 1023958874
2025-02-28 21:13:28,512 [myid:] - INFO  [main:ZooKeeperGrayClientMain@75] - progress = 28, time = 1043982534
2025-02-28 21:13:28,535 [myid:] - INFO  [main:ZooKeeperGrayClientMain@75] - progress = 29, time = 1066927005
2025-02-28 21:13:28,553 [myid:] - INFO  [main:ZooKeeperGrayClientMain@75] - progress = 30, time = 1084973362
2025-02-28 21:13:28,565 [myid:] - INFO  [main:ZooKeeperGrayClientMain@75] - progress = 31, time = 1096444345
2025-02-28 21:13:28,580 [myid:] - INFO  [main:ZooKeeperGrayClientMain@75] - progress = 32, time = 1111925942
2025-02-28 21:13:28,601 [myid:] - INFO  [main:ZooKeeperGrayClientMain@75] - progress = 33, time = 1132650993
2025-02-28 21:13:28,625 [myid:] - INFO  [main:ZooKeeperGrayClientMain@75] - progress = 34, time = 1156537573
2025-02-28 21:13:28,656 [myid:] - INFO  [main:ZooKeeperGrayClientMain@75] - progress = 35, time = 1187918564
2025-02-28 21:13:28,668 [myid:] - INFO  [main:ZooKeeperGrayClientMain@75] - progress = 36, time = 1199225164
2025-02-28 21:13:28,686 [myid:] - INFO  [main:ZooKeeperGrayClientMain@75] - progress = 37, time = 1217814630
2025-02-28 21:13:28,698 [myid:] - INFO  [main:ZooKeeperGrayClientMain@75] - progress = 38, time = 1229526807
2025-02-28 21:13:28,706 [myid:] - INFO  [main:ZooKeeperGrayClientMain@75] - progress = 39, time = 1237552976
2025-02-28 21:13:28,712 [myid:] - INFO  [main:ZooKeeperGrayClientMain@75] - progress = 40, time = 1243895899
2025-02-28 21:13:28,760 [myid:localhost:10712] - WARN  [main-SendThread(localhost:10712):ClientCnxn$SendThread@1279] - An exception was thrown while closing send thread for session 0x100011484280001.
EndOfStreamException: Unable to read additional data from server sessionid 0x100011484280001, likely server has closed socket
	at org.apache.zookeeper.ClientCnxnSocketNIO.doIO(ClientCnxnSocketNIO.java:77)
	at org.apache.zookeeper.ClientCnxnSocketNIO.doTransport(ClientCnxnSocketNIO.java:350)
	at org.apache.zookeeper.ClientCnxn$SendThread.run(ClientCnxn.java:1275)
2025-02-28 21:13:28,867 [myid:] - INFO  [main:ZooKeeper@1619] - Session: 0x100011484280001 closed
2025-02-28 21:13:28,867 [myid:] - INFO  [main-EventThread:ClientCnxn$EventThread@577] - EventThread shut down for session: 0x100011484280001
