2025-02-28 22:20:50,738 [myid:] - INFO  [main:ZooKeeperGrayClientMain@163] - My client id is 2
2025-02-28 22:20:50,746 [myid:] - INFO  [main:ZooKeeperGrayClientMain@166] - My process's pid is 216794
2025-02-28 22:20:50,844 [myid:] - INFO  [main:ZooKeeperGrayClientMain@49] - running command [create, 10714, 3, 10, 4]
2025-02-28 22:20:50,853 [myid:] - INFO  [main:Environment@98] - Client environment:zookeeper.version=3.6.2--803c7f1a12f85978cb049af5e4ef23bd8b688715, built on 09/04/2020 12:44 GMT
2025-02-28 22:20:50,853 [myid:] - INFO  [main:Environment@98] - Client environment:host.name=alessandro-HP-Pavilion-Laptop-15-eg2xxx
2025-02-28 22:20:50,853 [myid:] - INFO  [main:Environment@98] - Client environment:java.version=1.8.0_442
2025-02-28 22:20:50,853 [myid:] - INFO  [main:Environment@98] - Client environment:java.vendor=Private Build
2025-02-28 22:20:50,853 [myid:] - INFO  [main:Environment@98] - Client environment:java.home=/usr/lib/jvm/java-8-openjdk-amd64/jre
2025-02-28 22:20:50,854 [myid:] - INFO  [main:Environment@98] - Client environment:java.class.path=/home/alessandro/PGFDS/legolas/workspace/legolas-zk/conf-1:/home/alessandro/PGFDS/legolas/driver/zookeeper/3.6.2/target/zk_3_6_2-1.0-jar-with-dependencies.jar
2025-02-28 22:20:50,854 [myid:] - INFO  [main:Environment@98] - Client environment:java.library.path=/usr/java/packages/lib/amd64:/usr/lib/x86_64-linux-gnu/jni:/lib/x86_64-linux-gnu:/usr/lib/x86_64-linux-gnu:/usr/lib/jni:/lib:/usr/lib
2025-02-28 22:20:50,854 [myid:] - INFO  [main:Environment@98] - Client environment:java.io.tmpdir=/tmp
2025-02-28 22:20:50,854 [myid:] - INFO  [main:Environment@98] - Client environment:java.compiler=<NA>
2025-02-28 22:20:50,854 [myid:] - INFO  [main:Environment@98] - Client environment:os.name=Linux
2025-02-28 22:20:50,854 [myid:] - INFO  [main:Environment@98] - Client environment:os.arch=amd64
2025-02-28 22:20:50,854 [myid:] - INFO  [main:Environment@98] - Client environment:os.version=6.8.0-52-generic
2025-02-28 22:20:50,854 [myid:] - INFO  [main:Environment@98] - Client environment:user.name=alessandro
2025-02-28 22:20:50,855 [myid:] - INFO  [main:Environment@98] - Client environment:user.home=/home/alessandro
2025-02-28 22:20:50,855 [myid:] - INFO  [main:Environment@98] - Client environment:user.dir=/home/alessandro/PGFDS/legolas/scripts/experiment
2025-02-28 22:20:50,855 [myid:] - INFO  [main:Environment@98] - Client environment:os.memory.free=230MB
2025-02-28 22:20:50,856 [myid:] - INFO  [main:Environment@98] - Client environment:os.memory.max=3481MB
2025-02-28 22:20:50,856 [myid:] - INFO  [main:Environment@98] - Client environment:os.memory.total=236MB
2025-02-28 22:20:50,858 [myid:] - INFO  [main:ZooKeeper@1006] - Initiating client connection, connectString=localhost:10714 sessionTimeout=7000 watcher=edu.umich.order.legolas.zk_3_6_2.ZooKeeperGrayClient$$Lambda$8/116211441@3caeaf62
2025-02-28 22:20:50,862 [myid:] - INFO  [main:X509Util@77] - Setting -D jdk.tls.rejectClientInitiatedRenegotiation=true to disable client-initiated TLS renegotiation
2025-02-28 22:20:50,867 [myid:] - INFO  [main:ClientCnxnSocket@239] - jute.maxbuffer value is 1048575 Bytes
2025-02-28 22:20:50,873 [myid:] - INFO  [main:ClientCnxn@1716] - zookeeper.request.timeout value is 0. feature enabled=false
2025-02-28 22:20:50,878 [myid:localhost:10714] - INFO  [main-SendThread(localhost:10714):ClientCnxn$SendThread@1167] - Opening socket connection to server localhost/127.0.0.1:10714.
2025-02-28 22:20:50,878 [myid:localhost:10714] - INFO  [main-SendThread(localhost:10714):ClientCnxn$SendThread@1169] - SASL config status: Will not attempt to authenticate using SASL (unknown error)
2025-02-28 22:20:50,881 [myid:localhost:10714] - INFO  [main-SendThread(localhost:10714):ClientCnxn$SendThread@999] - Socket connection established, initiating session, client: /127.0.0.1:51612, server: localhost/127.0.0.1:10714
2025-02-28 22:20:50,982 [myid:localhost:10714] - INFO  [main-SendThread(localhost:10714):ClientCnxn$SendThread@1433] - Session establishment complete on server localhost/127.0.0.1:10714, session id = 0x30001523adc0000, negotiated timeout = 7000
2025-02-28 22:20:51,093 [myid:] - INFO  [main:ZooKeeperGrayClientMain@75] - progress = 1, time = 356338640
2025-02-28 22:20:51,188 [myid:] - INFO  [main:ZooKeeperGrayClientMain@75] - progress = 2, time = 452109593
2025-02-28 22:20:51,242 [myid:] - INFO  [main:ZooKeeperGrayClientMain@75] - progress = 3, time = 505926659
2025-02-28 22:20:51,296 [myid:] - INFO  [main:ZooKeeperGrayClientMain@75] - progress = 4, time = 560187740
2025-02-28 22:20:51,447 [myid:] - INFO  [main:ZooKeeper@1619] - Session: 0x30001523adc0000 closed
2025-02-28 22:20:51,447 [myid:] - INFO  [main-EventThread:ClientCnxn$EventThread@577] - EventThread shut down for session: 0x30001523adc0000
