2025-02-28 22:20:51,592 [myid:] - INFO  [main:ZooKeeperGrayClientMain@163] - My client id is 4
2025-02-28 22:20:51,604 [myid:] - INFO  [main:ZooKeeperGrayClientMain@166] - My process's pid is 216966
2025-02-28 22:20:51,748 [myid:] - INFO  [main:ZooKeeperGrayClientMain@49] - running command [read, 10713, 2, 10, 40]
2025-02-28 22:20:51,758 [myid:] - INFO  [main:Environment@98] - Client environment:zookeeper.version=3.6.2--803c7f1a12f85978cb049af5e4ef23bd8b688715, built on 09/04/2020 12:44 GMT
2025-02-28 22:20:51,758 [myid:] - INFO  [main:Environment@98] - Client environment:host.name=alessandro-HP-Pavilion-Laptop-15-eg2xxx
2025-02-28 22:20:51,760 [myid:] - INFO  [main:Environment@98] - Client environment:java.version=1.8.0_442
2025-02-28 22:20:51,760 [myid:] - INFO  [main:Environment@98] - Client environment:java.vendor=Private Build
2025-02-28 22:20:51,760 [myid:] - INFO  [main:Environment@98] - Client environment:java.home=/usr/lib/jvm/java-8-openjdk-amd64/jre
2025-02-28 22:20:51,760 [myid:] - INFO  [main:Environment@98] - Client environment:java.class.path=/home/alessandro/PGFDS/legolas/workspace/legolas-zk/conf-1:/home/alessandro/PGFDS/legolas/driver/zookeeper/3.6.2/target/zk_3_6_2-1.0-jar-with-dependencies.jar
2025-02-28 22:20:51,761 [myid:] - INFO  [main:Environment@98] - Client environment:java.library.path=/usr/java/packages/lib/amd64:/usr/lib/x86_64-linux-gnu/jni:/lib/x86_64-linux-gnu:/usr/lib/x86_64-linux-gnu:/usr/lib/jni:/lib:/usr/lib
2025-02-28 22:20:51,761 [myid:] - INFO  [main:Environment@98] - Client environment:java.io.tmpdir=/tmp
2025-02-28 22:20:51,761 [myid:] - INFO  [main:Environment@98] - Client environment:java.compiler=<NA>
2025-02-28 22:20:51,761 [myid:] - INFO  [main:Environment@98] - Client environment:os.name=Linux
2025-02-28 22:20:51,761 [myid:] - INFO  [main:Environment@98] - Client environment:os.arch=amd64
2025-02-28 22:20:51,761 [myid:] - INFO  [main:Environment@98] - Client environment:os.version=6.8.0-52-generic
2025-02-28 22:20:51,761 [myid:] - INFO  [main:Environment@98] - Client environment:user.name=alessandro
2025-02-28 22:20:51,762 [myid:] - INFO  [main:Environment@98] - Client environment:user.home=/home/alessandro
2025-02-28 22:20:51,762 [myid:] - INFO  [main:Environment@98] - Client environment:user.dir=/home/alessandro/PGFDS/legolas/scripts/experiment
2025-02-28 22:20:51,762 [myid:] - INFO  [main:Environment@98] - Client environment:os.memory.free=230MB
2025-02-28 22:20:51,762 [myid:] - INFO  [main:Environment@98] - Client environment:os.memory.max=3481MB
2025-02-28 22:20:51,762 [myid:] - INFO  [main:Environment@98] - Client environment:os.memory.total=236MB
2025-02-28 22:20:51,766 [myid:] - INFO  [main:ZooKeeper@1006] - Initiating client connection, connectString=localhost:10713 sessionTimeout=7000 watcher=edu.umich.order.legolas.zk_3_6_2.ZooKeeperGrayClient$$Lambda$8/116211441@3caeaf62
2025-02-28 22:20:51,770 [myid:] - INFO  [main:X509Util@77] - Setting -D jdk.tls.rejectClientInitiatedRenegotiation=true to disable client-initiated TLS renegotiation
2025-02-28 22:20:51,780 [myid:] - INFO  [main:ClientCnxnSocket@239] - jute.maxbuffer value is 1048575 Bytes
2025-02-28 22:20:51,788 [myid:] - INFO  [main:ClientCnxn@1716] - zookeeper.request.timeout value is 0. feature enabled=false
2025-02-28 22:20:51,794 [myid:localhost:10713] - INFO  [main-SendThread(localhost:10713):ClientCnxn$SendThread@1167] - Opening socket connection to server localhost/127.0.0.1:10713.
2025-02-28 22:20:51,797 [myid:localhost:10713] - INFO  [main-SendThread(localhost:10713):ClientCnxn$SendThread@1169] - SASL config status: Will not attempt to authenticate using SASL (unknown error)
2025-02-28 22:20:51,804 [myid:localhost:10713] - INFO  [main-SendThread(localhost:10713):ClientCnxn$SendThread@999] - Socket connection established, initiating session, client: /127.0.0.1:60014, server: localhost/127.0.0.1:10713
2025-02-28 22:20:51,847 [myid:localhost:10713] - INFO  [main-SendThread(localhost:10713):ClientCnxn$SendThread@1433] - Session establishment complete on server localhost/127.0.0.1:10713, session id = 0x20001523a760002, negotiated timeout = 7000
2025-02-28 22:20:51,864 [myid:] - INFO  [main:ZooKeeperGrayClientMain@75] - progress = 1, time = 273961400
2025-02-28 22:20:51,875 [myid:] - INFO  [main:ZooKeeperGrayClientMain@75] - progress = 2, time = 284806579
2025-02-28 22:20:51,896 [myid:] - INFO  [main:ZooKeeperGrayClientMain@75] - progress = 3, time = 305337840
2025-02-28 22:20:51,906 [myid:] - INFO  [main:ZooKeeperGrayClientMain@75] - progress = 4, time = 315220111
2025-02-28 22:20:51,913 [myid:] - INFO  [main:ZooKeeperGrayClientMain@75] - progress = 5, time = 322971878
2025-02-28 22:20:51,927 [myid:] - INFO  [main:ZooKeeperGrayClientMain@75] - progress = 6, time = 336433443
2025-02-28 22:20:51,944 [myid:] - INFO  [main:ZooKeeperGrayClientMain@75] - progress = 7, time = 354098485
2025-02-28 22:20:51,953 [myid:] - INFO  [main:ZooKeeperGrayClientMain@75] - progress = 8, time = 362822245
2025-02-28 22:20:51,962 [myid:] - INFO  [main:ZooKeeperGrayClientMain@75] - progress = 9, time = 371711464
2025-02-28 22:20:51,971 [myid:] - INFO  [main:ZooKeeperGrayClientMain@75] - progress = 10, time = 380920115
2025-02-28 22:20:51,981 [myid:] - INFO  [main:ZooKeeperGrayClientMain@75] - progress = 11, time = 390509470
2025-02-28 22:20:51,990 [myid:] - INFO  [main:ZooKeeperGrayClientMain@75] - progress = 12, time = 399758685
2025-02-28 22:20:52,003 [myid:] - INFO  [main:ZooKeeperGrayClientMain@75] - progress = 13, time = 412654474
2025-02-28 22:20:52,015 [myid:] - INFO  [main:ZooKeeperGrayClientMain@75] - progress = 14, time = 424490589
2025-02-28 22:20:52,028 [myid:] - INFO  [main:ZooKeeperGrayClientMain@75] - progress = 15, time = 438048456
2025-02-28 22:20:52,047 [myid:] - INFO  [main:ZooKeeperGrayClientMain@75] - progress = 16, time = 456381262
2025-02-28 22:20:52,055 [myid:] - INFO  [main:ZooKeeperGrayClientMain@75] - progress = 17, time = 464535771
2025-02-28 22:20:52,061 [myid:] - INFO  [main:ZooKeeperGrayClientMain@75] - progress = 18, time = 470852079
2025-02-28 22:20:52,076 [myid:] - INFO  [main:ZooKeeperGrayClientMain@75] - progress = 19, time = 485724536
2025-02-28 22:20:52,088 [myid:] - INFO  [main:ZooKeeperGrayClientMain@75] - progress = 20, time = 497583027
2025-02-28 22:20:52,099 [myid:] - INFO  [main:ZooKeeperGrayClientMain@75] - progress = 21, time = 508557342
2025-02-28 22:20:52,108 [myid:] - INFO  [main:ZooKeeperGrayClientMain@75] - progress = 22, time = 517690565
2025-02-28 22:20:52,116 [myid:] - INFO  [main:ZooKeeperGrayClientMain@75] - progress = 23, time = 525227924
2025-02-28 22:20:52,121 [myid:] - INFO  [main:ZooKeeperGrayClientMain@75] - progress = 24, time = 530987848
2025-02-28 22:20:52,130 [myid:] - INFO  [main:ZooKeeperGrayClientMain@75] - progress = 25, time = 539440761
2025-02-28 22:20:52,140 [myid:] - INFO  [main:ZooKeeperGrayClientMain@75] - progress = 26, time = 549447792
2025-02-28 22:20:52,158 [myid:] - INFO  [main:ZooKeeperGrayClientMain@75] - progress = 27, time = 568088321
2025-02-28 22:20:52,172 [myid:] - INFO  [main:ZooKeeperGrayClientMain@75] - progress = 28, time = 581225739
2025-02-28 22:20:52,187 [myid:] - INFO  [main:ZooKeeperGrayClientMain@75] - progress = 29, time = 596331038
2025-02-28 22:20:52,196 [myid:] - INFO  [main:ZooKeeperGrayClientMain@75] - progress = 30, time = 606011843
2025-02-28 22:20:52,207 [myid:] - INFO  [main:ZooKeeperGrayClientMain@75] - progress = 31, time = 616505498
2025-02-28 22:20:52,218 [myid:] - INFO  [main:ZooKeeperGrayClientMain@75] - progress = 32, time = 627450735
2025-02-28 22:20:52,229 [myid:] - INFO  [main:ZooKeeperGrayClientMain@75] - progress = 33, time = 638808300
2025-02-28 22:20:52,240 [myid:] - INFO  [main:ZooKeeperGrayClientMain@75] - progress = 34, time = 650038231
2025-02-28 22:20:52,254 [myid:] - INFO  [main:ZooKeeperGrayClientMain@75] - progress = 35, time = 663798247
2025-02-28 22:20:52,265 [myid:] - INFO  [main:ZooKeeperGrayClientMain@75] - progress = 36, time = 674462239
2025-02-28 22:20:52,272 [myid:] - INFO  [main:ZooKeeperGrayClientMain@75] - progress = 37, time = 681322623
2025-02-28 22:20:52,285 [myid:] - INFO  [main:ZooKeeperGrayClientMain@75] - progress = 38, time = 694352630
2025-02-28 22:20:52,296 [myid:] - INFO  [main:ZooKeeperGrayClientMain@75] - progress = 39, time = 705339803
2025-02-28 22:20:52,311 [myid:] - INFO  [main:ZooKeeperGrayClientMain@75] - progress = 40, time = 720290095
2025-02-28 22:20:52,454 [myid:] - INFO  [main:ZooKeeper@1619] - Session: 0x20001523a760002 closed
2025-02-28 22:20:52,454 [myid:] - INFO  [main-EventThread:ClientCnxn$EventThread@577] - EventThread shut down for session: 0x20001523a760002
