2025-02-28 22:20:51,577 [myid:] - INFO  [main:ZooKeeperGrayClientMain@163] - My client id is 5
2025-02-28 22:20:51,586 [myid:] - INFO  [main:ZooKeeperGrayClientMain@166] - My process's pid is 216965
2025-02-28 22:20:51,707 [myid:] - INFO  [main:ZooKeeperGrayClientMain@49] - running command [read, 10714, 3, 10, 40]
2025-02-28 22:20:51,716 [myid:] - INFO  [main:Environment@98] - Client environment:zookeeper.version=3.6.2--803c7f1a12f85978cb049af5e4ef23bd8b688715, built on 09/04/2020 12:44 GMT
2025-02-28 22:20:51,716 [myid:] - INFO  [main:Environment@98] - Client environment:host.name=alessandro-HP-Pavilion-Laptop-15-eg2xxx
2025-02-28 22:20:51,716 [myid:] - INFO  [main:Environment@98] - Client environment:java.version=1.8.0_442
2025-02-28 22:20:51,716 [myid:] - INFO  [main:Environment@98] - Client environment:java.vendor=Private Build
2025-02-28 22:20:51,716 [myid:] - INFO  [main:Environment@98] - Client environment:java.home=/usr/lib/jvm/java-8-openjdk-amd64/jre
2025-02-28 22:20:51,716 [myid:] - INFO  [main:Environment@98] - Client environment:java.class.path=/home/alessandro/PGFDS/legolas/workspace/legolas-zk/conf-1:/home/alessandro/PGFDS/legolas/driver/zookeeper/3.6.2/target/zk_3_6_2-1.0-jar-with-dependencies.jar
2025-02-28 22:20:51,716 [myid:] - INFO  [main:Environment@98] - Client environment:java.library.path=/usr/java/packages/lib/amd64:/usr/lib/x86_64-linux-gnu/jni:/lib/x86_64-linux-gnu:/usr/lib/x86_64-linux-gnu:/usr/lib/jni:/lib:/usr/lib
2025-02-28 22:20:51,717 [myid:] - INFO  [main:Environment@98] - Client environment:java.io.tmpdir=/tmp
2025-02-28 22:20:51,717 [myid:] - INFO  [main:Environment@98] - Client environment:java.compiler=<NA>
2025-02-28 22:20:51,717 [myid:] - INFO  [main:Environment@98] - Client environment:os.name=Linux
2025-02-28 22:20:51,717 [myid:] - INFO  [main:Environment@98] - Client environment:os.arch=amd64
2025-02-28 22:20:51,717 [myid:] - INFO  [main:Environment@98] - Client environment:os.version=6.8.0-52-generic
2025-02-28 22:20:51,717 [myid:] - INFO  [main:Environment@98] - Client environment:user.name=alessandro
2025-02-28 22:20:51,718 [myid:] - INFO  [main:Environment@98] - Client environment:user.home=/home/alessandro
2025-02-28 22:20:51,718 [myid:] - INFO  [main:Environment@98] - Client environment:user.dir=/home/alessandro/PGFDS/legolas/scripts/experiment
2025-02-28 22:20:51,718 [myid:] - INFO  [main:Environment@98] - Client environment:os.memory.free=230MB
2025-02-28 22:20:51,718 [myid:] - INFO  [main:Environment@98] - Client environment:os.memory.max=3481MB
2025-02-28 22:20:51,718 [myid:] - INFO  [main:Environment@98] - Client environment:os.memory.total=236MB
2025-02-28 22:20:51,722 [myid:] - INFO  [main:ZooKeeper@1006] - Initiating client connection, connectString=localhost:10714 sessionTimeout=7000 watcher=edu.umich.order.legolas.zk_3_6_2.ZooKeeperGrayClient$$Lambda$8/116211441@3caeaf62
2025-02-28 22:20:51,726 [myid:] - INFO  [main:X509Util@77] - Setting -D jdk.tls.rejectClientInitiatedRenegotiation=true to disable client-initiated TLS renegotiation
2025-02-28 22:20:51,732 [myid:] - INFO  [main:ClientCnxnSocket@239] - jute.maxbuffer value is 1048575 Bytes
2025-02-28 22:20:51,738 [myid:] - INFO  [main:ClientCnxn@1716] - zookeeper.request.timeout value is 0. feature enabled=false
2025-02-28 22:20:51,746 [myid:localhost:10714] - INFO  [main-SendThread(localhost:10714):ClientCnxn$SendThread@1167] - Opening socket connection to server localhost/127.0.0.1:10714.
2025-02-28 22:20:51,746 [myid:localhost:10714] - INFO  [main-SendThread(localhost:10714):ClientCnxn$SendThread@1169] - SASL config status: Will not attempt to authenticate using SASL (unknown error)
2025-02-28 22:20:51,752 [myid:localhost:10714] - INFO  [main-SendThread(localhost:10714):ClientCnxn$SendThread@999] - Socket connection established, initiating session, client: /127.0.0.1:51626, server: localhost/127.0.0.1:10714
2025-02-28 22:20:51,838 [myid:localhost:10714] - INFO  [main-SendThread(localhost:10714):ClientCnxn$SendThread@1433] - Session establishment complete on server localhost/127.0.0.1:10714, session id = 0x30001523adc0002, negotiated timeout = 7000
2025-02-28 22:20:51,858 [myid:] - INFO  [main:ZooKeeperGrayClientMain@75] - progress = 1, time = 282180973
2025-02-28 22:20:51,888 [myid:] - INFO  [main:ZooKeeperGrayClientMain@75] - progress = 2, time = 312151378
2025-02-28 22:20:51,899 [myid:] - INFO  [main:ZooKeeperGrayClientMain@75] - progress = 3, time = 323117878
2025-02-28 22:20:51,909 [myid:] - INFO  [main:ZooKeeperGrayClientMain@75] - progress = 4, time = 333039171
2025-02-28 22:20:51,918 [myid:] - INFO  [main:ZooKeeperGrayClientMain@75] - progress = 5, time = 341494546
2025-02-28 22:20:51,928 [myid:] - INFO  [main:ZooKeeperGrayClientMain@75] - progress = 6, time = 352454191
2025-02-28 22:20:51,944 [myid:] - INFO  [main:ZooKeeperGrayClientMain@75] - progress = 7, time = 367706387
2025-02-28 22:20:51,953 [myid:] - INFO  [main:ZooKeeperGrayClientMain@75] - progress = 8, time = 377036341
2025-02-28 22:20:51,962 [myid:] - INFO  [main:ZooKeeperGrayClientMain@75] - progress = 9, time = 386334161
2025-02-28 22:20:51,979 [myid:] - INFO  [main:ZooKeeperGrayClientMain@75] - progress = 10, time = 402465878
2025-02-28 22:20:51,998 [myid:] - INFO  [main:ZooKeeperGrayClientMain@75] - progress = 11, time = 421641112
2025-02-28 22:20:52,018 [myid:] - INFO  [main:ZooKeeperGrayClientMain@75] - progress = 12, time = 441744141
2025-02-28 22:20:52,028 [myid:] - INFO  [main:ZooKeeperGrayClientMain@75] - progress = 13, time = 451823956
2025-02-28 22:20:52,045 [myid:] - INFO  [main:ZooKeeperGrayClientMain@75] - progress = 14, time = 468921896
2025-02-28 22:20:52,061 [myid:] - INFO  [main:ZooKeeperGrayClientMain@75] - progress = 15, time = 484599666
2025-02-28 22:20:52,079 [myid:] - INFO  [main:ZooKeeperGrayClientMain@75] - progress = 16, time = 502474439
2025-02-28 22:20:52,089 [myid:] - INFO  [main:ZooKeeperGrayClientMain@75] - progress = 17, time = 513333250
2025-02-28 22:20:52,104 [myid:] - INFO  [main:ZooKeeperGrayClientMain@75] - progress = 18, time = 527427858
2025-02-28 22:20:52,115 [myid:] - INFO  [main:ZooKeeperGrayClientMain@75] - progress = 19, time = 538895181
2025-02-28 22:20:52,133 [myid:] - INFO  [main:ZooKeeperGrayClientMain@75] - progress = 20, time = 556789485
2025-02-28 22:20:52,145 [myid:] - INFO  [main:ZooKeeperGrayClientMain@75] - progress = 21, time = 568620404
2025-02-28 22:20:52,165 [myid:] - INFO  [main:ZooKeeperGrayClientMain@75] - progress = 22, time = 589426547
2025-02-28 22:20:52,177 [myid:] - INFO  [main:ZooKeeperGrayClientMain@75] - progress = 23, time = 600894855
2025-02-28 22:20:52,190 [myid:] - INFO  [main:ZooKeeperGrayClientMain@75] - progress = 24, time = 614085428
2025-02-28 22:20:52,201 [myid:] - INFO  [main:ZooKeeperGrayClientMain@75] - progress = 25, time = 624783467
2025-02-28 22:20:52,212 [myid:] - INFO  [main:ZooKeeperGrayClientMain@75] - progress = 26, time = 635645614
2025-02-28 22:20:52,219 [myid:] - INFO  [main:ZooKeeperGrayClientMain@75] - progress = 27, time = 642831942
2025-02-28 22:20:52,228 [myid:] - INFO  [main:ZooKeeperGrayClientMain@75] - progress = 28, time = 652263025
2025-02-28 22:20:52,241 [myid:] - INFO  [main:ZooKeeperGrayClientMain@75] - progress = 29, time = 665212621
2025-02-28 22:20:52,259 [myid:] - INFO  [main:ZooKeeperGrayClientMain@75] - progress = 30, time = 682506369
2025-02-28 22:20:52,275 [myid:] - INFO  [main:ZooKeeperGrayClientMain@75] - progress = 31, time = 699034088
2025-02-28 22:20:52,294 [myid:] - INFO  [main:ZooKeeperGrayClientMain@75] - progress = 32, time = 717689098
2025-02-28 22:20:52,312 [myid:] - INFO  [main:ZooKeeperGrayClientMain@75] - progress = 33, time = 734531011
2025-02-28 22:20:52,332 [myid:] - INFO  [main:ZooKeeperGrayClientMain@75] - progress = 34, time = 755573514
2025-02-28 22:20:52,345 [myid:] - INFO  [main:ZooKeeperGrayClientMain@75] - progress = 35, time = 769183561
2025-02-28 22:20:52,361 [myid:] - INFO  [main:ZooKeeperGrayClientMain@75] - progress = 36, time = 784470009
2025-02-28 22:20:52,374 [myid:] - INFO  [main:ZooKeeperGrayClientMain@75] - progress = 37, time = 798000753
2025-02-28 22:20:52,391 [myid:] - INFO  [main:ZooKeeperGrayClientMain@75] - progress = 38, time = 814488897
2025-02-28 22:20:52,403 [myid:] - INFO  [main:ZooKeeperGrayClientMain@75] - progress = 39, time = 826951502
2025-02-28 22:20:52,411 [myid:] - INFO  [main:ZooKeeperGrayClientMain@75] - progress = 40, time = 834495170
2025-02-28 22:20:52,551 [myid:] - INFO  [main:ZooKeeper@1619] - Session: 0x30001523adc0002 closed
2025-02-28 22:20:52,551 [myid:] - INFO  [main-EventThread:ClientCnxn$EventThread@577] - EventThread shut down for session: 0x30001523adc0002
