2025-02-28 21:13:44,415 [myid:] - INFO  [main:ZooKeeperGrayClientMain@163] - My client id is 3
2025-02-28 21:13:44,437 [myid:] - INFO  [main:ZooKeeperGrayClientMain@166] - My process's pid is 166047
2025-02-28 21:13:44,690 [myid:] - INFO  [main:ZooKeeperGrayClientMain@49] - running command [read, 10712, 1, 10, 40]
2025-02-28 21:13:44,710 [myid:] - INFO  [main:Environment@98] - Client environment:zookeeper.version=3.6.2--803c7f1a12f85978cb049af5e4ef23bd8b688715, built on 09/04/2020 12:44 GMT
2025-02-28 21:13:44,710 [myid:] - INFO  [main:Environment@98] - Client environment:host.name=alessandro-HP-Pavilion-Laptop-15-eg2xxx
2025-02-28 21:13:44,712 [myid:] - INFO  [main:Environment@98] - Client environment:java.version=1.8.0_442
2025-02-28 21:13:44,712 [myid:] - INFO  [main:Environment@98] - Client environment:java.vendor=Private Build
2025-02-28 21:13:44,713 [myid:] - INFO  [main:Environment@98] - Client environment:java.home=/usr/lib/jvm/java-8-openjdk-amd64/jre
2025-02-28 21:13:44,713 [myid:] - INFO  [main:Environment@98] - Client environment:java.class.path=/home/alessandro/PGFDS/legolas/workspace/legolas-zk/conf-1:/home/alessandro/PGFDS/legolas/driver/zookeeper/3.6.2/target/zk_3_6_2-1.0-jar-with-dependencies.jar
2025-02-28 21:13:44,713 [myid:] - INFO  [main:Environment@98] - Client environment:java.library.path=/usr/java/packages/lib/amd64:/usr/lib/x86_64-linux-gnu/jni:/lib/x86_64-linux-gnu:/usr/lib/x86_64-linux-gnu:/usr/lib/jni:/lib:/usr/lib
2025-02-28 21:13:44,713 [myid:] - INFO  [main:Environment@98] - Client environment:java.io.tmpdir=/tmp
2025-02-28 21:13:44,713 [myid:] - INFO  [main:Environment@98] - Client environment:java.compiler=<NA>
2025-02-28 21:13:44,713 [myid:] - INFO  [main:Environment@98] - Client environment:os.name=Linux
2025-02-28 21:13:44,713 [myid:] - INFO  [main:Environment@98] - Client environment:os.arch=amd64
2025-02-28 21:13:44,713 [myid:] - INFO  [main:Environment@98] - Client environment:os.version=6.8.0-52-generic
2025-02-28 21:13:44,714 [myid:] - INFO  [main:Environment@98] - Client environment:user.name=alessandro
2025-02-28 21:13:44,716 [myid:] - INFO  [main:Environment@98] - Client environment:user.home=/home/alessandro
2025-02-28 21:13:44,716 [myid:] - INFO  [main:Environment@98] - Client environment:user.dir=/home/alessandro/PGFDS/legolas/scripts/experiment
2025-02-28 21:13:44,718 [myid:] - INFO  [main:Environment@98] - Client environment:os.memory.free=230MB
2025-02-28 21:13:44,718 [myid:] - INFO  [main:Environment@98] - Client environment:os.memory.max=3481MB
2025-02-28 21:13:44,718 [myid:] - INFO  [main:Environment@98] - Client environment:os.memory.total=236MB
2025-02-28 21:13:44,724 [myid:] - INFO  [main:ZooKeeper@1006] - Initiating client connection, connectString=localhost:10712 sessionTimeout=7000 watcher=edu.umich.order.legolas.zk_3_6_2.ZooKeeperGrayClient$$Lambda$8/116211441@3caeaf62
2025-02-28 21:13:44,731 [myid:] - INFO  [main:X509Util@77] - Setting -D jdk.tls.rejectClientInitiatedRenegotiation=true to disable client-initiated TLS renegotiation
2025-02-28 21:13:44,739 [myid:] - INFO  [main:ClientCnxnSocket@239] - jute.maxbuffer value is 1048575 Bytes
2025-02-28 21:13:44,749 [myid:] - INFO  [main:ClientCnxn@1716] - zookeeper.request.timeout value is 0. feature enabled=false
2025-02-28 21:13:44,763 [myid:localhost:10712] - INFO  [main-SendThread(localhost:10712):ClientCnxn$SendThread@1167] - Opening socket connection to server localhost/127.0.0.1:10712.
2025-02-28 21:13:44,764 [myid:localhost:10712] - INFO  [main-SendThread(localhost:10712):ClientCnxn$SendThread@1169] - SASL config status: Will not attempt to authenticate using SASL (unknown error)
2025-02-28 21:13:44,777 [myid:localhost:10712] - INFO  [main-SendThread(localhost:10712):ClientCnxn$SendThread@999] - Socket connection established, initiating session, client: /127.0.0.1:45718, server: localhost/127.0.0.1:10712
2025-02-28 21:13:44,860 [myid:localhost:10712] - INFO  [main-SendThread(localhost:10712):ClientCnxn$SendThread@1433] - Session establishment complete on server localhost/127.0.0.1:10712, session id = 0x1000114c6cf0002, negotiated timeout = 7000
2025-02-28 21:13:44,888 [myid:] - INFO  [main:ZooKeeperGrayClientMain@75] - progress = 1, time = 476443166
2025-02-28 21:13:44,904 [myid:] - INFO  [main:ZooKeeperGrayClientMain@75] - progress = 2, time = 492133099
2025-02-28 21:13:44,915 [myid:] - INFO  [main:ZooKeeperGrayClientMain@75] - progress = 3, time = 502799878
2025-02-28 21:13:44,925 [myid:] - INFO  [main:ZooKeeperGrayClientMain@75] - progress = 4, time = 513349624
2025-02-28 21:13:44,937 [myid:] - INFO  [main:ZooKeeperGrayClientMain@75] - progress = 5, time = 525300681
2025-02-28 21:13:44,946 [myid:] - INFO  [main:ZooKeeperGrayClientMain@75] - progress = 6, time = 534602246
2025-02-28 21:13:44,959 [myid:] - INFO  [main:ZooKeeperGrayClientMain@75] - progress = 7, time = 547129709
2025-02-28 21:13:44,972 [myid:] - INFO  [main:ZooKeeperGrayClientMain@75] - progress = 8, time = 560191415
2025-02-28 21:13:44,986 [myid:] - INFO  [main:ZooKeeperGrayClientMain@75] - progress = 9, time = 574619820
2025-02-28 21:13:45,003 [myid:] - INFO  [main:ZooKeeperGrayClientMain@75] - progress = 10, time = 591645082
2025-02-28 21:13:45,034 [myid:] - INFO  [main:ZooKeeperGrayClientMain@75] - progress = 11, time = 622206979
2025-02-28 21:13:45,058 [myid:] - INFO  [main:ZooKeeperGrayClientMain@75] - progress = 12, time = 646371284
2025-02-28 21:13:45,069 [myid:] - INFO  [main:ZooKeeperGrayClientMain@75] - progress = 13, time = 657581764
2025-02-28 21:13:45,090 [myid:] - INFO  [main:ZooKeeperGrayClientMain@75] - progress = 14, time = 678459330
2025-02-28 21:13:45,100 [myid:] - INFO  [main:ZooKeeperGrayClientMain@75] - progress = 15, time = 688030867
2025-02-28 21:13:45,107 [myid:] - INFO  [main:ZooKeeperGrayClientMain@75] - progress = 16, time = 695714182
2025-02-28 21:13:45,118 [myid:] - INFO  [main:ZooKeeperGrayClientMain@75] - progress = 17, time = 706105025
2025-02-28 21:13:45,134 [myid:] - INFO  [main:ZooKeeperGrayClientMain@75] - progress = 18, time = 722643421
2025-02-28 21:13:45,145 [myid:] - INFO  [main:ZooKeeperGrayClientMain@75] - progress = 19, time = 733008181
2025-02-28 21:13:45,153 [myid:] - INFO  [main:ZooKeeperGrayClientMain@75] - progress = 20, time = 741151415
2025-02-28 21:13:45,166 [myid:] - INFO  [main:ZooKeeperGrayClientMain@75] - progress = 21, time = 754312732
2025-02-28 21:13:45,176 [myid:] - INFO  [main:ZooKeeperGrayClientMain@75] - progress = 22, time = 764430851
2025-02-28 21:13:45,184 [myid:] - INFO  [main:ZooKeeperGrayClientMain@75] - progress = 23, time = 771863785
2025-02-28 21:13:45,210 [myid:] - INFO  [main:ZooKeeperGrayClientMain@75] - progress = 24, time = 798162664
2025-02-28 21:13:45,232 [myid:] - INFO  [main:ZooKeeperGrayClientMain@75] - progress = 25, time = 819795031
2025-02-28 21:13:45,241 [myid:] - INFO  [main:ZooKeeperGrayClientMain@75] - progress = 26, time = 829498393
2025-02-28 21:13:45,261 [myid:] - INFO  [main:ZooKeeperGrayClientMain@75] - progress = 27, time = 849348960
2025-02-28 21:13:45,273 [myid:] - INFO  [main:ZooKeeperGrayClientMain@75] - progress = 28, time = 861117092
2025-02-28 21:13:45,290 [myid:] - INFO  [main:ZooKeeperGrayClientMain@75] - progress = 29, time = 878735261
2025-02-28 21:13:45,311 [myid:] - INFO  [main:ZooKeeperGrayClientMain@75] - progress = 30, time = 899098484
2025-02-28 21:13:45,326 [myid:] - INFO  [main:ZooKeeperGrayClientMain@75] - progress = 31, time = 914778173
2025-02-28 21:13:45,355 [myid:] - INFO  [main:ZooKeeperGrayClientMain@75] - progress = 32, time = 943375578
2025-02-28 21:13:45,373 [myid:] - INFO  [main:ZooKeeperGrayClientMain@75] - progress = 33, time = 961444506
2025-02-28 21:13:45,386 [myid:] - INFO  [main:ZooKeeperGrayClientMain@75] - progress = 34, time = 974604750
2025-02-28 21:13:45,408 [myid:] - INFO  [main:ZooKeeperGrayClientMain@75] - progress = 35, time = 996476824
2025-02-28 21:13:45,433 [myid:] - INFO  [main:ZooKeeperGrayClientMain@75] - progress = 36, time = 1020984211
2025-02-28 21:13:45,463 [myid:] - INFO  [main:ZooKeeperGrayClientMain@75] - progress = 37, time = 1050946021
2025-02-28 21:13:45,484 [myid:] - INFO  [main:ZooKeeperGrayClientMain@75] - progress = 38, time = 1072017146
2025-02-28 21:13:45,495 [myid:] - INFO  [main:ZooKeeperGrayClientMain@75] - progress = 39, time = 1083720610
2025-02-28 21:13:45,509 [myid:] - INFO  [main:ZooKeeperGrayClientMain@75] - progress = 40, time = 1097692034
2025-02-28 21:13:45,569 [myid:localhost:10712] - WARN  [main-SendThread(localhost:10712):ClientCnxn$SendThread@1279] - An exception was thrown while closing send thread for session 0x1000114c6cf0002.
EndOfStreamException: Unable to read additional data from server sessionid 0x1000114c6cf0002, likely server has closed socket
	at org.apache.zookeeper.ClientCnxnSocketNIO.doIO(ClientCnxnSocketNIO.java:77)
	at org.apache.zookeeper.ClientCnxnSocketNIO.doTransport(ClientCnxnSocketNIO.java:350)
	at org.apache.zookeeper.ClientCnxn$SendThread.run(ClientCnxn.java:1275)
2025-02-28 21:13:45,675 [myid:] - INFO  [main-EventThread:ClientCnxn$EventThread@577] - EventThread shut down for session: 0x1000114c6cf0002
2025-02-28 21:13:45,675 [myid:] - INFO  [main:ZooKeeper@1619] - Session: 0x1000114c6cf0002 closed
