2025-02-28 21:13:44,411 [myid:] - INFO  [main:ZooKeeperGrayClientMain@163] - My client id is 7
2025-02-28 21:13:44,423 [myid:] - INFO  [main:ZooKeeperGrayClientMain@166] - My process's pid is 166052
2025-02-28 21:13:44,626 [myid:] - INFO  [main:ZooKeeperGrayClientMain@49] - running command [write, 10713, 2, 10, 40]
2025-02-28 21:13:44,645 [myid:] - INFO  [main:Environment@98] - Client environment:zookeeper.version=3.6.2--803c7f1a12f85978cb049af5e4ef23bd8b688715, built on 09/04/2020 12:44 GMT
2025-02-28 21:13:44,645 [myid:] - INFO  [main:Environment@98] - Client environment:host.name=alessandro-HP-Pavilion-Laptop-15-eg2xxx
2025-02-28 21:13:44,646 [myid:] - INFO  [main:Environment@98] - Client environment:java.version=1.8.0_442
2025-02-28 21:13:44,646 [myid:] - INFO  [main:Environment@98] - Client environment:java.vendor=Private Build
2025-02-28 21:13:44,646 [myid:] - INFO  [main:Environment@98] - Client environment:java.home=/usr/lib/jvm/java-8-openjdk-amd64/jre
2025-02-28 21:13:44,646 [myid:] - INFO  [main:Environment@98] - Client environment:java.class.path=/home/alessandro/PGFDS/legolas/workspace/legolas-zk/conf-1:/home/alessandro/PGFDS/legolas/driver/zookeeper/3.6.2/target/zk_3_6_2-1.0-jar-with-dependencies.jar
2025-02-28 21:13:44,646 [myid:] - INFO  [main:Environment@98] - Client environment:java.library.path=/usr/java/packages/lib/amd64:/usr/lib/x86_64-linux-gnu/jni:/lib/x86_64-linux-gnu:/usr/lib/x86_64-linux-gnu:/usr/lib/jni:/lib:/usr/lib
2025-02-28 21:13:44,646 [myid:] - INFO  [main:Environment@98] - Client environment:java.io.tmpdir=/tmp
2025-02-28 21:13:44,646 [myid:] - INFO  [main:Environment@98] - Client environment:java.compiler=<NA>
2025-02-28 21:13:44,646 [myid:] - INFO  [main:Environment@98] - Client environment:os.name=Linux
2025-02-28 21:13:44,647 [myid:] - INFO  [main:Environment@98] - Client environment:os.arch=amd64
2025-02-28 21:13:44,647 [myid:] - INFO  [main:Environment@98] - Client environment:os.version=6.8.0-52-generic
2025-02-28 21:13:44,647 [myid:] - INFO  [main:Environment@98] - Client environment:user.name=alessandro
2025-02-28 21:13:44,648 [myid:] - INFO  [main:Environment@98] - Client environment:user.home=/home/alessandro
2025-02-28 21:13:44,648 [myid:] - INFO  [main:Environment@98] - Client environment:user.dir=/home/alessandro/PGFDS/legolas/scripts/experiment
2025-02-28 21:13:44,648 [myid:] - INFO  [main:Environment@98] - Client environment:os.memory.free=230MB
2025-02-28 21:13:44,648 [myid:] - INFO  [main:Environment@98] - Client environment:os.memory.max=3481MB
2025-02-28 21:13:44,648 [myid:] - INFO  [main:Environment@98] - Client environment:os.memory.total=236MB
2025-02-28 21:13:44,652 [myid:] - INFO  [main:ZooKeeper@1006] - Initiating client connection, connectString=localhost:10713 sessionTimeout=7000 watcher=edu.umich.order.legolas.zk_3_6_2.ZooKeeperGrayClient$$Lambda$8/116211441@3caeaf62
2025-02-28 21:13:44,660 [myid:] - INFO  [main:X509Util@77] - Setting -D jdk.tls.rejectClientInitiatedRenegotiation=true to disable client-initiated TLS renegotiation
2025-02-28 21:13:44,667 [myid:] - INFO  [main:ClientCnxnSocket@239] - jute.maxbuffer value is 1048575 Bytes
2025-02-28 21:13:44,677 [myid:] - INFO  [main:ClientCnxn@1716] - zookeeper.request.timeout value is 0. feature enabled=false
2025-02-28 21:13:44,688 [myid:localhost:10713] - INFO  [main-SendThread(localhost:10713):ClientCnxn$SendThread@1167] - Opening socket connection to server localhost/127.0.0.1:10713.
2025-02-28 21:13:44,688 [myid:localhost:10713] - INFO  [main-SendThread(localhost:10713):ClientCnxn$SendThread@1169] - SASL config status: Will not attempt to authenticate using SASL (unknown error)
2025-02-28 21:13:44,695 [myid:localhost:10713] - INFO  [main-SendThread(localhost:10713):ClientCnxn$SendThread@999] - Socket connection established, initiating session, client: /127.0.0.1:37662, server: localhost/127.0.0.1:10713
2025-02-28 21:13:44,790 [myid:localhost:10713] - INFO  [main-SendThread(localhost:10713):ClientCnxn$SendThread@1433] - Session establishment complete on server localhost/127.0.0.1:10713, session id = 0x2000114c6f40001, negotiated timeout = 7000
2025-02-28 21:13:44,845 [myid:] - INFO  [main:ZooKeeperGrayClientMain@75] - progress = 1, time = 436572027
2025-02-28 21:13:44,877 [myid:] - INFO  [main:ZooKeeperGrayClientMain@75] - progress = 2, time = 467951312
2025-02-28 21:13:44,912 [myid:] - INFO  [main:ZooKeeperGrayClientMain@75] - progress = 3, time = 503020181
2025-02-28 21:13:44,938 [myid:] - INFO  [main:ZooKeeperGrayClientMain@75] - progress = 4, time = 529281235
2025-02-28 21:13:44,970 [myid:] - INFO  [main:ZooKeeperGrayClientMain@75] - progress = 5, time = 560721866
2025-02-28 21:13:45,002 [myid:] - INFO  [main:ZooKeeperGrayClientMain@75] - progress = 6, time = 593213613
2025-02-28 21:13:45,041 [myid:] - INFO  [main:ZooKeeperGrayClientMain@75] - progress = 7, time = 631691899
2025-02-28 21:13:45,087 [myid:] - INFO  [main:ZooKeeperGrayClientMain@75] - progress = 8, time = 678491128
2025-02-28 21:13:45,126 [myid:] - INFO  [main:ZooKeeperGrayClientMain@75] - progress = 9, time = 717549114
2025-02-28 21:13:45,163 [myid:] - INFO  [main:ZooKeeperGrayClientMain@75] - progress = 10, time = 754424487
2025-02-28 21:13:45,193 [myid:] - INFO  [main:ZooKeeperGrayClientMain@75] - progress = 11, time = 783891016
2025-02-28 21:13:45,240 [myid:] - INFO  [main:ZooKeeperGrayClientMain@75] - progress = 12, time = 831186547
2025-02-28 21:13:45,285 [myid:] - INFO  [main:ZooKeeperGrayClientMain@75] - progress = 13, time = 875757989
2025-02-28 21:13:45,332 [myid:] - INFO  [main:ZooKeeperGrayClientMain@75] - progress = 14, time = 923331914
2025-02-28 21:13:45,372 [myid:] - INFO  [main:ZooKeeperGrayClientMain@75] - progress = 15, time = 963186662
2025-02-28 21:13:45,431 [myid:] - INFO  [main:ZooKeeperGrayClientMain@75] - progress = 16, time = 1022387434
2025-02-28 21:13:45,460 [myid:] - INFO  [main:ZooKeeperGrayClientMain@75] - progress = 17, time = 1050760057
2025-02-28 21:13:45,491 [myid:] - INFO  [main:ZooKeeperGrayClientMain@75] - progress = 18, time = 1082144692
2025-02-28 21:13:45,521 [myid:] - INFO  [main:ZooKeeperGrayClientMain@75] - progress = 19, time = 1112443330
2025-02-28 21:13:45,545 [myid:] - INFO  [main:ZooKeeperGrayClientMain@75] - progress = 20, time = 1136179487
2025-02-28 21:13:45,577 [myid:] - INFO  [main:ZooKeeperGrayClientMain@75] - progress = 21, time = 1168305523
2025-02-28 21:13:45,612 [myid:] - INFO  [main:ZooKeeperGrayClientMain@75] - progress = 22, time = 1203024956
2025-02-28 21:13:45,639 [myid:] - INFO  [main:ZooKeeperGrayClientMain@75] - progress = 23, time = 1230100438
2025-02-28 21:13:45,657 [myid:] - INFO  [main:ZooKeeperGrayClientMain@75] - progress = 24, time = 1248251703
2025-02-28 21:13:45,678 [myid:] - INFO  [main:ZooKeeperGrayClientMain@75] - progress = 25, time = 1268811084
2025-02-28 21:13:45,698 [myid:] - INFO  [main:ZooKeeperGrayClientMain@75] - progress = 26, time = 1288811687
2025-02-28 21:13:45,723 [myid:] - INFO  [main:ZooKeeperGrayClientMain@75] - progress = 27, time = 1314369457
2025-02-28 21:13:45,750 [myid:] - INFO  [main:ZooKeeperGrayClientMain@75] - progress = 28, time = 1341476815
2025-02-28 21:13:45,799 [myid:] - INFO  [main:ZooKeeperGrayClientMain@75] - progress = 29, time = 1389890405
2025-02-28 21:13:45,830 [myid:] - INFO  [main:ZooKeeperGrayClientMain@75] - progress = 30, time = 1421377455
2025-02-28 21:13:45,876 [myid:] - INFO  [main:ZooKeeperGrayClientMain@75] - progress = 31, time = 1466879102
2025-02-28 21:13:45,901 [myid:] - INFO  [main:ZooKeeperGrayClientMain@75] - progress = 32, time = 1492112334
2025-02-28 21:13:45,924 [myid:] - INFO  [main:ZooKeeperGrayClientMain@75] - progress = 33, time = 1514901086
2025-02-28 21:13:45,951 [myid:] - INFO  [main:ZooKeeperGrayClientMain@75] - progress = 34, time = 1542250185
2025-02-28 21:13:45,971 [myid:] - INFO  [main:ZooKeeperGrayClientMain@75] - progress = 35, time = 1562465097
2025-02-28 21:13:46,006 [myid:] - INFO  [main:ZooKeeperGrayClientMain@75] - progress = 36, time = 1596711210
2025-02-28 21:13:46,025 [myid:] - INFO  [main:ZooKeeperGrayClientMain@75] - progress = 37, time = 1616364476
2025-02-28 21:13:46,045 [myid:] - INFO  [main:ZooKeeperGrayClientMain@75] - progress = 38, time = 1635831446
2025-02-28 21:13:46,066 [myid:] - INFO  [main:ZooKeeperGrayClientMain@75] - progress = 39, time = 1657571641
2025-02-28 21:13:46,087 [myid:] - INFO  [main:ZooKeeperGrayClientMain@75] - progress = 40, time = 1678364829
2025-02-28 21:13:46,210 [myid:] - INFO  [main:ZooKeeper@1619] - Session: 0x2000114c6f40001 closed
2025-02-28 21:13:46,210 [myid:] - INFO  [main-EventThread:ClientCnxn$EventThread@577] - EventThread shut down for session: 0x2000114c6f40001
