2025-02-28 21:13:44,410 [myid:] - INFO  [main:ZooKeeperGrayClientMain@163] - My client id is 5
2025-02-28 21:13:44,429 [myid:] - INFO  [main:ZooKeeperGrayClientMain@166] - My process's pid is 166050
2025-02-28 21:13:44,668 [myid:] - INFO  [main:ZooKeeperGrayClientMain@49] - running command [read, 10714, 3, 10, 40]
2025-02-28 21:13:44,687 [myid:] - INFO  [main:Environment@98] - Client environment:zookeeper.version=3.6.2--803c7f1a12f85978cb049af5e4ef23bd8b688715, built on 09/04/2020 12:44 GMT
2025-02-28 21:13:44,687 [myid:] - INFO  [main:Environment@98] - Client environment:host.name=alessandro-HP-Pavilion-Laptop-15-eg2xxx
2025-02-28 21:13:44,688 [myid:] - INFO  [main:Environment@98] - Client environment:java.version=1.8.0_442
2025-02-28 21:13:44,688 [myid:] - INFO  [main:Environment@98] - Client environment:java.vendor=Private Build
2025-02-28 21:13:44,689 [myid:] - INFO  [main:Environment@98] - Client environment:java.home=/usr/lib/jvm/java-8-openjdk-amd64/jre
2025-02-28 21:13:44,689 [myid:] - INFO  [main:Environment@98] - Client environment:java.class.path=/home/alessandro/PGFDS/legolas/workspace/legolas-zk/conf-1:/home/alessandro/PGFDS/legolas/driver/zookeeper/3.6.2/target/zk_3_6_2-1.0-jar-with-dependencies.jar
2025-02-28 21:13:44,689 [myid:] - INFO  [main:Environment@98] - Client environment:java.library.path=/usr/java/packages/lib/amd64:/usr/lib/x86_64-linux-gnu/jni:/lib/x86_64-linux-gnu:/usr/lib/x86_64-linux-gnu:/usr/lib/jni:/lib:/usr/lib
2025-02-28 21:13:44,689 [myid:] - INFO  [main:Environment@98] - Client environment:java.io.tmpdir=/tmp
2025-02-28 21:13:44,690 [myid:] - INFO  [main:Environment@98] - Client environment:java.compiler=<NA>
2025-02-28 21:13:44,695 [myid:] - INFO  [main:Environment@98] - Client environment:os.name=Linux
2025-02-28 21:13:44,695 [myid:] - INFO  [main:Environment@98] - Client environment:os.arch=amd64
2025-02-28 21:13:44,695 [myid:] - INFO  [main:Environment@98] - Client environment:os.version=6.8.0-52-generic
2025-02-28 21:13:44,695 [myid:] - INFO  [main:Environment@98] - Client environment:user.name=alessandro
2025-02-28 21:13:44,697 [myid:] - INFO  [main:Environment@98] - Client environment:user.home=/home/alessandro
2025-02-28 21:13:44,697 [myid:] - INFO  [main:Environment@98] - Client environment:user.dir=/home/alessandro/PGFDS/legolas/scripts/experiment
2025-02-28 21:13:44,697 [myid:] - INFO  [main:Environment@98] - Client environment:os.memory.free=230MB
2025-02-28 21:13:44,697 [myid:] - INFO  [main:Environment@98] - Client environment:os.memory.max=3481MB
2025-02-28 21:13:44,697 [myid:] - INFO  [main:Environment@98] - Client environment:os.memory.total=236MB
2025-02-28 21:13:44,706 [myid:] - INFO  [main:ZooKeeper@1006] - Initiating client connection, connectString=localhost:10714 sessionTimeout=7000 watcher=edu.umich.order.legolas.zk_3_6_2.ZooKeeperGrayClient$$Lambda$8/116211441@3caeaf62
2025-02-28 21:13:44,715 [myid:] - INFO  [main:X509Util@77] - Setting -D jdk.tls.rejectClientInitiatedRenegotiation=true to disable client-initiated TLS renegotiation
2025-02-28 21:13:44,729 [myid:] - INFO  [main:ClientCnxnSocket@239] - jute.maxbuffer value is 1048575 Bytes
2025-02-28 21:13:44,741 [myid:] - INFO  [main:ClientCnxn@1716] - zookeeper.request.timeout value is 0. feature enabled=false
2025-02-28 21:13:44,751 [myid:localhost:10714] - INFO  [main-SendThread(localhost:10714):ClientCnxn$SendThread@1167] - Opening socket connection to server localhost/127.0.0.1:10714.
2025-02-28 21:13:44,751 [myid:localhost:10714] - INFO  [main-SendThread(localhost:10714):ClientCnxn$SendThread@1169] - SASL config status: Will not attempt to authenticate using SASL (unknown error)
2025-02-28 21:13:44,756 [myid:localhost:10714] - INFO  [main-SendThread(localhost:10714):ClientCnxn$SendThread@999] - Socket connection established, initiating session, client: /127.0.0.1:32864, server: localhost/127.0.0.1:10714
2025-02-28 21:13:44,847 [myid:localhost:10714] - INFO  [main-SendThread(localhost:10714):ClientCnxn$SendThread@1433] - Session establishment complete on server localhost/127.0.0.1:10714, session id = 0x3000114c6f30002, negotiated timeout = 7000
2025-02-28 21:13:44,873 [myid:] - INFO  [main:ZooKeeperGrayClientMain@75] - progress = 1, time = 464793451
2025-02-28 21:13:44,900 [myid:] - INFO  [main:ZooKeeperGrayClientMain@75] - progress = 2, time = 492436060
2025-02-28 21:13:44,914 [myid:] - INFO  [main:ZooKeeperGrayClientMain@75] - progress = 3, time = 506177510
2025-02-28 21:13:44,927 [myid:] - INFO  [main:ZooKeeperGrayClientMain@75] - progress = 4, time = 519433062
2025-02-28 21:13:44,940 [myid:] - INFO  [main:ZooKeeperGrayClientMain@75] - progress = 5, time = 531684363
2025-02-28 21:13:44,952 [myid:] - INFO  [main:ZooKeeperGrayClientMain@75] - progress = 6, time = 544396729
2025-02-28 21:13:44,968 [myid:] - INFO  [main:ZooKeeperGrayClientMain@75] - progress = 7, time = 559950183
2025-02-28 21:13:44,985 [myid:] - INFO  [main:ZooKeeperGrayClientMain@75] - progress = 8, time = 576769672
2025-02-28 21:13:44,995 [myid:] - INFO  [main:ZooKeeperGrayClientMain@75] - progress = 9, time = 586753823
2025-02-28 21:13:45,006 [myid:] - INFO  [main:ZooKeeperGrayClientMain@75] - progress = 10, time = 598309705
2025-02-28 21:13:45,025 [myid:] - INFO  [main:ZooKeeperGrayClientMain@75] - progress = 11, time = 617286189
2025-02-28 21:13:45,054 [myid:] - INFO  [main:ZooKeeperGrayClientMain@75] - progress = 12, time = 645792083
2025-02-28 21:13:45,069 [myid:] - INFO  [main:ZooKeeperGrayClientMain@75] - progress = 13, time = 660916130
2025-02-28 21:13:45,100 [myid:] - INFO  [main:ZooKeeperGrayClientMain@75] - progress = 14, time = 692346329
2025-02-28 21:13:45,119 [myid:] - INFO  [main:ZooKeeperGrayClientMain@75] - progress = 15, time = 711147114
2025-02-28 21:13:45,131 [myid:] - INFO  [main:ZooKeeperGrayClientMain@75] - progress = 16, time = 723491601
2025-02-28 21:13:45,148 [myid:] - INFO  [main:ZooKeeperGrayClientMain@75] - progress = 17, time = 739600740
2025-02-28 21:13:45,157 [myid:] - INFO  [main:ZooKeeperGrayClientMain@75] - progress = 18, time = 749080811
2025-02-28 21:13:45,168 [myid:] - INFO  [main:ZooKeeperGrayClientMain@75] - progress = 19, time = 760064849
2025-02-28 21:13:45,188 [myid:] - INFO  [main:ZooKeeperGrayClientMain@75] - progress = 20, time = 779731440
2025-02-28 21:13:45,202 [myid:] - INFO  [main:ZooKeeperGrayClientMain@75] - progress = 21, time = 794322695
2025-02-28 21:13:45,223 [myid:] - INFO  [main:ZooKeeperGrayClientMain@75] - progress = 22, time = 814902855
2025-02-28 21:13:45,238 [myid:] - INFO  [main:ZooKeeperGrayClientMain@75] - progress = 23, time = 830218324
2025-02-28 21:13:45,250 [myid:] - INFO  [main:ZooKeeperGrayClientMain@75] - progress = 24, time = 841777372
2025-02-28 21:13:45,269 [myid:] - INFO  [main:ZooKeeperGrayClientMain@75] - progress = 25, time = 861084189
2025-02-28 21:13:45,293 [myid:] - INFO  [main:ZooKeeperGrayClientMain@75] - progress = 26, time = 885124918
2025-02-28 21:13:45,311 [myid:] - INFO  [main:ZooKeeperGrayClientMain@75] - progress = 27, time = 903463396
2025-02-28 21:13:45,357 [myid:] - INFO  [main:ZooKeeperGrayClientMain@75] - progress = 28, time = 949315844
2025-02-28 21:13:45,376 [myid:] - INFO  [main:ZooKeeperGrayClientMain@75] - progress = 29, time = 967583674
2025-02-28 21:13:45,386 [myid:] - INFO  [main:ZooKeeperGrayClientMain@75] - progress = 30, time = 978299536
2025-02-28 21:13:45,397 [myid:] - INFO  [main:ZooKeeperGrayClientMain@75] - progress = 31, time = 989162950
2025-02-28 21:13:45,405 [myid:] - INFO  [main:ZooKeeperGrayClientMain@75] - progress = 32, time = 996909350
2025-02-28 21:13:45,418 [myid:] - INFO  [main:ZooKeeperGrayClientMain@75] - progress = 33, time = 1010219939
2025-02-28 21:13:45,429 [myid:] - INFO  [main:ZooKeeperGrayClientMain@75] - progress = 34, time = 1021217260
2025-02-28 21:13:45,445 [myid:] - INFO  [main:ZooKeeperGrayClientMain@75] - progress = 35, time = 1037059104
2025-02-28 21:13:45,457 [myid:] - INFO  [main:ZooKeeperGrayClientMain@75] - progress = 36, time = 1048599507
2025-02-28 21:13:45,472 [myid:] - INFO  [main:ZooKeeperGrayClientMain@75] - progress = 37, time = 1064091369
2025-02-28 21:13:45,490 [myid:] - INFO  [main:ZooKeeperGrayClientMain@75] - progress = 38, time = 1082443871
2025-02-28 21:13:45,506 [myid:] - INFO  [main:ZooKeeperGrayClientMain@75] - progress = 39, time = 1098070537
2025-02-28 21:13:45,517 [myid:] - INFO  [main:ZooKeeperGrayClientMain@75] - progress = 40, time = 1109081837
2025-02-28 21:13:45,589 [myid:localhost:10714] - WARN  [main-SendThread(localhost:10714):ClientCnxn$SendThread@1279] - An exception was thrown while closing send thread for session 0x3000114c6f30002.
EndOfStreamException: Unable to read additional data from server sessionid 0x3000114c6f30002, likely server has closed socket
	at org.apache.zookeeper.ClientCnxnSocketNIO.doIO(ClientCnxnSocketNIO.java:77)
	at org.apache.zookeeper.ClientCnxnSocketNIO.doTransport(ClientCnxnSocketNIO.java:350)
	at org.apache.zookeeper.ClientCnxn$SendThread.run(ClientCnxn.java:1275)
2025-02-28 21:13:45,698 [myid:] - INFO  [main:ZooKeeper@1619] - Session: 0x3000114c6f30002 closed
2025-02-28 21:13:45,699 [myid:] - INFO  [main-EventThread:ClientCnxn$EventThread@577] - EventThread shut down for session: 0x3000114c6f30002
